{"numFailedTestSuites":0,"numFailedTests":0,"numPassedTestSuites":1,"numPassedTests":19,"numPendingTestSuites":0,"numPendingTests":0,"numRuntimeErrorTestSuites":0,"numTodoTests":0,"numTotalTestSuites":1,"numTotalTests":19,"openHandles":[],"snapshot":{"added":0,"didUpdate":false,"failure":false,"filesAdded":0,"filesRemoved":0,"filesRemovedList":[],"filesUnmatched":0,"filesUpdated":0,"matched":0,"total":0,"unchecked":0,"uncheckedKeysByFile":[],"unmatched":0,"updated":0},"startTime":1778263599885,"success":true,"testResults":[{"assertionResults":[{"ancestorTitles":["Scanned Prescription Upload"],"duration":3396,"failureDetails":[],"failureMessages":[],"fullName":"Scanned Prescription Upload Secretary can upload scanned prescription for patient in their clinic","invocations":1,"location":null,"numPassingAsserts":19,"retryReasons":[],"status":"passed","title":"Secretary can upload scanned prescription for patient in their clinic"},{"ancestorTitles":["Scanned Prescription Upload"],"duration":2938,"failureDetails":[],"failureMessages":[],"fullName":"Scanned Prescription Upload Patient can retrieve their scanned prescriptions","invocations":1,"location":null,"numPassingAsserts":5,"retryReasons":[],"status":"passed","title":"Patient can retrieve their scanned prescriptions"},{"ancestorTitles":["Scanned Prescription Upload"],"duration":2871,"failureDetails":[],"failureMessages":[],"fullName":"Scanned Prescription Upload Doctor can retrieve clinic scanned prescriptions","invocations":1,"location":null,"numPassingAsserts":4,"retryReasons":[],"status":"passed","title":"Doctor can retrieve clinic scanned prescriptions"},{"ancestorTitles":["Scanned Prescription Upload"],"duration":2881,"failureDetails":[],"failureMessages":[],"fullName":"Scanned Prescription Upload Upload fails without file","invocations":1,"location":null,"numPassingAsserts":3,"retryReasons":[],"status":"passed","title":"Upload fails without file"},{"ancestorTitles":["Scanned Prescription Upload"],"duration":2747,"failureDetails":[],"failureMessages":[],"fullName":"Scanned Prescription Upload Upload fails with invalid file type","invocations":1,"location":null,"numPassingAsserts":3,"retryReasons":[],"status":"passed","title":"Upload fails with invalid file type"},{"ancestorTitles":["Scanned Prescription Upload"],"duration":3176,"failureDetails":[],"failureMessages":[],"fullName":"Scanned Prescription Upload Upload fails with file too large","invocations":1,"location":null,"numPassingAsserts":3,"retryReasons":[],"status":"passed","title":"Upload fails with file too large"},{"ancestorTitles":["Scanned Prescription Upload"],"duration":2775,"failureDetails":[],"failureMessages":[],"fullName":"Scanned Prescription Upload Upload fails for patient not in secretary's clinic","invocations":1,"location":null,"numPassingAsserts":3,"retryReasons":[],"status":"passed","title":"Upload fails for patient not in secretary's clinic"},{"ancestorTitles":["Scanned Prescription Upload"],"duration":2814,"failureDetails":[],"failureMessages":[],"fullName":"Scanned Prescription Upload Upload fails without authentication","invocations":1,"location":null,"numPassingAsserts":1,"retryReasons":[],"status":"passed","title":"Upload fails without authentication"},{"ancestorTitles":["Delete Scanned Prescription"],"duration":2771,"failureDetails":[],"failureMessages":[],"fullName":"Delete Scanned Prescription Secretary can delete scanned prescription from their clinic","invocations":1,"location":null,"numPassingAsserts":5,"retryReasons":[],"status":"passed","title":"Secretary can delete scanned prescription from their clinic"},{"ancestorTitles":["Delete Scanned Prescription"],"duration":2879,"failureDetails":[],"failureMessages":[],"fullName":"Delete Scanned Prescription Doctor can delete scanned prescription from their clinic","invocations":1,"location":null,"numPassingAsserts":4,"retryReasons":[],"status":"passed","title":"Doctor can delete scanned prescription from their clinic"},{"ancestorTitles":["Delete Scanned Prescription"],"duration":3284,"failureDetails":[],"failureMessages":[],"fullName":"Delete Scanned Prescription Delete fails when prescription not found","invocations":1,"location":null,"numPassingAsserts":3,"retryReasons":[],"status":"passed","title":"Delete fails when prescription not found"},{"ancestorTitles":["Delete Scanned Prescription"],"duration":2928,"failureDetails":[],"failureMessages":[],"fullName":"Delete Scanned Prescription Delete fails when user lacks authorization (different clinic)","invocations":1,"location":null,"numPassingAsserts":4,"retryReasons":[],"status":"passed","title":"Delete fails when user lacks authorization (different clinic)"},{"ancestorTitles":["Delete Scanned Prescription"],"duration":2846,"failureDetails":[],"failureMessages":[],"fullName":"Delete Scanned Prescription Delete fails without authentication","invocations":1,"location":null,"numPassingAsserts":1,"retryReasons":[],"status":"passed","title":"Delete fails without authentication"},{"ancestorTitles":["Delete Scanned Prescription"],"duration":2808,"failureDetails":[],"failureMessages":[],"fullName":"Delete Scanned Prescription Delete continues even if Cloudinary deletion fails (graceful degradation)","invocations":1,"location":null,"numPassingAsserts":3,"retryReasons":[],"status":"passed","title":"Delete continues even if Cloudinary deletion fails (graceful degradation)"},{"ancestorTitles":["Doctor Scanned Prescriptions Visibility"],"duration":2874,"failureDetails":[],"failureMessages":[],"fullName":"Doctor Scanned Prescriptions Visibility Doctor retrieves prescriptions by clinicSlug","invocations":1,"location":null,"numPassingAsserts":7,"retryReasons":[],"status":"passed","title":"Doctor retrieves prescriptions by clinicSlug"},{"ancestorTitles":["Doctor Scanned Prescriptions Visibility"],"duration":2808,"failureDetails":[],"failureMessages":[],"fullName":"Doctor Scanned Prescriptions Visibility Doctor can filter prescriptions by patientId","invocations":1,"location":null,"numPassingAsserts":4,"retryReasons":[],"status":"passed","title":"Doctor can filter prescriptions by patientId"},{"ancestorTitles":["Doctor Scanned Prescriptions Visibility"],"duration":2793,"failureDetails":[],"failureMessages":[],"fullName":"Doctor Scanned Prescriptions Visibility Doctor retrieves prescriptions by doctorId when clinicSlug match fails","invocations":1,"location":null,"numPassingAsserts":4,"retryReasons":[],"status":"passed","title":"Doctor retrieves prescriptions by doctorId when clinicSlug match fails"},{"ancestorTitles":["Doctor Scanned Prescriptions Visibility"],"duration":2776,"failureDetails":[],"failureMessages":[],"fullName":"Doctor Scanned Prescriptions Visibility Pagination works correctly for doctor scanned prescriptions","invocations":1,"location":null,"numPassingAsserts":9,"retryReasons":[],"status":"passed","title":"Pagination works correctly for doctor scanned prescriptions"},{"ancestorTitles":["Doctor Scanned Prescriptions Visibility"],"duration":2691,"failureDetails":[],"failureMessages":[],"fullName":"Doctor Scanned Prescriptions Visibility Doctor cannot access prescriptions without authentication","invocations":1,"location":null,"numPassingAsserts":1,"retryReasons":[],"status":"passed","title":"Doctor cannot access prescriptions without authentication"}],"endTime":1778263671067,"message":"","name":"D:\\My-Githup\\doctor-backend\\backend\\tests\\secretary\\scanned-prescription.test.js","startTime":1778263600279,"status":"passed","summary":""}],"wasInterrupted":false}
