{"numFailedTestSuites":0,"numFailedTests":0,"numPassedTestSuites":1,"numPassedTests":12,"numPendingTestSuites":0,"numPendingTests":0,"numRuntimeErrorTestSuites":0,"numTodoTests":0,"numTotalTestSuites":1,"numTotalTests":12,"openHandles":[],"snapshot":{"added":0,"didUpdate":false,"failure":false,"filesAdded":0,"filesRemoved":0,"filesRemovedList":[],"filesUnmatched":0,"filesUpdated":0,"matched":0,"total":0,"unchecked":0,"uncheckedKeysByFile":[],"unmatched":0,"updated":0},"startTime":1778263526408,"success":true,"testResults":[{"assertionResults":[{"ancestorTitles":["Doctor Patient Scanned Prescriptions Endpoint","GET /api/doctors/patients/:patientId/scanned-prescriptions"],"duration":4424,"failureDetails":[],"failureMessages":[],"fullName":"Doctor Patient Scanned Prescriptions Endpoint GET /api/doctors/patients/:patientId/scanned-prescriptions Doctor can fetch scanned prescriptions for their own patient","invocations":1,"location":null,"numPassingAsserts":7,"retryReasons":[],"status":"passed","title":"Doctor can fetch scanned prescriptions for their own patient"},{"ancestorTitles":["Doctor Patient Scanned Prescriptions Endpoint","GET /api/doctors/patients/:patientId/scanned-prescriptions"],"duration":3259,"failureDetails":[],"failureMessages":[],"fullName":"Doctor Patient Scanned Prescriptions Endpoint GET /api/doctors/patients/:patientId/scanned-prescriptions Doctor cannot fetch prescriptions for another doctor's patient","invocations":1,"location":null,"numPassingAsserts":3,"retryReasons":[],"status":"passed","title":"Doctor cannot fetch prescriptions for another doctor's patient"},{"ancestorTitles":["Doctor Patient Scanned Prescriptions Endpoint","GET /api/doctors/patients/:patientId/scanned-prescriptions"],"duration":2738,"failureDetails":[],"failureMessages":[],"fullName":"Doctor Patient Scanned Prescriptions Endpoint GET /api/doctors/patients/:patientId/scanned-prescriptions Returns 404 when patient does not exist","invocations":1,"location":null,"numPassingAsserts":3,"retryReasons":[],"status":"passed","title":"Returns 404 when patient does not exist"},{"ancestorTitles":["Doctor Patient Scanned Prescriptions Endpoint","GET /api/doctors/patients/:patientId/scanned-prescriptions"],"duration":2766,"failureDetails":[],"failureMessages":[],"fullName":"Doctor Patient Scanned Prescriptions Endpoint GET /api/doctors/patients/:patientId/scanned-prescriptions Returns empty list when patient has no scanned prescriptions","invocations":1,"location":null,"numPassingAsserts":4,"retryReasons":[],"status":"passed","title":"Returns empty list when patient has no scanned prescriptions"},{"ancestorTitles":["Doctor Patient Scanned Prescriptions Endpoint","GET /api/doctors/patients/:patientId/scanned-prescriptions"],"duration":3137,"failureDetails":[],"failureMessages":[],"fullName":"Doctor Patient Scanned Prescriptions Endpoint GET /api/doctors/patients/:patientId/scanned-prescriptions Returns 401 when not authenticated","invocations":1,"location":null,"numPassingAsserts":2,"retryReasons":[],"status":"passed","title":"Returns 401 when not authenticated"},{"ancestorTitles":["Doctor Patient Scanned Prescriptions Endpoint","GET /api/doctors/patients/:patientId/scanned-prescriptions"],"duration":2866,"failureDetails":[],"failureMessages":[],"fullName":"Doctor Patient Scanned Prescriptions Endpoint GET /api/doctors/patients/:patientId/scanned-prescriptions Returns 400 when patientId is not provided","invocations":1,"location":null,"numPassingAsserts":1,"retryReasons":[],"status":"passed","title":"Returns 400 when patientId is not provided"},{"ancestorTitles":["Doctor Patient Scanned Prescriptions Endpoint","GET /api/doctors/patients/:patientId/scanned-prescriptions"],"duration":2821,"failureDetails":[],"failureMessages":[],"fullName":"Doctor Patient Scanned Prescriptions Endpoint GET /api/doctors/patients/:patientId/scanned-prescriptions Supports pagination with limit and page parameters","invocations":1,"location":null,"numPassingAsserts":7,"retryReasons":[],"status":"passed","title":"Supports pagination with limit and page parameters"},{"ancestorTitles":["Doctor Patient Scanned Prescriptions Endpoint","GET /api/doctors/patients/:patientId/scanned-prescriptions"],"duration":2831,"failureDetails":[],"failureMessages":[],"fullName":"Doctor Patient Scanned Prescriptions Endpoint GET /api/doctors/patients/:patientId/scanned-prescriptions Returns prescriptions sorted by createdAt in descending order","invocations":1,"location":null,"numPassingAsserts":4,"retryReasons":[],"status":"passed","title":"Returns prescriptions sorted by createdAt in descending order"},{"ancestorTitles":["Doctor Patient Scanned Prescriptions Endpoint","GET /api/doctors/patients/:patientId/scanned-prescriptions"],"duration":2789,"failureDetails":[],"failureMessages":[],"fullName":"Doctor Patient Scanned Prescriptions Endpoint GET /api/doctors/patients/:patientId/scanned-prescriptions Doctor from same clinic can access patient's prescriptions if patient belongs to clinic","invocations":1,"location":null,"numPassingAsserts":2,"retryReasons":[],"status":"passed","title":"Doctor from same clinic can access patient's prescriptions if patient belongs to clinic"},{"ancestorTitles":["Doctor Patient Scanned Prescriptions Endpoint","GET /api/doctors/patients/:patientId/scanned-prescriptions"],"duration":2749,"failureDetails":[],"failureMessages":[],"fullName":"Doctor Patient Scanned Prescriptions Endpoint GET /api/doctors/patients/:patientId/scanned-prescriptions Secretary role cannot access doctor prescriptions endpoint","invocations":1,"location":null,"numPassingAsserts":1,"retryReasons":[],"status":"passed","title":"Secretary role cannot access doctor prescriptions endpoint"},{"ancestorTitles":["Doctor Patient Scanned Prescriptions Endpoint","GET /api/doctors/patients/:patientId/scanned-prescriptions"],"duration":2806,"failureDetails":[],"failureMessages":[],"fullName":"Doctor Patient Scanned Prescriptions Endpoint GET /api/doctors/patients/:patientId/scanned-prescriptions Patient role cannot access doctor prescriptions endpoint","invocations":1,"location":null,"numPassingAsserts":1,"retryReasons":[],"status":"passed","title":"Patient role cannot access doctor prescriptions endpoint"},{"ancestorTitles":["Doctor Patient Scanned Prescriptions Endpoint","GET /api/doctors/patients/:patientId/scanned-prescriptions"],"duration":2774,"failureDetails":[],"failureMessages":[],"fullName":"Doctor Patient Scanned Prescriptions Endpoint GET /api/doctors/patients/:patientId/scanned-prescriptions Invalid patientId format returns appropriate error","invocations":1,"location":null,"numPassingAsserts":3,"retryReasons":[],"status":"passed","title":"Invalid patientId format returns appropriate error"}],"endTime":1778263579088,"message":"","name":"D:\\My-Githup\\doctor-backend\\backend\\tests\\prescriptions\\doctor-patient-prescriptions.test.js","startTime":1778263526734,"status":"passed","summary":""}],"wasInterrupted":false}
