{"D:\\My-Githup\\doctor-backend\\backend\\src\\app.js": {"path":"D:\\My-Githup\\doctor-backend\\backend\\src\\app.js","statementMap":{"0":{"start":{"line":28,"column":12},"end":{"line":28,"column":21}},"1":{"start":{"line":35,"column":0},"end":{"line":35,"column":26}},"2":{"start":{"line":36,"column":0},"end":{"line":36,"column":28}},"3":{"start":{"line":49,"column":21},"end":{"line":49,"column":58}},"4":{"start":{"line":50,"column":20},"end":{"line":50,"column":33}},"5":{"start":{"line":57,"column":23},"end":{"line":64,"column":5}},"6":{"start":{"line":68,"column":2},"end":{"line":68,"column":28}},"7":{"start":{"line":68,"column":15},"end":{"line":68,"column":28}},"8":{"start":{"line":69,"column":2},"end":{"line":69,"column":51}},"9":{"start":{"line":69,"column":39},"end":{"line":69,"column":51}},"10":{"start":{"line":71,"column":2},"end":{"line":92,"column":3}},"11":{"start":{"line":72,"column":16},"end":{"line":72,"column":31}},"12":{"start":{"line":75,"column":4},"end":{"line":79,"column":5}},"13":{"start":{"line":76,"column":6},"end":{"line":78,"column":7}},"14":{"start":{"line":77,"column":8},"end":{"line":77,"column":20}},"15":{"start":{"line":82,"column":4},"end":{"line":89,"column":5}},"16":{"start":{"line":88,"column":6},"end":{"line":88,"column":18}},"17":{"start":{"line":91,"column":4},"end":{"line":91,"column":17}},"18":{"start":{"line":93,"column":2},"end":{"line":93,"column":15}},"19":{"start":{"line":97,"column":20},"end":{"line":122,"column":1}},"20":{"start":{"line":99,"column":4},"end":{"line":101,"column":5}},"21":{"start":{"line":100,"column":6},"end":{"line":100,"column":35}},"22":{"start":{"line":103,"column":4},"end":{"line":105,"column":5}},"23":{"start":{"line":104,"column":6},"end":{"line":104,"column":36}},"24":{"start":{"line":107,"column":4},"end":{"line":107,"column":47}},"25":{"start":{"line":125,"column":0},"end":{"line":125,"column":27}},"26":{"start":{"line":130,"column":0},"end":{"line":136,"column":2}},"27":{"start":{"line":141,"column":0},"end":{"line":154,"column":3}},"28":{"start":{"line":143,"column":2},"end":{"line":143,"column":53}},"29":{"start":{"line":144,"column":2},"end":{"line":144,"column":43}},"30":{"start":{"line":145,"column":2},"end":{"line":145,"column":53}},"31":{"start":{"line":149,"column":2},"end":{"line":151,"column":3}},"32":{"start":{"line":150,"column":4},"end":{"line":150,"column":36}},"33":{"start":{"line":153,"column":2},"end":{"line":153,"column":9}},"34":{"start":{"line":159,"column":0},"end":{"line":182,"column":3}},"35":{"start":{"line":161,"column":17},"end":{"line":161,"column":35}},"36":{"start":{"line":162,"column":17},"end":{"line":162,"column":25}},"37":{"start":{"line":164,"column":2},"end":{"line":180,"column":3}},"38":{"start":{"line":166,"column":4},"end":{"line":172,"column":5}},"39":{"start":{"line":167,"column":6},"end":{"line":171,"column":9}},"40":{"start":{"line":175,"column":4},"end":{"line":179,"column":7}},"41":{"start":{"line":181,"column":2},"end":{"line":181,"column":9}},"42":{"start":{"line":188,"column":0},"end":{"line":188,"column":24}},"43":{"start":{"line":193,"column":0},"end":{"line":193,"column":24}},"44":{"start":{"line":194,"column":0},"end":{"line":194,"column":48}},"45":{"start":{"line":199,"column":0},"end":{"line":199,"column":40}},"46":{"start":{"line":200,"column":0},"end":{"line":200,"column":38}},"47":{"start":{"line":201,"column":0},"end":{"line":201,"column":45}},"48":{"start":{"line":202,"column":0},"end":{"line":202,"column":48}},"49":{"start":{"line":203,"column":0},"end":{"line":203,"column":50}},"50":{"start":{"line":204,"column":0},"end":{"line":204,"column":38}},"51":{"start":{"line":205,"column":0},"end":{"line":205,"column":61}},"52":{"start":{"line":206,"column":0},"end":{"line":206,"column":54}},"53":{"start":{"line":207,"column":0},"end":{"line":207,"column":45}},"54":{"start":{"line":208,"column":0},"end":{"line":208,"column":47}},"55":{"start":{"line":209,"column":0},"end":{"line":209,"column":64}},"56":{"start":{"line":210,"column":0},"end":{"line":210,"column":35}},"57":{"start":{"line":211,"column":0},"end":{"line":211,"column":61}},"58":{"start":{"line":212,"column":0},"end":{"line":212,"column":54}},"59":{"start":{"line":213,"column":0},"end":{"line":213,"column":62}},"60":{"start":{"line":214,"column":0},"end":{"line":214,"column":50}},"61":{"start":{"line":215,"column":0},"end":{"line":215,"column":72}},"62":{"start":{"line":216,"column":0},"end":{"line":216,"column":51}},"63":{"start":{"line":217,"column":0},"end":{"line":217,"column":44}},"64":{"start":{"line":222,"column":0},"end":{"line":229,"column":3}},"65":{"start":{"line":223,"column":2},"end":{"line":228,"column":5}},"66":{"start":{"line":232,"column":0},"end":{"line":238,"column":3}},"67":{"start":{"line":233,"column":2},"end":{"line":237,"column":5}},"68":{"start":{"line":241,"column":0},"end":{"line":251,"column":3}},"69":{"start":{"line":242,"column":2},"end":{"line":250,"column":5}},"70":{"start":{"line":253,"column":0},"end":{"line":253,"column":25}},"71":{"start":{"line":254,"column":0},"end":{"line":254,"column":28}}},"fnMap":{"0":{"name":"isAllowedOrigin","decl":{"start":{"line":67,"column":9},"end":{"line":67,"column":24}},"loc":{"start":{"line":67,"column":33},"end":{"line":94,"column":1}},"line":67},"1":{"name":"(anonymous_1)","decl":{"start":{"line":98,"column":10},"end":{"line":98,"column":11}},"loc":{"start":{"line":98,"column":32},"end":{"line":108,"column":3}},"line":98},"2":{"name":"(anonymous_2)","decl":{"start":{"line":141,"column":8},"end":{"line":141,"column":9}},"loc":{"start":{"line":141,"column":28},"end":{"line":154,"column":1}},"line":141},"3":{"name":"(anonymous_3)","decl":{"start":{"line":159,"column":8},"end":{"line":159,"column":9}},"loc":{"start":{"line":159,"column":28},"end":{"line":182,"column":1}},"line":159},"4":{"name":"(anonymous_4)","decl":{"start":{"line":222,"column":13},"end":{"line":222,"column":14}},"loc":{"start":{"line":222,"column":27},"end":{"line":229,"column":1}},"line":222},"5":{"name":"(anonymous_5)","decl":{"start":{"line":232,"column":19},"end":{"line":232,"column":20}},"loc":{"start":{"line":232,"column":33},"end":{"line":238,"column":1}},"line":232},"6":{"name":"(anonymous_6)","decl":{"start":{"line":241,"column":22},"end":{"line":241,"column":23}},"loc":{"start":{"line":241,"column":36},"end":{"line":251,"column":1}},"line":241}},"branchMap":{"0":{"loc":{"start":{"line":57,"column":23},"end":{"line":64,"column":5}},"type":"cond-expr","locations":[{"start":{"line":58,"column":4},"end":{"line":58,"column":60}},{"start":{"line":59,"column":4},"end":{"line":64,"column":5}}],"line":57},"1":{"loc":{"start":{"line":68,"column":2},"end":{"line":68,"column":28}},"type":"if","locations":[{"start":{"line":68,"column":2},"end":{"line":68,"column":28}},{"start":{},"end":{}}],"line":68},"2":{"loc":{"start":{"line":69,"column":2},"end":{"line":69,"column":51}},"type":"if","locations":[{"start":{"line":69,"column":2},"end":{"line":69,"column":51}},{"start":{},"end":{}}],"line":69},"3":{"loc":{"start":{"line":75,"column":4},"end":{"line":79,"column":5}},"type":"if","locations":[{"start":{"line":75,"column":4},"end":{"line":79,"column":5}},{"start":{},"end":{}}],"line":75},"4":{"loc":{"start":{"line":76,"column":6},"end":{"line":78,"column":7}},"type":"if","locations":[{"start":{"line":76,"column":6},"end":{"line":78,"column":7}},{"start":{},"end":{}}],"line":76},"5":{"loc":{"start":{"line":76,"column":10},"end":{"line":76,"column":73}},"type":"binary-expr","locations":[{"start":{"line":76,"column":10},"end":{"line":76,"column":34}},{"start":{"line":76,"column":38},"end":{"line":76,"column":73}}],"line":76},"6":{"loc":{"start":{"line":82,"column":4},"end":{"line":89,"column":5}},"type":"if","locations":[{"start":{"line":82,"column":4},"end":{"line":89,"column":5}},{"start":{},"end":{}}],"line":82},"7":{"loc":{"start":{"line":83,"column":6},"end":{"line":86,"column":43}},"type":"binary-expr","locations":[{"start":{"line":83,"column":6},"end":{"line":83,"column":31}},{"start":{"line":84,"column":6},"end":{"line":84,"column":46}},{"start":{"line":85,"column":6},"end":{"line":85,"column":34}},{"start":{"line":86,"column":6},"end":{"line":86,"column":43}}],"line":83},"8":{"loc":{"start":{"line":99,"column":4},"end":{"line":101,"column":5}},"type":"if","locations":[{"start":{"line":99,"column":4},"end":{"line":101,"column":5}},{"start":{},"end":{}}],"line":99},"9":{"loc":{"start":{"line":103,"column":4},"end":{"line":105,"column":5}},"type":"if","locations":[{"start":{"line":103,"column":4},"end":{"line":105,"column":5}},{"start":{},"end":{}}],"line":103},"10":{"loc":{"start":{"line":149,"column":2},"end":{"line":151,"column":3}},"type":"if","locations":[{"start":{"line":149,"column":2},"end":{"line":151,"column":3}},{"start":{},"end":{}}],"line":149},"11":{"loc":{"start":{"line":164,"column":2},"end":{"line":180,"column":3}},"type":"if","locations":[{"start":{"line":164,"column":2},"end":{"line":180,"column":3}},{"start":{"line":173,"column":9},"end":{"line":180,"column":3}}],"line":164},"12":{"loc":{"start":{"line":166,"column":4},"end":{"line":172,"column":5}},"type":"if","locations":[{"start":{"line":166,"column":4},"end":{"line":172,"column":5}},{"start":{},"end":{}}],"line":166},"13":{"loc":{"start":{"line":166,"column":8},"end":{"line":166,"column":42}},"type":"binary-expr","locations":[{"start":{"line":166,"column":8},"end":{"line":166,"column":14}},{"start":{"line":166,"column":18},"end":{"line":166,"column":42}}],"line":166},"14":{"loc":{"start":{"line":168,"column":16},"end":{"line":168,"column":32}},"type":"binary-expr","locations":[{"start":{"line":168,"column":16},"end":{"line":168,"column":22}},{"start":{"line":168,"column":26},"end":{"line":168,"column":32}}],"line":168},"15":{"loc":{"start":{"line":176,"column":14},"end":{"line":176,"column":30}},"type":"binary-expr","locations":[{"start":{"line":176,"column":14},"end":{"line":176,"column":20}},{"start":{"line":176,"column":24},"end":{"line":176,"column":30}}],"line":176},"16":{"loc":{"start":{"line":227,"column":9},"end":{"line":227,"column":52}},"type":"cond-expr","locations":[{"start":{"line":227,"column":24},"end":{"line":227,"column":36}},{"start":{"line":227,"column":39},"end":{"line":227,"column":52}}],"line":227},"17":{"loc":{"start":{"line":245,"column":12},"end":{"line":245,"column":45}},"type":"binary-expr","locations":[{"start":{"line":245,"column":12},"end":{"line":245,"column":30}},{"start":{"line":245,"column":34},"end":{"line":245,"column":45}}],"line":245},"18":{"loc":{"start":{"line":247,"column":21},"end":{"line":247,"column":70}},"type":"cond-expr","locations":[{"start":{"line":247,"column":49},"end":{"line":247,"column":58}},{"start":{"line":247,"column":61},"end":{"line":247,"column":70}}],"line":247},"19":{"loc":{"start":{"line":248,"column":19},"end":{"line":248,"column":59}},"type":"binary-expr","locations":[{"start":{"line":248,"column":19},"end":{"line":248,"column":46}},{"start":{"line":248,"column":50},"end":{"line":248,"column":59}}],"line":248}},"s":{"0":11,"1":11,"2":11,"3":11,"4":11,"5":11,"6":0,"7":0,"8":0,"9":0,"10":0,"11":0,"12":0,"13":0,"14":0,"15":0,"16":0,"17":0,"18":0,"19":11,"20":594,"21":594,"22":0,"23":0,"24":0,"25":11,"26":11,"27":11,"28":594,"29":594,"30":594,"31":594,"32":0,"33":594,"34":11,"35":594,"36":594,"37":594,"38":0,"39":0,"40":594,"41":594,"42":11,"43":11,"44":11,"45":11,"46":11,"47":11,"48":11,"49":11,"50":11,"51":11,"52":11,"53":11,"54":11,"55":11,"56":11,"57":11,"58":11,"59":11,"60":11,"61":11,"62":11,"63":11,"64":11,"65":0,"66":11,"67":0,"68":11,"69":0,"70":11,"71":11},"f":{"0":0,"1":594,"2":594,"3":594,"4":0,"5":0,"6":0},"b":{"0":[0,11],"1":[0,0],"2":[0,0],"3":[0,0],"4":[0,0],"5":[0,0],"6":[0,0],"7":[0,0,0,0],"8":[594,0],"9":[0,0],"10":[0,594],"11":[0,594],"12":[0,0],"13":[0,0],"14":[0,0],"15":[594,594],"16":[0,0],"17":[0,0],"18":[0,0],"19":[0,0]},"_coverageSchema":"1a1c01bbd47fc00a2c39e90264f33305004495a9","hash":"1af67deeb131b0f0810fbc57ab350b63e8c9aab5"}
,"D:\\My-Githup\\doctor-backend\\backend\\src\\constants\\roles.js": {"path":"D:\\My-Githup\\doctor-backend\\backend\\src\\constants\\roles.js","statementMap":{"0":{"start":{"line":1,"column":21},"end":{"line":5,"column":2}}},"fnMap":{},"branchMap":{},"s":{"0":11},"f":{},"b":{},"_coverageSchema":"1a1c01bbd47fc00a2c39e90264f33305004495a9","hash":"65b237715c678d8ef5ad5c1208dd2ca60bb835d9"}
,"D:\\My-Githup\\doctor-backend\\backend\\src\\controllers\\adminAnalyticsController.js": {"path":"D:\\My-Githup\\doctor-backend\\backend\\src\\controllers\\adminAnalyticsController.js","statementMap":{"0":{"start":{"line":20,"column":36},"end":{"line":354,"column":1}},"1":{"start":{"line":21,"column":2},"end":{"line":353,"column":3}},"2":{"start":{"line":22,"column":47},"end":{"line":22,"column":56}},"3":{"start":{"line":24,"column":4},"end":{"line":32,"column":6}},"4":{"start":{"line":35,"column":23},"end":{"line":35,"column":25}},"5":{"start":{"line":36,"column":4},"end":{"line":38,"column":5}},"6":{"start":{"line":37,"column":6},"end":{"line":37,"column":44}},"7":{"start":{"line":39,"column":4},"end":{"line":43,"column":5}},"8":{"start":{"line":40,"column":18},"end":{"line":40,"column":35}},"9":{"start":{"line":41,"column":6},"end":{"line":41,"column":36}},"10":{"start":{"line":42,"column":6},"end":{"line":42,"column":28}},"11":{"start":{"line":45,"column":18},"end":{"line":45,"column":46}},"12":{"start":{"line":46,"column":4},"end":{"line":48,"column":5}},"13":{"start":{"line":47,"column":6},"end":{"line":47,"column":35}},"14":{"start":{"line":51,"column":21},"end":{"line":51,"column":23}},"15":{"start":{"line":52,"column":4},"end":{"line":112,"column":5}},"16":{"start":{"line":53,"column":6},"end":{"line":104,"column":9}},"17":{"start":{"line":106,"column":6},"end":{"line":110,"column":8}},"18":{"start":{"line":111,"column":6},"end":{"line":111,"column":22}},"19":{"start":{"line":115,"column":27},"end":{"line":115,"column":29}},"20":{"start":{"line":116,"column":4},"end":{"line":146,"column":5}},"21":{"start":{"line":117,"column":6},"end":{"line":138,"column":9}},"22":{"start":{"line":140,"column":6},"end":{"line":144,"column":8}},"23":{"start":{"line":145,"column":6},"end":{"line":145,"column":28}},"24":{"start":{"line":149,"column":22},"end":{"line":149,"column":24}},"25":{"start":{"line":150,"column":4},"end":{"line":183,"column":5}},"26":{"start":{"line":151,"column":6},"end":{"line":175,"column":9}},"27":{"start":{"line":177,"column":6},"end":{"line":181,"column":8}},"28":{"start":{"line":182,"column":6},"end":{"line":182,"column":23}},"29":{"start":{"line":186,"column":31},"end":{"line":186,"column":33}},"30":{"start":{"line":187,"column":4},"end":{"line":203,"column":5}},"31":{"start":{"line":188,"column":6},"end":{"line":195,"column":16}},"32":{"start":{"line":197,"column":6},"end":{"line":201,"column":8}},"33":{"start":{"line":202,"column":6},"end":{"line":202,"column":32}},"34":{"start":{"line":206,"column":30},"end":{"line":206,"column":32}},"35":{"start":{"line":207,"column":4},"end":{"line":242,"column":5}},"36":{"start":{"line":208,"column":6},"end":{"line":234,"column":9}},"37":{"start":{"line":236,"column":6},"end":{"line":240,"column":8}},"38":{"start":{"line":241,"column":6},"end":{"line":241,"column":31}},"39":{"start":{"line":245,"column":24},"end":{"line":245,"column":26}},"40":{"start":{"line":246,"column":4},"end":{"line":258,"column":5}},"41":{"start":{"line":247,"column":6},"end":{"line":250,"column":9}},"42":{"start":{"line":252,"column":6},"end":{"line":256,"column":8}},"43":{"start":{"line":257,"column":6},"end":{"line":257,"column":25}},"44":{"start":{"line":261,"column":29},"end":{"line":261,"column":30}},"45":{"start":{"line":262,"column":20},"end":{"line":262,"column":21}},"46":{"start":{"line":263,"column":22},"end":{"line":263,"column":23}},"47":{"start":{"line":264,"column":23},"end":{"line":264,"column":24}},"48":{"start":{"line":265,"column":4},"end":{"line":285,"column":5}},"49":{"start":{"line":266,"column":6},"end":{"line":266,"column":68}},"50":{"start":{"line":267,"column":6},"end":{"line":270,"column":9}},"51":{"start":{"line":271,"column":6},"end":{"line":274,"column":9}},"52":{"start":{"line":275,"column":6},"end":{"line":278,"column":9}},"53":{"start":{"line":280,"column":6},"end":{"line":284,"column":8}},"54":{"start":{"line":287,"column":32},"end":{"line":289,"column":9}},"55":{"start":{"line":291,"column":4},"end":{"line":317,"column":7}},"56":{"start":{"line":309,"column":10},"end":{"line":309,"column":37}},"57":{"start":{"line":310,"column":10},"end":{"line":310,"column":21}},"58":{"start":{"line":319,"column":4},"end":{"line":322,"column":6}},"59":{"start":{"line":324,"column":4},"end":{"line":324,"column":79}},"60":{"start":{"line":325,"column":4},"end":{"line":352,"column":7}},"61":{"start":{"line":359,"column":37},"end":{"line":437,"column":1}},"62":{"start":{"line":360,"column":2},"end":{"line":436,"column":3}},"63":{"start":{"line":361,"column":44},"end":{"line":361,"column":53}},"64":{"start":{"line":363,"column":4},"end":{"line":366,"column":7}},"65":{"start":{"line":368,"column":22},"end":{"line":368,"column":32}},"66":{"start":{"line":369,"column":4},"end":{"line":369,"column":60}},"67":{"start":{"line":374,"column":4},"end":{"line":394,"column":5}},"68":{"start":{"line":375,"column":6},"end":{"line":375,"column":28}},"69":{"start":{"line":376,"column":6},"end":{"line":379,"column":8}},"70":{"start":{"line":380,"column":11},"end":{"line":394,"column":5}},"71":{"start":{"line":381,"column":6},"end":{"line":381,"column":27}},"72":{"start":{"line":382,"column":6},"end":{"line":385,"column":8}},"73":{"start":{"line":387,"column":6},"end":{"line":387,"column":30}},"74":{"start":{"line":388,"column":6},"end":{"line":393,"column":8}},"75":{"start":{"line":396,"column":19},"end":{"line":419,"column":6}},"76":{"start":{"line":421,"column":4},"end":{"line":428,"column":7}},"77":{"start":{"line":430,"column":4},"end":{"line":430,"column":74}},"78":{"start":{"line":431,"column":4},"end":{"line":435,"column":7}},"79":{"start":{"line":442,"column":34},"end":{"line":514,"column":1}},"80":{"start":{"line":443,"column":2},"end":{"line":513,"column":3}},"81":{"start":{"line":444,"column":51},"end":{"line":444,"column":60}},"82":{"start":{"line":446,"column":4},"end":{"line":449,"column":7}},"83":{"start":{"line":451,"column":23},"end":{"line":451,"column":25}},"84":{"start":{"line":452,"column":4},"end":{"line":454,"column":5}},"85":{"start":{"line":453,"column":6},"end":{"line":453,"column":44}},"86":{"start":{"line":455,"column":4},"end":{"line":459,"column":5}},"87":{"start":{"line":456,"column":18},"end":{"line":456,"column":35}},"88":{"start":{"line":457,"column":6},"end":{"line":457,"column":36}},"89":{"start":{"line":458,"column":6},"end":{"line":458,"column":28}},"90":{"start":{"line":461,"column":18},"end":{"line":461,"column":46}},"91":{"start":{"line":462,"column":4},"end":{"line":464,"column":5}},"92":{"start":{"line":463,"column":6},"end":{"line":463,"column":35}},"93":{"start":{"line":467,"column":26},"end":{"line":471,"column":19}},"94":{"start":{"line":474,"column":20},"end":{"line":482,"column":5}},"95":{"start":{"line":484,"column":17},"end":{"line":494,"column":6}},"96":{"start":{"line":484,"column":42},"end":{"line":494,"column":5}},"97":{"start":{"line":496,"column":16},"end":{"line":498,"column":17}},"98":{"start":{"line":497,"column":20},"end":{"line":497,"column":60}},"99":{"start":{"line":497,"column":38},"end":{"line":497,"column":49}},"100":{"start":{"line":500,"column":4},"end":{"line":500,"column":61}},"101":{"start":{"line":501,"column":4},"end":{"line":504,"column":6}},"102":{"start":{"line":505,"column":4},"end":{"line":505,"column":18}},"103":{"start":{"line":507,"column":4},"end":{"line":507,"column":75}},"104":{"start":{"line":508,"column":4},"end":{"line":512,"column":7}},"105":{"start":{"line":520,"column":2},"end":{"line":520,"column":27}},"106":{"start":{"line":520,"column":14},"end":{"line":520,"column":27}},"107":{"start":{"line":521,"column":18},"end":{"line":521,"column":48}},"108":{"start":{"line":522,"column":16},"end":{"line":522,"column":39}},"109":{"start":{"line":523,"column":14},"end":{"line":523,"column":51}},"110":{"start":{"line":524,"column":2},"end":{"line":524,"column":59}}},"fnMap":{"0":{"name":"(anonymous_0)","decl":{"start":{"line":20,"column":36},"end":{"line":20,"column":37}},"loc":{"start":{"line":20,"column":56},"end":{"line":354,"column":1}},"line":20},"1":{"name":"(anonymous_1)","decl":{"start":{"line":308,"column":44},"end":{"line":308,"column":45}},"loc":{"start":{"line":308,"column":59},"end":{"line":311,"column":9}},"line":308},"2":{"name":"(anonymous_2)","decl":{"start":{"line":359,"column":37},"end":{"line":359,"column":38}},"loc":{"start":{"line":359,"column":57},"end":{"line":437,"column":1}},"line":359},"3":{"name":"(anonymous_3)","decl":{"start":{"line":442,"column":34},"end":{"line":442,"column":35}},"loc":{"start":{"line":442,"column":54},"end":{"line":514,"column":1}},"line":442},"4":{"name":"(anonymous_4)","decl":{"start":{"line":484,"column":35},"end":{"line":484,"column":36}},"loc":{"start":{"line":484,"column":42},"end":{"line":494,"column":5}},"line":484},"5":{"name":"(anonymous_5)","decl":{"start":{"line":497,"column":11},"end":{"line":497,"column":12}},"loc":{"start":{"line":497,"column":20},"end":{"line":497,"column":60}},"line":497},"6":{"name":"(anonymous_6)","decl":{"start":{"line":497,"column":28},"end":{"line":497,"column":29}},"loc":{"start":{"line":497,"column":38},"end":{"line":497,"column":49}},"line":497},"7":{"name":"maskPhoneNumber","decl":{"start":{"line":519,"column":9},"end":{"line":519,"column":24}},"loc":{"start":{"line":519,"column":32},"end":{"line":525,"column":1}},"line":519}},"branchMap":{"0":{"loc":{"start":{"line":22,"column":32},"end":{"line":22,"column":42}},"type":"default-arg","locations":[{"start":{"line":22,"column":40},"end":{"line":22,"column":42}}],"line":22},"1":{"loc":{"start":{"line":36,"column":4},"end":{"line":38,"column":5}},"type":"if","locations":[{"start":{"line":36,"column":4},"end":{"line":38,"column":5}},{"start":{},"end":{}}],"line":36},"2":{"loc":{"start":{"line":39,"column":4},"end":{"line":43,"column":5}},"type":"if","locations":[{"start":{"line":39,"column":4},"end":{"line":43,"column":5}},{"start":{},"end":{}}],"line":39},"3":{"loc":{"start":{"line":46,"column":4},"end":{"line":48,"column":5}},"type":"if","locations":[{"start":{"line":46,"column":4},"end":{"line":48,"column":5}},{"start":{},"end":{}}],"line":46},"4":{"loc":{"start":{"line":287,"column":32},"end":{"line":289,"column":9}},"type":"cond-expr","locations":[{"start":{"line":288,"column":8},"end":{"line":288,"column":71}},{"start":{"line":289,"column":8},"end":{"line":289,"column":9}}],"line":287},"5":{"loc":{"start":{"line":361,"column":12},"end":{"line":361,"column":28}},"type":"default-arg","locations":[{"start":{"line":361,"column":21},"end":{"line":361,"column":28}}],"line":361},"6":{"loc":{"start":{"line":361,"column":30},"end":{"line":361,"column":39}},"type":"default-arg","locations":[{"start":{"line":361,"column":37},"end":{"line":361,"column":39}}],"line":361},"7":{"loc":{"start":{"line":374,"column":4},"end":{"line":394,"column":5}},"type":"if","locations":[{"start":{"line":374,"column":4},"end":{"line":394,"column":5}},{"start":{"line":380,"column":11},"end":{"line":394,"column":5}}],"line":374},"8":{"loc":{"start":{"line":380,"column":11},"end":{"line":394,"column":5}},"type":"if","locations":[{"start":{"line":380,"column":11},"end":{"line":394,"column":5}},{"start":{"line":386,"column":11},"end":{"line":394,"column":5}}],"line":380},"9":{"loc":{"start":{"line":452,"column":4},"end":{"line":454,"column":5}},"type":"if","locations":[{"start":{"line":452,"column":4},"end":{"line":454,"column":5}},{"start":{},"end":{}}],"line":452},"10":{"loc":{"start":{"line":455,"column":4},"end":{"line":459,"column":5}},"type":"if","locations":[{"start":{"line":455,"column":4},"end":{"line":459,"column":5}},{"start":{},"end":{}}],"line":455},"11":{"loc":{"start":{"line":462,"column":4},"end":{"line":464,"column":5}},"type":"if","locations":[{"start":{"line":462,"column":4},"end":{"line":464,"column":5}},{"start":{},"end":{}}],"line":462},"12":{"loc":{"start":{"line":487,"column":6},"end":{"line":487,"column":31}},"type":"binary-expr","locations":[{"start":{"line":487,"column":6},"end":{"line":487,"column":22}},{"start":{"line":487,"column":26},"end":{"line":487,"column":31}}],"line":487},"13":{"loc":{"start":{"line":488,"column":6},"end":{"line":488,"column":32}},"type":"binary-expr","locations":[{"start":{"line":488,"column":6},"end":{"line":488,"column":23}},{"start":{"line":488,"column":27},"end":{"line":488,"column":32}}],"line":488},"14":{"loc":{"start":{"line":491,"column":6},"end":{"line":493,"column":19}},"type":"cond-expr","locations":[{"start":{"line":492,"column":10},"end":{"line":492,"column":65}},{"start":{"line":493,"column":10},"end":{"line":493,"column":19}}],"line":491},"15":{"loc":{"start":{"line":520,"column":2},"end":{"line":520,"column":27}},"type":"if","locations":[{"start":{"line":520,"column":2},"end":{"line":520,"column":27}},{"start":{},"end":{}}],"line":520}},"s":{"0":11,"1":0,"2":0,"3":0,"4":0,"5":0,"6":0,"7":0,"8":0,"9":0,"10":0,"11":0,"12":0,"13":0,"14":0,"15":0,"16":0,"17":0,"18":0,"19":0,"20":0,"21":0,"22":0,"23":0,"24":0,"25":0,"26":0,"27":0,"28":0,"29":0,"30":0,"31":0,"32":0,"33":0,"34":0,"35":0,"36":0,"37":0,"38":0,"39":0,"40":0,"41":0,"42":0,"43":0,"44":0,"45":0,"46":0,"47":0,"48":0,"49":0,"50":0,"51":0,"52":0,"53":0,"54":0,"55":0,"56":0,"57":0,"58":0,"59":0,"60":0,"61":11,"62":0,"63":0,"64":0,"65":0,"66":0,"67":0,"68":0,"69":0,"70":0,"71":0,"72":0,"73":0,"74":0,"75":0,"76":0,"77":0,"78":0,"79":11,"80":0,"81":0,"82":0,"83":0,"84":0,"85":0,"86":0,"87":0,"88":0,"89":0,"90":0,"91":0,"92":0,"93":0,"94":0,"95":0,"96":0,"97":0,"98":0,"99":0,"100":0,"101":0,"102":0,"103":0,"104":0,"105":0,"106":0,"107":0,"108":0,"109":0,"110":0},"f":{"0":0,"1":0,"2":0,"3":0,"4":0,"5":0,"6":0,"7":0},"b":{"0":[0],"1":[0,0],"2":[0,0],"3":[0,0],"4":[0,0],"5":[0],"6":[0],"7":[0,0],"8":[0,0],"9":[0,0],"10":[0,0],"11":[0,0],"12":[0,0],"13":[0,0],"14":[0,0],"15":[0,0]},"_coverageSchema":"1a1c01bbd47fc00a2c39e90264f33305004495a9","hash":"abca52d20a5628dec1e73d40926b69bacaf4eceb"}
,"D:\\My-Githup\\doctor-backend\\backend\\src\\controllers\\adminController.js": {"path":"D:\\My-Githup\\doctor-backend\\backend\\src\\controllers\\adminController.js","statementMap":{"0":{"start":{"line":8,"column":0},"end":{"line":10,"column":2}},"1":{"start":{"line":32,"column":35},"end":{"line":151,"column":1}},"2":{"start":{"line":33,"column":2},"end":{"line":150,"column":3}},"3":{"start":{"line":40,"column":8},"end":{"line":40,"column":16}},"4":{"start":{"line":43,"column":4},"end":{"line":49,"column":5}},"5":{"start":{"line":44,"column":6},"end":{"line":48,"column":9}},"6":{"start":{"line":52,"column":21},"end":{"line":52,"column":52}},"7":{"start":{"line":53,"column":4},"end":{"line":59,"column":5}},"8":{"start":{"line":54,"column":6},"end":{"line":58,"column":9}},"9":{"start":{"line":63,"column":6},"end":{"line":67,"column":36}},"10":{"start":{"line":70,"column":23},"end":{"line":70,"column":28}},"11":{"start":{"line":71,"column":18},"end":{"line":71,"column":19}},"12":{"start":{"line":72,"column":25},"end":{"line":72,"column":35}},"13":{"start":{"line":74,"column":4},"end":{"line":83,"column":5}},"14":{"start":{"line":75,"column":27},"end":{"line":75,"column":63}},"15":{"start":{"line":76,"column":6},"end":{"line":82,"column":7}},"16":{"start":{"line":77,"column":8},"end":{"line":77,"column":28}},"17":{"start":{"line":79,"column":8},"end":{"line":79,"column":18}},"18":{"start":{"line":81,"column":8},"end":{"line":81,"column":50}},"19":{"start":{"line":85,"column":4},"end":{"line":91,"column":5}},"20":{"start":{"line":86,"column":6},"end":{"line":90,"column":9}},"21":{"start":{"line":95,"column":6},"end":{"line":97,"column":60}},"22":{"start":{"line":100,"column":19},"end":{"line":107,"column":6}},"23":{"start":{"line":109,"column":4},"end":{"line":115,"column":7}},"24":{"start":{"line":117,"column":4},"end":{"line":133,"column":7}},"25":{"start":{"line":135,"column":4},"end":{"line":135,"column":56}},"26":{"start":{"line":137,"column":4},"end":{"line":143,"column":5}},"27":{"start":{"line":138,"column":6},"end":{"line":142,"column":9}},"28":{"start":{"line":145,"column":4},"end":{"line":149,"column":7}},"29":{"start":{"line":165,"column":39},"end":{"line":230,"column":1}},"30":{"start":{"line":166,"column":2},"end":{"line":229,"column":3}},"31":{"start":{"line":167,"column":25},"end":{"line":167,"column":35}},"32":{"start":{"line":168,"column":23},"end":{"line":168,"column":31}},"33":{"start":{"line":170,"column":4},"end":{"line":176,"column":5}},"34":{"start":{"line":171,"column":6},"end":{"line":175,"column":9}},"35":{"start":{"line":178,"column":19},"end":{"line":178,"column":50}},"36":{"start":{"line":180,"column":4},"end":{"line":186,"column":5}},"37":{"start":{"line":181,"column":6},"end":{"line":185,"column":9}},"38":{"start":{"line":188,"column":4},"end":{"line":194,"column":5}},"39":{"start":{"line":189,"column":6},"end":{"line":193,"column":9}},"40":{"start":{"line":197,"column":4},"end":{"line":197,"column":28}},"41":{"start":{"line":198,"column":4},"end":{"line":198,"column":38}},"42":{"start":{"line":199,"column":4},"end":{"line":199,"column":24}},"43":{"start":{"line":201,"column":4},"end":{"line":208,"column":7}},"44":{"start":{"line":210,"column":4},"end":{"line":221,"column":7}},"45":{"start":{"line":223,"column":4},"end":{"line":223,"column":60}},"46":{"start":{"line":224,"column":4},"end":{"line":228,"column":7}},"47":{"start":{"line":241,"column":39},"end":{"line":302,"column":1}},"48":{"start":{"line":242,"column":2},"end":{"line":301,"column":3}},"49":{"start":{"line":243,"column":25},"end":{"line":243,"column":35}},"50":{"start":{"line":245,"column":4},"end":{"line":251,"column":5}},"51":{"start":{"line":246,"column":6},"end":{"line":250,"column":9}},"52":{"start":{"line":253,"column":19},"end":{"line":253,"column":50}},"53":{"start":{"line":255,"column":4},"end":{"line":261,"column":5}},"54":{"start":{"line":256,"column":6},"end":{"line":260,"column":9}},"55":{"start":{"line":263,"column":4},"end":{"line":269,"column":5}},"56":{"start":{"line":264,"column":6},"end":{"line":268,"column":9}},"57":{"start":{"line":272,"column":4},"end":{"line":272,"column":27}},"58":{"start":{"line":273,"column":4},"end":{"line":273,"column":32}},"59":{"start":{"line":274,"column":4},"end":{"line":274,"column":24}},"60":{"start":{"line":276,"column":4},"end":{"line":281,"column":7}},"61":{"start":{"line":283,"column":4},"end":{"line":293,"column":7}},"62":{"start":{"line":295,"column":4},"end":{"line":295,"column":60}},"63":{"start":{"line":296,"column":4},"end":{"line":300,"column":7}},"64":{"start":{"line":309,"column":30},"end":{"line":347,"column":1}},"65":{"start":{"line":310,"column":2},"end":{"line":346,"column":3}},"66":{"start":{"line":311,"column":20},"end":{"line":313,"column":30}},"67":{"start":{"line":315,"column":30},"end":{"line":327,"column":6}},"68":{"start":{"line":316,"column":18},"end":{"line":316,"column":35}},"69":{"start":{"line":318,"column":8},"end":{"line":320,"column":35}},"70":{"start":{"line":322,"column":6},"end":{"line":326,"column":8}},"71":{"start":{"line":329,"column":4},"end":{"line":338,"column":7}},"72":{"start":{"line":334,"column":48},"end":{"line":334,"column":58}},"73":{"start":{"line":335,"column":50},"end":{"line":335,"column":61}},"74":{"start":{"line":340,"column":4},"end":{"line":340,"column":51}},"75":{"start":{"line":341,"column":4},"end":{"line":345,"column":7}},"76":{"start":{"line":353,"column":29},"end":{"line":390,"column":1}},"77":{"start":{"line":354,"column":2},"end":{"line":389,"column":3}},"78":{"start":{"line":355,"column":25},"end":{"line":355,"column":35}},"79":{"start":{"line":357,"column":19},"end":{"line":357,"column":70}},"80":{"start":{"line":359,"column":4},"end":{"line":365,"column":5}},"81":{"start":{"line":360,"column":6},"end":{"line":364,"column":9}},"82":{"start":{"line":367,"column":4},"end":{"line":381,"column":7}},"83":{"start":{"line":383,"column":4},"end":{"line":383,"column":50}},"84":{"start":{"line":384,"column":4},"end":{"line":388,"column":7}},"85":{"start":{"line":404,"column":44},"end":{"line":462,"column":1}},"86":{"start":{"line":405,"column":2},"end":{"line":461,"column":3}},"87":{"start":{"line":406,"column":25},"end":{"line":406,"column":35}},"88":{"start":{"line":407,"column":30},"end":{"line":407,"column":38}},"89":{"start":{"line":409,"column":4},"end":{"line":415,"column":5}},"90":{"start":{"line":410,"column":6},"end":{"line":414,"column":9}},"91":{"start":{"line":417,"column":4},"end":{"line":424,"column":5}},"92":{"start":{"line":418,"column":6},"end":{"line":423,"column":9}},"93":{"start":{"line":426,"column":19},"end":{"line":426,"column":59}},"94":{"start":{"line":428,"column":4},"end":{"line":434,"column":5}},"95":{"start":{"line":429,"column":6},"end":{"line":433,"column":9}},"96":{"start":{"line":436,"column":4},"end":{"line":441,"column":7}},"97":{"start":{"line":443,"column":4},"end":{"line":453,"column":7}},"98":{"start":{"line":455,"column":4},"end":{"line":455,"column":65}},"99":{"start":{"line":456,"column":4},"end":{"line":460,"column":7}},"100":{"start":{"line":464,"column":26},"end":{"line":506,"column":1}},"101":{"start":{"line":465,"column":30},"end":{"line":465,"column":38}},"102":{"start":{"line":467,"column":2},"end":{"line":505,"column":3}},"103":{"start":{"line":468,"column":18},"end":{"line":468,"column":48}},"104":{"start":{"line":470,"column":4},"end":{"line":475,"column":5}},"105":{"start":{"line":471,"column":6},"end":{"line":474,"column":9}},"106":{"start":{"line":477,"column":20},"end":{"line":477,"column":68}},"107":{"start":{"line":479,"column":4},"end":{"line":484,"column":5}},"108":{"start":{"line":480,"column":6},"end":{"line":483,"column":9}},"109":{"start":{"line":486,"column":18},"end":{"line":490,"column":5}},"110":{"start":{"line":492,"column":4},"end":{"line":499,"column":7}},"111":{"start":{"line":501,"column":4},"end":{"line":504,"column":7}}},"fnMap":{"0":{"name":"(anonymous_0)","decl":{"start":{"line":32,"column":35},"end":{"line":32,"column":36}},"loc":{"start":{"line":32,"column":55},"end":{"line":151,"column":1}},"line":32},"1":{"name":"(anonymous_1)","decl":{"start":{"line":165,"column":39},"end":{"line":165,"column":40}},"loc":{"start":{"line":165,"column":59},"end":{"line":230,"column":1}},"line":165},"2":{"name":"(anonymous_2)","decl":{"start":{"line":241,"column":39},"end":{"line":241,"column":40}},"loc":{"start":{"line":241,"column":59},"end":{"line":302,"column":1}},"line":241},"3":{"name":"(anonymous_3)","decl":{"start":{"line":309,"column":30},"end":{"line":309,"column":31}},"loc":{"start":{"line":309,"column":50},"end":{"line":347,"column":1}},"line":309},"4":{"name":"(anonymous_4)","decl":{"start":{"line":315,"column":42},"end":{"line":315,"column":43}},"loc":{"start":{"line":315,"column":54},"end":{"line":327,"column":5}},"line":315},"5":{"name":"(anonymous_5)","decl":{"start":{"line":334,"column":41},"end":{"line":334,"column":42}},"loc":{"start":{"line":334,"column":48},"end":{"line":334,"column":58}},"line":334},"6":{"name":"(anonymous_6)","decl":{"start":{"line":335,"column":43},"end":{"line":335,"column":44}},"loc":{"start":{"line":335,"column":50},"end":{"line":335,"column":61}},"line":335},"7":{"name":"(anonymous_7)","decl":{"start":{"line":353,"column":29},"end":{"line":353,"column":30}},"loc":{"start":{"line":353,"column":49},"end":{"line":390,"column":1}},"line":353},"8":{"name":"(anonymous_8)","decl":{"start":{"line":404,"column":44},"end":{"line":404,"column":45}},"loc":{"start":{"line":404,"column":64},"end":{"line":462,"column":1}},"line":404},"9":{"name":"(anonymous_9)","decl":{"start":{"line":464,"column":26},"end":{"line":464,"column":27}},"loc":{"start":{"line":464,"column":46},"end":{"line":506,"column":1}},"line":464}},"branchMap":{"0":{"loc":{"start":{"line":43,"column":4},"end":{"line":49,"column":5}},"type":"if","locations":[{"start":{"line":43,"column":4},"end":{"line":49,"column":5}},{"start":{},"end":{}}],"line":43},"1":{"loc":{"start":{"line":43,"column":8},"end":{"line":43,"column":23}},"type":"binary-expr","locations":[{"start":{"line":43,"column":8},"end":{"line":43,"column":13}},{"start":{"line":43,"column":17},"end":{"line":43,"column":23}}],"line":43},"2":{"loc":{"start":{"line":53,"column":4},"end":{"line":59,"column":5}},"type":"if","locations":[{"start":{"line":53,"column":4},"end":{"line":59,"column":5}},{"start":{},"end":{}}],"line":53},"3":{"loc":{"start":{"line":63,"column":6},"end":{"line":67,"column":36}},"type":"binary-expr","locations":[{"start":{"line":63,"column":6},"end":{"line":63,"column":16}},{"start":{"line":64,"column":6},"end":{"line":67,"column":36}}],"line":63},"4":{"loc":{"start":{"line":74,"column":11},"end":{"line":74,"column":40}},"type":"binary-expr","locations":[{"start":{"line":74,"column":11},"end":{"line":74,"column":24}},{"start":{"line":74,"column":28},"end":{"line":74,"column":40}}],"line":74},"5":{"loc":{"start":{"line":76,"column":6},"end":{"line":82,"column":7}},"type":"if","locations":[{"start":{"line":76,"column":6},"end":{"line":82,"column":7}},{"start":{"line":78,"column":13},"end":{"line":82,"column":7}}],"line":76},"6":{"loc":{"start":{"line":85,"column":4},"end":{"line":91,"column":5}},"type":"if","locations":[{"start":{"line":85,"column":4},"end":{"line":91,"column":5}},{"start":{},"end":{}}],"line":85},"7":{"loc":{"start":{"line":95,"column":6},"end":{"line":97,"column":60}},"type":"binary-expr","locations":[{"start":{"line":95,"column":6},"end":{"line":95,"column":20}},{"start":{"line":96,"column":6},"end":{"line":97,"column":60}}],"line":95},"8":{"loc":{"start":{"line":125,"column":16},"end":{"line":125,"column":55}},"type":"cond-expr","locations":[{"start":{"line":125,"column":34},"end":{"line":125,"column":42}},{"start":{"line":125,"column":45},"end":{"line":125,"column":55}}],"line":125},"9":{"loc":{"start":{"line":128,"column":27},"end":{"line":128,"column":73}},"type":"cond-expr","locations":[{"start":{"line":128,"column":44},"end":{"line":128,"column":53}},{"start":{"line":128,"column":56},"end":{"line":128,"column":73}}],"line":128},"10":{"loc":{"start":{"line":129,"column":14},"end":{"line":131,"column":90}},"type":"cond-expr","locations":[{"start":{"line":130,"column":12},"end":{"line":130,"column":37}},{"start":{"line":131,"column":12},"end":{"line":131,"column":90}}],"line":129},"11":{"loc":{"start":{"line":137,"column":4},"end":{"line":143,"column":5}},"type":"if","locations":[{"start":{"line":137,"column":4},"end":{"line":143,"column":5}},{"start":{},"end":{}}],"line":137},"12":{"loc":{"start":{"line":170,"column":4},"end":{"line":176,"column":5}},"type":"if","locations":[{"start":{"line":170,"column":4},"end":{"line":176,"column":5}},{"start":{},"end":{}}],"line":170},"13":{"loc":{"start":{"line":180,"column":4},"end":{"line":186,"column":5}},"type":"if","locations":[{"start":{"line":180,"column":4},"end":{"line":186,"column":5}},{"start":{},"end":{}}],"line":180},"14":{"loc":{"start":{"line":188,"column":4},"end":{"line":194,"column":5}},"type":"if","locations":[{"start":{"line":188,"column":4},"end":{"line":194,"column":5}},{"start":{},"end":{}}],"line":188},"15":{"loc":{"start":{"line":205,"column":14},"end":{"line":205,"column":39}},"type":"binary-expr","locations":[{"start":{"line":205,"column":14},"end":{"line":205,"column":20}},{"start":{"line":205,"column":24},"end":{"line":205,"column":39}}],"line":205},"16":{"loc":{"start":{"line":245,"column":4},"end":{"line":251,"column":5}},"type":"if","locations":[{"start":{"line":245,"column":4},"end":{"line":251,"column":5}},{"start":{},"end":{}}],"line":245},"17":{"loc":{"start":{"line":255,"column":4},"end":{"line":261,"column":5}},"type":"if","locations":[{"start":{"line":255,"column":4},"end":{"line":261,"column":5}},{"start":{},"end":{}}],"line":255},"18":{"loc":{"start":{"line":263,"column":4},"end":{"line":269,"column":5}},"type":"if","locations":[{"start":{"line":263,"column":4},"end":{"line":269,"column":5}},{"start":{},"end":{}}],"line":263},"19":{"loc":{"start":{"line":318,"column":8},"end":{"line":320,"column":35}},"type":"cond-expr","locations":[{"start":{"line":319,"column":12},"end":{"line":319,"column":24}},{"start":{"line":320,"column":12},"end":{"line":320,"column":35}}],"line":318},"20":{"loc":{"start":{"line":325,"column":16},"end":{"line":325,"column":58}},"type":"cond-expr","locations":[{"start":{"line":325,"column":37},"end":{"line":325,"column":45}},{"start":{"line":325,"column":48},"end":{"line":325,"column":58}}],"line":325},"21":{"loc":{"start":{"line":359,"column":4},"end":{"line":365,"column":5}},"type":"if","locations":[{"start":{"line":359,"column":4},"end":{"line":365,"column":5}},{"start":{},"end":{}}],"line":359},"22":{"loc":{"start":{"line":409,"column":4},"end":{"line":415,"column":5}},"type":"if","locations":[{"start":{"line":409,"column":4},"end":{"line":415,"column":5}},{"start":{},"end":{}}],"line":409},"23":{"loc":{"start":{"line":417,"column":4},"end":{"line":424,"column":5}},"type":"if","locations":[{"start":{"line":417,"column":4},"end":{"line":424,"column":5}},{"start":{},"end":{}}],"line":417},"24":{"loc":{"start":{"line":428,"column":4},"end":{"line":434,"column":5}},"type":"if","locations":[{"start":{"line":428,"column":4},"end":{"line":434,"column":5}},{"start":{},"end":{}}],"line":428},"25":{"loc":{"start":{"line":470,"column":4},"end":{"line":475,"column":5}},"type":"if","locations":[{"start":{"line":470,"column":4},"end":{"line":475,"column":5}},{"start":{},"end":{}}],"line":470},"26":{"loc":{"start":{"line":479,"column":4},"end":{"line":484,"column":5}},"type":"if","locations":[{"start":{"line":479,"column":4},"end":{"line":484,"column":5}},{"start":{},"end":{}}],"line":479}},"s":{"0":11,"1":11,"2":0,"3":0,"4":0,"5":0,"6":0,"7":0,"8":0,"9":0,"10":0,"11":0,"12":0,"13":0,"14":0,"15":0,"16":0,"17":0,"18":0,"19":0,"20":0,"21":0,"22":0,"23":0,"24":0,"25":0,"26":0,"27":0,"28":0,"29":11,"30":0,"31":0,"32":0,"33":0,"34":0,"35":0,"36":0,"37":0,"38":0,"39":0,"40":0,"41":0,"42":0,"43":0,"44":0,"45":0,"46":0,"47":11,"48":0,"49":0,"50":0,"51":0,"52":0,"53":0,"54":0,"55":0,"56":0,"57":0,"58":0,"59":0,"60":0,"61":0,"62":0,"63":0,"64":11,"65":0,"66":0,"67":0,"68":0,"69":0,"70":0,"71":0,"72":0,"73":0,"74":0,"75":0,"76":11,"77":0,"78":0,"79":0,"80":0,"81":0,"82":0,"83":0,"84":0,"85":11,"86":0,"87":0,"88":0,"89":0,"90":0,"91":0,"92":0,"93":0,"94":0,"95":0,"96":0,"97":0,"98":0,"99":0,"100":11,"101":0,"102":0,"103":0,"104":0,"105":0,"106":0,"107":0,"108":0,"109":0,"110":0,"111":0},"f":{"0":0,"1":0,"2":0,"3":0,"4":0,"5":0,"6":0,"7":0,"8":0,"9":0},"b":{"0":[0,0],"1":[0,0],"2":[0,0],"3":[0,0],"4":[0,0],"5":[0,0],"6":[0,0],"7":[0,0],"8":[0,0],"9":[0,0],"10":[0,0],"11":[0,0],"12":[0,0],"13":[0,0],"14":[0,0],"15":[0,0],"16":[0,0],"17":[0,0],"18":[0,0],"19":[0,0],"20":[0,0],"21":[0,0],"22":[0,0],"23":[0,0],"24":[0,0],"25":[0,0],"26":[0,0]},"_coverageSchema":"1a1c01bbd47fc00a2c39e90264f33305004495a9","hash":"8e578acf75bf39645027f7cdfc8dd2f912e089e9"}
,"D:\\My-Githup\\doctor-backend\\backend\\src\\controllers\\adminNotificationController.js": {"path":"D:\\My-Githup\\doctor-backend\\backend\\src\\controllers\\adminNotificationController.js","statementMap":{"0":{"start":{"line":13,"column":37},"end":{"line":148,"column":1}},"1":{"start":{"line":14,"column":2},"end":{"line":147,"column":3}},"2":{"start":{"line":28,"column":8},"end":{"line":28,"column":17}},"3":{"start":{"line":31,"column":18},"end":{"line":31,"column":46}},"4":{"start":{"line":34,"column":4},"end":{"line":36,"column":5}},"5":{"start":{"line":35,"column":6},"end":{"line":35,"column":32}},"6":{"start":{"line":39,"column":4},"end":{"line":41,"column":5}},"7":{"start":{"line":40,"column":6},"end":{"line":40,"column":34}},"8":{"start":{"line":44,"column":4},"end":{"line":46,"column":5}},"9":{"start":{"line":45,"column":6},"end":{"line":45,"column":24}},"10":{"start":{"line":49,"column":4},"end":{"line":51,"column":5}},"11":{"start":{"line":50,"column":6},"end":{"line":50,"column":28}},"12":{"start":{"line":54,"column":4},"end":{"line":56,"column":5}},"13":{"start":{"line":55,"column":6},"end":{"line":55,"column":42}},"14":{"start":{"line":59,"column":4},"end":{"line":67,"column":5}},"15":{"start":{"line":60,"column":6},"end":{"line":60,"column":27}},"16":{"start":{"line":61,"column":6},"end":{"line":63,"column":7}},"17":{"start":{"line":62,"column":8},"end":{"line":62,"column":51}},"18":{"start":{"line":64,"column":6},"end":{"line":66,"column":7}},"19":{"start":{"line":65,"column":8},"end":{"line":65,"column":49}},"20":{"start":{"line":69,"column":4},"end":{"line":73,"column":7}},"21":{"start":{"line":76,"column":18},"end":{"line":76,"column":58}},"22":{"start":{"line":79,"column":24},"end":{"line":79,"column":26}},"23":{"start":{"line":81,"column":6},"end":{"line":85,"column":23}},"24":{"start":{"line":86,"column":22},"end":{"line":86,"column":50}},"25":{"start":{"line":87,"column":4},"end":{"line":87,"column":39}},"26":{"start":{"line":90,"column":26},"end":{"line":114,"column":13}},"27":{"start":{"line":117,"column":18},"end":{"line":117,"column":51}},"28":{"start":{"line":119,"column":4},"end":{"line":135,"column":7}},"29":{"start":{"line":122,"column":49},"end":{"line":126,"column":9}},"30":{"start":{"line":137,"column":4},"end":{"line":141,"column":6}},"31":{"start":{"line":142,"column":4},"end":{"line":146,"column":7}},"32":{"start":{"line":153,"column":41},"end":{"line":270,"column":1}},"33":{"start":{"line":154,"column":2},"end":{"line":269,"column":3}},"34":{"start":{"line":155,"column":56},"end":{"line":155,"column":65}},"35":{"start":{"line":158,"column":18},"end":{"line":158,"column":46}},"36":{"start":{"line":160,"column":4},"end":{"line":160,"column":44}},"37":{"start":{"line":160,"column":18},"end":{"line":160,"column":44}},"38":{"start":{"line":161,"column":4},"end":{"line":161,"column":47}},"39":{"start":{"line":161,"column":19},"end":{"line":161,"column":47}},"40":{"start":{"line":163,"column":4},"end":{"line":167,"column":5}},"41":{"start":{"line":164,"column":6},"end":{"line":164,"column":27}},"42":{"start":{"line":165,"column":6},"end":{"line":165,"column":64}},"43":{"start":{"line":165,"column":21},"end":{"line":165,"column":64}},"44":{"start":{"line":166,"column":6},"end":{"line":166,"column":60}},"45":{"start":{"line":166,"column":19},"end":{"line":166,"column":60}},"46":{"start":{"line":169,"column":4},"end":{"line":172,"column":7}},"47":{"start":{"line":175,"column":25},"end":{"line":178,"column":6}},"48":{"start":{"line":181,"column":23},"end":{"line":184,"column":6}},"49":{"start":{"line":187,"column":28},"end":{"line":190,"column":6}},"50":{"start":{"line":193,"column":23},"end":{"line":203,"column":6}},"51":{"start":{"line":206,"column":26},"end":{"line":223,"column":6}},"52":{"start":{"line":225,"column":18},"end":{"line":240,"column":5}},"53":{"start":{"line":242,"column":4},"end":{"line":244,"column":7}},"54":{"start":{"line":243,"column":6},"end":{"line":243,"column":44}},"55":{"start":{"line":246,"column":4},"end":{"line":248,"column":7}},"56":{"start":{"line":247,"column":6},"end":{"line":247,"column":42}},"57":{"start":{"line":250,"column":4},"end":{"line":252,"column":7}},"58":{"start":{"line":251,"column":6},"end":{"line":251,"column":47}},"59":{"start":{"line":254,"column":4},"end":{"line":257,"column":7}},"60":{"start":{"line":259,"column":4},"end":{"line":263,"column":6}},"61":{"start":{"line":264,"column":4},"end":{"line":268,"column":7}},"62":{"start":{"line":275,"column":40},"end":{"line":326,"column":1}},"63":{"start":{"line":276,"column":2},"end":{"line":325,"column":3}},"64":{"start":{"line":277,"column":27},"end":{"line":277,"column":36}},"65":{"start":{"line":279,"column":4},"end":{"line":281,"column":7}},"66":{"start":{"line":283,"column":32},"end":{"line":289,"column":30}},"67":{"start":{"line":291,"column":4},"end":{"line":293,"column":7}},"68":{"start":{"line":297,"column":20},"end":{"line":305,"column":5}},"69":{"start":{"line":299,"column":51},"end":{"line":299,"column":56}},"70":{"start":{"line":307,"column":4},"end":{"line":313,"column":7}},"71":{"start":{"line":315,"column":4},"end":{"line":319,"column":6}},"72":{"start":{"line":320,"column":4},"end":{"line":324,"column":7}},"73":{"start":{"line":331,"column":35},"end":{"line":405,"column":1}},"74":{"start":{"line":332,"column":2},"end":{"line":404,"column":3}},"75":{"start":{"line":333,"column":70},"end":{"line":333,"column":79}},"76":{"start":{"line":336,"column":18},"end":{"line":336,"column":46}},"77":{"start":{"line":338,"column":4},"end":{"line":338,"column":44}},"78":{"start":{"line":338,"column":18},"end":{"line":338,"column":44}},"79":{"start":{"line":339,"column":4},"end":{"line":339,"column":47}},"80":{"start":{"line":339,"column":19},"end":{"line":339,"column":47}},"81":{"start":{"line":340,"column":4},"end":{"line":340,"column":32}},"82":{"start":{"line":340,"column":14},"end":{"line":340,"column":32}},"83":{"start":{"line":341,"column":4},"end":{"line":341,"column":38}},"84":{"start":{"line":341,"column":16},"end":{"line":341,"column":38}},"85":{"start":{"line":343,"column":4},"end":{"line":347,"column":5}},"86":{"start":{"line":344,"column":6},"end":{"line":344,"column":27}},"87":{"start":{"line":345,"column":6},"end":{"line":345,"column":64}},"88":{"start":{"line":345,"column":21},"end":{"line":345,"column":64}},"89":{"start":{"line":346,"column":6},"end":{"line":346,"column":60}},"90":{"start":{"line":346,"column":19},"end":{"line":346,"column":60}},"91":{"start":{"line":349,"column":4},"end":{"line":351,"column":7}},"92":{"start":{"line":353,"column":26},"end":{"line":358,"column":19}},"93":{"start":{"line":361,"column":20},"end":{"line":372,"column":5}},"94":{"start":{"line":374,"column":17},"end":{"line":385,"column":6}},"95":{"start":{"line":374,"column":42},"end":{"line":385,"column":5}},"96":{"start":{"line":387,"column":16},"end":{"line":389,"column":17}},"97":{"start":{"line":388,"column":20},"end":{"line":388,"column":60}},"98":{"start":{"line":388,"column":38},"end":{"line":388,"column":49}},"99":{"start":{"line":391,"column":4},"end":{"line":391,"column":46}},"100":{"start":{"line":392,"column":4},"end":{"line":395,"column":6}},"101":{"start":{"line":396,"column":4},"end":{"line":396,"column":18}},"102":{"start":{"line":398,"column":4},"end":{"line":398,"column":80}},"103":{"start":{"line":399,"column":4},"end":{"line":403,"column":7}},"104":{"start":{"line":411,"column":23},"end":{"line":414,"column":4}},"105":{"start":{"line":416,"column":21},"end":{"line":419,"column":4}},"106":{"start":{"line":421,"column":16},"end":{"line":424,"column":3}},"107":{"start":{"line":426,"column":2},"end":{"line":428,"column":5}},"108":{"start":{"line":427,"column":4},"end":{"line":427,"column":42}},"109":{"start":{"line":430,"column":2},"end":{"line":432,"column":5}},"110":{"start":{"line":431,"column":4},"end":{"line":431,"column":40}},"111":{"start":{"line":434,"column":2},"end":{"line":434,"column":15}},"112":{"start":{"line":441,"column":2},"end":{"line":441,"column":27}},"113":{"start":{"line":441,"column":14},"end":{"line":441,"column":27}},"114":{"start":{"line":442,"column":18},"end":{"line":442,"column":48}},"115":{"start":{"line":443,"column":16},"end":{"line":443,"column":39}},"116":{"start":{"line":444,"column":14},"end":{"line":444,"column":51}},"117":{"start":{"line":445,"column":2},"end":{"line":445,"column":59}}},"fnMap":{"0":{"name":"(anonymous_0)","decl":{"start":{"line":13,"column":37},"end":{"line":13,"column":38}},"loc":{"start":{"line":13,"column":57},"end":{"line":148,"column":1}},"line":13},"1":{"name":"(anonymous_1)","decl":{"start":{"line":122,"column":41},"end":{"line":122,"column":42}},"loc":{"start":{"line":122,"column":49},"end":{"line":126,"column":9}},"line":122},"2":{"name":"(anonymous_2)","decl":{"start":{"line":153,"column":41},"end":{"line":153,"column":42}},"loc":{"start":{"line":153,"column":61},"end":{"line":270,"column":1}},"line":153},"3":{"name":"(anonymous_3)","decl":{"start":{"line":242,"column":25},"end":{"line":242,"column":26}},"loc":{"start":{"line":242,"column":35},"end":{"line":244,"column":5}},"line":242},"4":{"name":"(anonymous_4)","decl":{"start":{"line":246,"column":23},"end":{"line":246,"column":24}},"loc":{"start":{"line":246,"column":33},"end":{"line":248,"column":5}},"line":246},"5":{"name":"(anonymous_5)","decl":{"start":{"line":250,"column":28},"end":{"line":250,"column":29}},"loc":{"start":{"line":250,"column":38},"end":{"line":252,"column":5}},"line":250},"6":{"name":"(anonymous_6)","decl":{"start":{"line":275,"column":40},"end":{"line":275,"column":41}},"loc":{"start":{"line":275,"column":60},"end":{"line":326,"column":1}},"line":275},"7":{"name":"(anonymous_7)","decl":{"start":{"line":299,"column":44},"end":{"line":299,"column":45}},"loc":{"start":{"line":299,"column":51},"end":{"line":299,"column":56}},"line":299},"8":{"name":"(anonymous_8)","decl":{"start":{"line":331,"column":35},"end":{"line":331,"column":36}},"loc":{"start":{"line":331,"column":55},"end":{"line":405,"column":1}},"line":331},"9":{"name":"(anonymous_9)","decl":{"start":{"line":374,"column":35},"end":{"line":374,"column":36}},"loc":{"start":{"line":374,"column":42},"end":{"line":385,"column":5}},"line":374},"10":{"name":"(anonymous_10)","decl":{"start":{"line":388,"column":11},"end":{"line":388,"column":12}},"loc":{"start":{"line":388,"column":20},"end":{"line":388,"column":60}},"line":388},"11":{"name":"(anonymous_11)","decl":{"start":{"line":388,"column":28},"end":{"line":388,"column":29}},"loc":{"start":{"line":388,"column":38},"end":{"line":388,"column":49}},"line":388},"12":{"name":"getNotificationStats","decl":{"start":{"line":410,"column":15},"end":{"line":410,"column":35}},"loc":{"start":{"line":410,"column":43},"end":{"line":435,"column":1}},"line":410},"13":{"name":"(anonymous_13)","decl":{"start":{"line":426,"column":23},"end":{"line":426,"column":24}},"loc":{"start":{"line":426,"column":33},"end":{"line":428,"column":3}},"line":426},"14":{"name":"(anonymous_14)","decl":{"start":{"line":430,"column":21},"end":{"line":430,"column":22}},"loc":{"start":{"line":430,"column":31},"end":{"line":432,"column":3}},"line":430},"15":{"name":"maskPhoneNumber","decl":{"start":{"line":440,"column":9},"end":{"line":440,"column":24}},"loc":{"start":{"line":440,"column":32},"end":{"line":446,"column":1}},"line":440}},"branchMap":{"0":{"loc":{"start":{"line":24,"column":6},"end":{"line":24,"column":17}},"type":"default-arg","locations":[{"start":{"line":24,"column":14},"end":{"line":24,"column":17}}],"line":24},"1":{"loc":{"start":{"line":25,"column":6},"end":{"line":25,"column":16}},"type":"default-arg","locations":[{"start":{"line":25,"column":15},"end":{"line":25,"column":16}}],"line":25},"2":{"loc":{"start":{"line":26,"column":6},"end":{"line":26,"column":26}},"type":"default-arg","locations":[{"start":{"line":26,"column":15},"end":{"line":26,"column":26}}],"line":26},"3":{"loc":{"start":{"line":27,"column":6},"end":{"line":27,"column":24}},"type":"default-arg","locations":[{"start":{"line":27,"column":18},"end":{"line":27,"column":24}}],"line":27},"4":{"loc":{"start":{"line":34,"column":4},"end":{"line":36,"column":5}},"type":"if","locations":[{"start":{"line":34,"column":4},"end":{"line":36,"column":5}},{"start":{},"end":{}}],"line":34},"5":{"loc":{"start":{"line":39,"column":4},"end":{"line":41,"column":5}},"type":"if","locations":[{"start":{"line":39,"column":4},"end":{"line":41,"column":5}},{"start":{},"end":{}}],"line":39},"6":{"loc":{"start":{"line":44,"column":4},"end":{"line":46,"column":5}},"type":"if","locations":[{"start":{"line":44,"column":4},"end":{"line":46,"column":5}},{"start":{},"end":{}}],"line":44},"7":{"loc":{"start":{"line":49,"column":4},"end":{"line":51,"column":5}},"type":"if","locations":[{"start":{"line":49,"column":4},"end":{"line":51,"column":5}},{"start":{},"end":{}}],"line":49},"8":{"loc":{"start":{"line":54,"column":4},"end":{"line":56,"column":5}},"type":"if","locations":[{"start":{"line":54,"column":4},"end":{"line":56,"column":5}},{"start":{},"end":{}}],"line":54},"9":{"loc":{"start":{"line":59,"column":4},"end":{"line":67,"column":5}},"type":"if","locations":[{"start":{"line":59,"column":4},"end":{"line":67,"column":5}},{"start":{},"end":{}}],"line":59},"10":{"loc":{"start":{"line":59,"column":8},"end":{"line":59,"column":28}},"type":"binary-expr","locations":[{"start":{"line":59,"column":8},"end":{"line":59,"column":17}},{"start":{"line":59,"column":21},"end":{"line":59,"column":28}}],"line":59},"11":{"loc":{"start":{"line":61,"column":6},"end":{"line":63,"column":7}},"type":"if","locations":[{"start":{"line":61,"column":6},"end":{"line":63,"column":7}},{"start":{},"end":{}}],"line":61},"12":{"loc":{"start":{"line":64,"column":6},"end":{"line":66,"column":7}},"type":"if","locations":[{"start":{"line":64,"column":6},"end":{"line":66,"column":7}},{"start":{},"end":{}}],"line":64},"13":{"loc":{"start":{"line":81,"column":6},"end":{"line":85,"column":23}},"type":"cond-expr","locations":[{"start":{"line":82,"column":10},"end":{"line":82,"column":18}},{"start":{"line":83,"column":10},"end":{"line":85,"column":23}}],"line":81},"14":{"loc":{"start":{"line":83,"column":10},"end":{"line":85,"column":23}},"type":"cond-expr","locations":[{"start":{"line":84,"column":12},"end":{"line":84,"column":20}},{"start":{"line":85,"column":12},"end":{"line":85,"column":23}}],"line":83},"15":{"loc":{"start":{"line":86,"column":22},"end":{"line":86,"column":50}},"type":"cond-expr","locations":[{"start":{"line":86,"column":44},"end":{"line":86,"column":45}},{"start":{"line":86,"column":48},"end":{"line":86,"column":50}}],"line":86},"16":{"loc":{"start":{"line":160,"column":4},"end":{"line":160,"column":44}},"type":"if","locations":[{"start":{"line":160,"column":4},"end":{"line":160,"column":44}},{"start":{},"end":{}}],"line":160},"17":{"loc":{"start":{"line":161,"column":4},"end":{"line":161,"column":47}},"type":"if","locations":[{"start":{"line":161,"column":4},"end":{"line":161,"column":47}},{"start":{},"end":{}}],"line":161},"18":{"loc":{"start":{"line":163,"column":4},"end":{"line":167,"column":5}},"type":"if","locations":[{"start":{"line":163,"column":4},"end":{"line":167,"column":5}},{"start":{},"end":{}}],"line":163},"19":{"loc":{"start":{"line":163,"column":8},"end":{"line":163,"column":28}},"type":"binary-expr","locations":[{"start":{"line":163,"column":8},"end":{"line":163,"column":17}},{"start":{"line":163,"column":21},"end":{"line":163,"column":28}}],"line":163},"20":{"loc":{"start":{"line":165,"column":6},"end":{"line":165,"column":64}},"type":"if","locations":[{"start":{"line":165,"column":6},"end":{"line":165,"column":64}},{"start":{},"end":{}}],"line":165},"21":{"loc":{"start":{"line":166,"column":6},"end":{"line":166,"column":60}},"type":"if","locations":[{"start":{"line":166,"column":6},"end":{"line":166,"column":60}},{"start":{},"end":{}}],"line":166},"22":{"loc":{"start":{"line":230,"column":15},"end":{"line":234,"column":7}},"type":"binary-expr","locations":[{"start":{"line":230,"column":15},"end":{"line":230,"column":28}},{"start":{"line":230,"column":32},"end":{"line":234,"column":7}}],"line":230},"23":{"loc":{"start":{"line":235,"column":16},"end":{"line":239,"column":7}},"type":"binary-expr","locations":[{"start":{"line":235,"column":16},"end":{"line":235,"column":32}},{"start":{"line":235,"column":36},"end":{"line":239,"column":7}}],"line":235},"24":{"loc":{"start":{"line":277,"column":12},"end":{"line":277,"column":22}},"type":"default-arg","locations":[{"start":{"line":277,"column":20},"end":{"line":277,"column":22}}],"line":277},"25":{"loc":{"start":{"line":338,"column":4},"end":{"line":338,"column":44}},"type":"if","locations":[{"start":{"line":338,"column":4},"end":{"line":338,"column":44}},{"start":{},"end":{}}],"line":338},"26":{"loc":{"start":{"line":339,"column":4},"end":{"line":339,"column":47}},"type":"if","locations":[{"start":{"line":339,"column":4},"end":{"line":339,"column":47}},{"start":{},"end":{}}],"line":339},"27":{"loc":{"start":{"line":340,"column":4},"end":{"line":340,"column":32}},"type":"if","locations":[{"start":{"line":340,"column":4},"end":{"line":340,"column":32}},{"start":{},"end":{}}],"line":340},"28":{"loc":{"start":{"line":341,"column":4},"end":{"line":341,"column":38}},"type":"if","locations":[{"start":{"line":341,"column":4},"end":{"line":341,"column":38}},{"start":{},"end":{}}],"line":341},"29":{"loc":{"start":{"line":343,"column":4},"end":{"line":347,"column":5}},"type":"if","locations":[{"start":{"line":343,"column":4},"end":{"line":347,"column":5}},{"start":{},"end":{}}],"line":343},"30":{"loc":{"start":{"line":343,"column":8},"end":{"line":343,"column":28}},"type":"binary-expr","locations":[{"start":{"line":343,"column":8},"end":{"line":343,"column":17}},{"start":{"line":343,"column":21},"end":{"line":343,"column":28}}],"line":343},"31":{"loc":{"start":{"line":345,"column":6},"end":{"line":345,"column":64}},"type":"if","locations":[{"start":{"line":345,"column":6},"end":{"line":345,"column":64}},{"start":{},"end":{}}],"line":345},"32":{"loc":{"start":{"line":346,"column":6},"end":{"line":346,"column":60}},"type":"if","locations":[{"start":{"line":346,"column":6},"end":{"line":346,"column":60}},{"start":{},"end":{}}],"line":346},"33":{"loc":{"start":{"line":380,"column":6},"end":{"line":380,"column":27}},"type":"binary-expr","locations":[{"start":{"line":380,"column":6},"end":{"line":380,"column":14}},{"start":{"line":380,"column":18},"end":{"line":380,"column":27}}],"line":380},"34":{"loc":{"start":{"line":382,"column":6},"end":{"line":382,"column":31}},"type":"binary-expr","locations":[{"start":{"line":382,"column":6},"end":{"line":382,"column":22}},{"start":{"line":382,"column":26},"end":{"line":382,"column":31}}],"line":382},"35":{"loc":{"start":{"line":383,"column":6},"end":{"line":383,"column":32}},"type":"binary-expr","locations":[{"start":{"line":383,"column":6},"end":{"line":383,"column":23}},{"start":{"line":383,"column":27},"end":{"line":383,"column":32}}],"line":383},"36":{"loc":{"start":{"line":441,"column":2},"end":{"line":441,"column":27}},"type":"if","locations":[{"start":{"line":441,"column":2},"end":{"line":441,"column":27}},{"start":{},"end":{}}],"line":441}},"s":{"0":11,"1":0,"2":0,"3":0,"4":0,"5":0,"6":0,"7":0,"8":0,"9":0,"10":0,"11":0,"12":0,"13":0,"14":0,"15":0,"16":0,"17":0,"18":0,"19":0,"20":0,"21":0,"22":0,"23":0,"24":0,"25":0,"26":0,"27":0,"28":0,"29":0,"30":0,"31":0,"32":11,"33":0,"34":0,"35":0,"36":0,"37":0,"38":0,"39":0,"40":0,"41":0,"42":0,"43":0,"44":0,"45":0,"46":0,"47":0,"48":0,"49":0,"50":0,"51":0,"52":0,"53":0,"54":0,"55":0,"56":0,"57":0,"58":0,"59":0,"60":0,"61":0,"62":11,"63":0,"64":0,"65":0,"66":0,"67":0,"68":0,"69":0,"70":0,"71":0,"72":0,"73":11,"74":0,"75":0,"76":0,"77":0,"78":0,"79":0,"80":0,"81":0,"82":0,"83":0,"84":0,"85":0,"86":0,"87":0,"88":0,"89":0,"90":0,"91":0,"92":0,"93":0,"94":0,"95":0,"96":0,"97":0,"98":0,"99":0,"100":0,"101":0,"102":0,"103":0,"104":0,"105":0,"106":0,"107":0,"108":0,"109":0,"110":0,"111":0,"112":0,"113":0,"114":0,"115":0,"116":0,"117":0},"f":{"0":0,"1":0,"2":0,"3":0,"4":0,"5":0,"6":0,"7":0,"8":0,"9":0,"10":0,"11":0,"12":0,"13":0,"14":0,"15":0},"b":{"0":[0],"1":[0],"2":[0],"3":[0],"4":[0,0],"5":[0,0],"6":[0,0],"7":[0,0],"8":[0,0],"9":[0,0],"10":[0,0],"11":[0,0],"12":[0,0],"13":[0,0],"14":[0,0],"15":[0,0],"16":[0,0],"17":[0,0],"18":[0,0],"19":[0,0],"20":[0,0],"21":[0,0],"22":[0,0],"23":[0,0],"24":[0],"25":[0,0],"26":[0,0],"27":[0,0],"28":[0,0],"29":[0,0],"30":[0,0],"31":[0,0],"32":[0,0],"33":[0,0],"34":[0,0],"35":[0,0],"36":[0,0]},"_coverageSchema":"1a1c01bbd47fc00a2c39e90264f33305004495a9","hash":"9f298fb563c69aec4ce47b09d0a8961acb78c611"}
,"D:\\My-Githup\\doctor-backend\\backend\\src\\controllers\\appointmentController.js": {"path":"D:\\My-Githup\\doctor-backend\\backend\\src\\controllers\\appointmentController.js","statementMap":{"0":{"start":{"line":29,"column":24},"end":{"line":31,"column":1}},"1":{"start":{"line":30,"column":2},"end":{"line":30,"column":60}},"2":{"start":{"line":37,"column":27},"end":{"line":65,"column":1}},"3":{"start":{"line":43,"column":16},"end":{"line":57,"column":3}},"4":{"start":{"line":59,"column":2},"end":{"line":61,"column":3}},"5":{"start":{"line":60,"column":4},"end":{"line":60,"column":46}},"6":{"start":{"line":63,"column":19},"end":{"line":63,"column":51}},"7":{"start":{"line":64,"column":2},"end":{"line":64,"column":20}},"8":{"start":{"line":73,"column":33},"end":{"line":515,"column":1}},"9":{"start":{"line":74,"column":2},"end":{"line":514,"column":3}},"10":{"start":{"line":81,"column":8},"end":{"line":81,"column":16}},"11":{"start":{"line":83,"column":17},"end":{"line":83,"column":31}},"12":{"start":{"line":84,"column":19},"end":{"line":84,"column":32}},"13":{"start":{"line":85,"column":4},"end":{"line":91,"column":7}},"14":{"start":{"line":93,"column":38},"end":{"line":161,"column":5}},"15":{"start":{"line":95,"column":26},"end":{"line":95,"column":32}},"16":{"start":{"line":96,"column":8},"end":{"line":107,"column":9}},"17":{"start":{"line":97,"column":10},"end":{"line":106,"column":12}},"18":{"start":{"line":109,"column":8},"end":{"line":109,"column":53}},"19":{"start":{"line":112,"column":25},"end":{"line":112,"column":37}},"20":{"start":{"line":113,"column":26},"end":{"line":113,"column":44}},"21":{"start":{"line":115,"column":8},"end":{"line":126,"column":9}},"22":{"start":{"line":116,"column":10},"end":{"line":125,"column":12}},"23":{"start":{"line":128,"column":8},"end":{"line":140,"column":9}},"24":{"start":{"line":129,"column":10},"end":{"line":139,"column":12}},"25":{"start":{"line":142,"column":24},"end":{"line":145,"column":10}},"26":{"start":{"line":146,"column":8},"end":{"line":157,"column":9}},"27":{"start":{"line":147,"column":10},"end":{"line":156,"column":12}},"28":{"start":{"line":159,"column":8},"end":{"line":159,"column":39}},"29":{"start":{"line":163,"column":4},"end":{"line":169,"column":5}},"30":{"start":{"line":164,"column":6},"end":{"line":168,"column":9}},"31":{"start":{"line":172,"column":4},"end":{"line":178,"column":5}},"32":{"start":{"line":173,"column":6},"end":{"line":177,"column":9}},"33":{"start":{"line":181,"column":4},"end":{"line":187,"column":5}},"34":{"start":{"line":182,"column":6},"end":{"line":186,"column":9}},"35":{"start":{"line":191,"column":4},"end":{"line":199,"column":5}},"36":{"start":{"line":192,"column":6},"end":{"line":192,"column":34}},"37":{"start":{"line":194,"column":6},"end":{"line":198,"column":9}},"38":{"start":{"line":202,"column":4},"end":{"line":208,"column":5}},"39":{"start":{"line":203,"column":6},"end":{"line":207,"column":9}},"40":{"start":{"line":213,"column":31},"end":{"line":213,"column":70}},"41":{"start":{"line":214,"column":4},"end":{"line":218,"column":5}},"42":{"start":{"line":215,"column":6},"end":{"line":217,"column":45}},"43":{"start":{"line":220,"column":4},"end":{"line":220,"column":51}},"44":{"start":{"line":222,"column":4},"end":{"line":229,"column":5}},"45":{"start":{"line":223,"column":6},"end":{"line":228,"column":9}},"46":{"start":{"line":232,"column":19},"end":{"line":232,"column":50}},"47":{"start":{"line":233,"column":4},"end":{"line":239,"column":5}},"48":{"start":{"line":234,"column":6},"end":{"line":238,"column":9}},"49":{"start":{"line":241,"column":4},"end":{"line":248,"column":5}},"50":{"start":{"line":242,"column":6},"end":{"line":247,"column":9}},"51":{"start":{"line":250,"column":4},"end":{"line":254,"column":7}},"52":{"start":{"line":256,"column":21},"end":{"line":256,"column":77}},"53":{"start":{"line":257,"column":4},"end":{"line":264,"column":5}},"54":{"start":{"line":258,"column":6},"end":{"line":263,"column":9}},"55":{"start":{"line":266,"column":31},"end":{"line":275,"column":5}},"56":{"start":{"line":277,"column":4},"end":{"line":279,"column":5}},"57":{"start":{"line":278,"column":6},"end":{"line":278,"column":63}},"58":{"start":{"line":281,"column":24},"end":{"line":281,"column":68}},"59":{"start":{"line":284,"column":4},"end":{"line":306,"column":5}},"60":{"start":{"line":285,"column":6},"end":{"line":299,"column":9}},"61":{"start":{"line":301,"column":6},"end":{"line":304,"column":8}},"62":{"start":{"line":309,"column":4},"end":{"line":500,"column":5}},"63":{"start":{"line":310,"column":22},"end":{"line":310,"column":55}},"64":{"start":{"line":311,"column":27},"end":{"line":311,"column":58}},"65":{"start":{"line":313,"column":25},"end":{"line":313,"column":56}},"66":{"start":{"line":314,"column":26},"end":{"line":314,"column":51}},"67":{"start":{"line":315,"column":27},"end":{"line":315,"column":62}},"68":{"start":{"line":316,"column":26},"end":{"line":316,"column":66}},"69":{"start":{"line":317,"column":24},"end":{"line":317,"column":62}},"70":{"start":{"line":319,"column":28},"end":{"line":319,"column":223}},"71":{"start":{"line":321,"column":29},"end":{"line":321,"column":189}},"72":{"start":{"line":323,"column":33},"end":{"line":340,"column":8}},"73":{"start":{"line":342,"column":34},"end":{"line":359,"column":8}},"74":{"start":{"line":361,"column":6},"end":{"line":361,"column":74}},"75":{"start":{"line":364,"column":28},"end":{"line":364,"column":66}},"76":{"start":{"line":367,"column":25},"end":{"line":367,"column":66}},"77":{"start":{"line":368,"column":6},"end":{"line":370,"column":8}},"78":{"start":{"line":371,"column":6},"end":{"line":371,"column":72}},"79":{"start":{"line":372,"column":6},"end":{"line":372,"column":71}},"80":{"start":{"line":373,"column":6},"end":{"line":376,"column":8}},"81":{"start":{"line":377,"column":6},"end":{"line":380,"column":8}},"82":{"start":{"line":381,"column":6},"end":{"line":381,"column":77}},"83":{"start":{"line":382,"column":6},"end":{"line":382,"column":69}},"84":{"start":{"line":383,"column":6},"end":{"line":383,"column":76}},"85":{"start":{"line":384,"column":6},"end":{"line":384,"column":73}},"86":{"start":{"line":386,"column":6},"end":{"line":489,"column":7}},"87":{"start":{"line":388,"column":8},"end":{"line":390,"column":10}},"88":{"start":{"line":391,"column":8},"end":{"line":407,"column":11}},"89":{"start":{"line":410,"column":8},"end":{"line":412,"column":10}},"90":{"start":{"line":413,"column":8},"end":{"line":429,"column":11}},"91":{"start":{"line":430,"column":13},"end":{"line":489,"column":7}},"92":{"start":{"line":432,"column":8},"end":{"line":458,"column":9}},"93":{"start":{"line":433,"column":10},"end":{"line":436,"column":12}},"94":{"start":{"line":437,"column":10},"end":{"line":441,"column":12}},"95":{"start":{"line":444,"column":10},"end":{"line":446,"column":12}},"96":{"start":{"line":447,"column":10},"end":{"line":451,"column":12}},"97":{"start":{"line":453,"column":10},"end":{"line":456,"column":12}},"98":{"start":{"line":461,"column":8},"end":{"line":488,"column":9}},"99":{"start":{"line":462,"column":10},"end":{"line":464,"column":12}},"100":{"start":{"line":465,"column":10},"end":{"line":481,"column":13}},"101":{"start":{"line":483,"column":10},"end":{"line":486,"column":12}},"102":{"start":{"line":491,"column":6},"end":{"line":493,"column":8}},"103":{"start":{"line":495,"column":6},"end":{"line":498,"column":8}},"104":{"start":{"line":502,"column":4},"end":{"line":506,"column":7}},"105":{"start":{"line":508,"column":4},"end":{"line":508,"column":43}},"106":{"start":{"line":509,"column":4},"end":{"line":513,"column":7}},"107":{"start":{"line":521,"column":38},"end":{"line":674,"column":1}},"108":{"start":{"line":522,"column":2},"end":{"line":673,"column":3}},"109":{"start":{"line":523,"column":4},"end":{"line":528,"column":7}},"110":{"start":{"line":530,"column":4},"end":{"line":537,"column":5}},"111":{"start":{"line":531,"column":6},"end":{"line":531,"column":58}},"112":{"start":{"line":532,"column":6},"end":{"line":536,"column":9}},"113":{"start":{"line":539,"column":59},"end":{"line":539,"column":67}},"114":{"start":{"line":540,"column":25},"end":{"line":540,"column":44}},"115":{"start":{"line":542,"column":4},"end":{"line":546,"column":7}},"116":{"start":{"line":548,"column":4},"end":{"line":555,"column":5}},"117":{"start":{"line":549,"column":6},"end":{"line":549,"column":69}},"118":{"start":{"line":550,"column":6},"end":{"line":554,"column":9}},"119":{"start":{"line":557,"column":27},"end":{"line":581,"column":5}},"120":{"start":{"line":559,"column":22},"end":{"line":559,"column":74}},"121":{"start":{"line":560,"column":8},"end":{"line":560,"column":72}},"122":{"start":{"line":561,"column":8},"end":{"line":561,"column":25}},"123":{"start":{"line":564,"column":22},"end":{"line":564,"column":74}},"124":{"start":{"line":565,"column":8},"end":{"line":568,"column":11}},"125":{"start":{"line":569,"column":8},"end":{"line":569,"column":25}},"126":{"start":{"line":572,"column":22},"end":{"line":577,"column":9}},"127":{"start":{"line":578,"column":8},"end":{"line":578,"column":73}},"128":{"start":{"line":579,"column":8},"end":{"line":579,"column":25}},"129":{"start":{"line":583,"column":26},"end":{"line":583,"column":46}},"130":{"start":{"line":584,"column":4},"end":{"line":591,"column":5}},"131":{"start":{"line":585,"column":6},"end":{"line":585,"column":69}},"132":{"start":{"line":586,"column":6},"end":{"line":590,"column":9}},"133":{"start":{"line":593,"column":21},"end":{"line":593,"column":36}},"134":{"start":{"line":594,"column":4},"end":{"line":596,"column":5}},"135":{"start":{"line":595,"column":6},"end":{"line":595,"column":73}},"136":{"start":{"line":598,"column":34},"end":{"line":598,"column":64}},"137":{"start":{"line":599,"column":23},"end":{"line":599,"column":71}},"138":{"start":{"line":601,"column":25},"end":{"line":606,"column":19}},"139":{"start":{"line":608,"column":4},"end":{"line":613,"column":7}},"140":{"start":{"line":615,"column":35},"end":{"line":658,"column":6}},"141":{"start":{"line":617,"column":8},"end":{"line":619,"column":26}},"142":{"start":{"line":621,"column":6},"end":{"line":625,"column":7}},"143":{"start":{"line":622,"column":8},"end":{"line":624,"column":11}},"144":{"start":{"line":627,"column":6},"end":{"line":631,"column":7}},"145":{"start":{"line":628,"column":8},"end":{"line":630,"column":11}},"146":{"start":{"line":633,"column":22},"end":{"line":637,"column":7}},"147":{"start":{"line":639,"column":21},"end":{"line":643,"column":7}},"148":{"start":{"line":645,"column":6},"end":{"line":657,"column":8}},"149":{"start":{"line":660,"column":4},"end":{"line":665,"column":7}},"150":{"start":{"line":667,"column":4},"end":{"line":667,"column":57}},"151":{"start":{"line":668,"column":4},"end":{"line":672,"column":7}},"152":{"start":{"line":680,"column":26},"end":{"line":892,"column":1}},"153":{"start":{"line":682,"column":4},"end":{"line":682,"column":53}},"154":{"start":{"line":685,"column":4},"end":{"line":890,"column":5}},"155":{"start":{"line":686,"column":30},"end":{"line":686,"column":38}},"156":{"start":{"line":689,"column":6},"end":{"line":691,"column":7}},"157":{"start":{"line":690,"column":8},"end":{"line":690,"column":61}},"158":{"start":{"line":693,"column":26},"end":{"line":693,"column":38}},"159":{"start":{"line":698,"column":6},"end":{"line":704,"column":7}},"160":{"start":{"line":699,"column":8},"end":{"line":703,"column":10}},"161":{"start":{"line":707,"column":6},"end":{"line":713,"column":7}},"162":{"start":{"line":708,"column":8},"end":{"line":712,"column":10}},"163":{"start":{"line":716,"column":6},"end":{"line":722,"column":7}},"164":{"start":{"line":717,"column":8},"end":{"line":721,"column":10}},"165":{"start":{"line":724,"column":29},"end":{"line":726,"column":12}},"166":{"start":{"line":727,"column":6},"end":{"line":742,"column":7}},"167":{"start":{"line":733,"column":8},"end":{"line":741,"column":11}},"168":{"start":{"line":745,"column":29},"end":{"line":745,"column":56}},"169":{"start":{"line":746,"column":27},"end":{"line":746,"column":56}},"170":{"start":{"line":747,"column":31},"end":{"line":747,"column":65}},"171":{"start":{"line":749,"column":23},"end":{"line":754,"column":7}},"172":{"start":{"line":755,"column":6},"end":{"line":762,"column":7}},"173":{"start":{"line":756,"column":8},"end":{"line":761,"column":11}},"174":{"start":{"line":765,"column":6},"end":{"line":765,"column":38}},"175":{"start":{"line":766,"column":6},"end":{"line":766,"column":46}},"176":{"start":{"line":769,"column":6},"end":{"line":769,"column":75}},"177":{"start":{"line":769,"column":54},"end":{"line":769,"column":72}},"178":{"start":{"line":770,"column":6},"end":{"line":770,"column":63}},"179":{"start":{"line":773,"column":6},"end":{"line":773,"column":56}},"180":{"start":{"line":775,"column":6},"end":{"line":775,"column":31}},"181":{"start":{"line":778,"column":6},"end":{"line":800,"column":7}},"182":{"start":{"line":779,"column":8},"end":{"line":793,"column":11}},"183":{"start":{"line":795,"column":8},"end":{"line":798,"column":10}},"184":{"start":{"line":803,"column":6},"end":{"line":876,"column":7}},"185":{"start":{"line":804,"column":24},"end":{"line":804,"column":69}},"186":{"start":{"line":805,"column":29},"end":{"line":805,"column":72}},"187":{"start":{"line":807,"column":28},"end":{"line":807,"column":53}},"188":{"start":{"line":808,"column":27},"end":{"line":808,"column":58}},"189":{"start":{"line":809,"column":29},"end":{"line":809,"column":64}},"190":{"start":{"line":810,"column":28},"end":{"line":810,"column":68}},"191":{"start":{"line":811,"column":30},"end":{"line":811,"column":70}},"192":{"start":{"line":813,"column":30},"end":{"line":813,"column":180}},"193":{"start":{"line":815,"column":31},"end":{"line":815,"column":168}},"194":{"start":{"line":817,"column":35},"end":{"line":833,"column":10}},"195":{"start":{"line":835,"column":36},"end":{"line":851,"column":10}},"196":{"start":{"line":853,"column":8},"end":{"line":853,"column":76}},"197":{"start":{"line":855,"column":8},"end":{"line":869,"column":9}},"198":{"start":{"line":856,"column":10},"end":{"line":863,"column":12}},"199":{"start":{"line":865,"column":10},"end":{"line":868,"column":12}},"200":{"start":{"line":871,"column":8},"end":{"line":874,"column":10}},"201":{"start":{"line":878,"column":6},"end":{"line":882,"column":8}},"202":{"start":{"line":884,"column":6},"end":{"line":884,"column":45}},"203":{"start":{"line":885,"column":6},"end":{"line":889,"column":9}},"204":{"start":{"line":898,"column":33},"end":{"line":1158,"column":1}},"205":{"start":{"line":900,"column":4},"end":{"line":900,"column":53}},"206":{"start":{"line":903,"column":4},"end":{"line":1156,"column":5}},"207":{"start":{"line":904,"column":26},"end":{"line":904,"column":38}},"208":{"start":{"line":907,"column":6},"end":{"line":913,"column":7}},"209":{"start":{"line":908,"column":8},"end":{"line":912,"column":11}},"210":{"start":{"line":916,"column":6},"end":{"line":1029,"column":7}},"211":{"start":{"line":917,"column":8},"end":{"line":923,"column":9}},"212":{"start":{"line":918,"column":10},"end":{"line":922,"column":13}},"213":{"start":{"line":926,"column":8},"end":{"line":932,"column":9}},"214":{"start":{"line":927,"column":10},"end":{"line":931,"column":13}},"215":{"start":{"line":934,"column":8},"end":{"line":934,"column":58}},"216":{"start":{"line":935,"column":8},"end":{"line":935,"column":49}},"217":{"start":{"line":936,"column":8},"end":{"line":936,"column":47}},"218":{"start":{"line":937,"column":8},"end":{"line":937,"column":43}},"219":{"start":{"line":938,"column":8},"end":{"line":938,"column":33}},"220":{"start":{"line":940,"column":8},"end":{"line":962,"column":9}},"221":{"start":{"line":941,"column":10},"end":{"line":955,"column":13}},"222":{"sta
[...]
":42},"end":{"line":256,"column":63}},"line":256},"12":{"name":"(anonymous_12)","decl":{"start":{"line":284,"column":52},"end":{"line":284,"column":53}},"loc":{"start":{"line":284,"column":67},"end":{"line":311,"column":1}},"line":284},"13":{"name":"(anonymous_13)","decl":{"start":{"line":316,"column":32},"end":{"line":316,"column":33}},"loc":{"start":{"line":316,"column":56},"end":{"line":323,"column":1}},"line":316}},"branchMap":{"0":{"loc":{"start":{"line":7,"column":20},"end":{"line":7,"column":60}},"type":"binary-expr","locations":[{"start":{"line":7,"column":20},"end":{"line":7,"column":43}},{"start":{"line":7,"column":47},"end":{"line":7,"column":60}}],"line":7},"1":{"loc":{"start":{"line":20,"column":8},"end":{"line":22,"column":9}},"type":"if","locations":[{"start":{"line":20,"column":8},"end":{"line":22,"column":9}},{"start":{},"end":{}}],"line":20},"2":{"loc":{"start":{"line":25,"column":8},"end":{"line":34,"column":9}},"type":"if","locations":[{"start":{"line":25,"column":8},"end":{"line":34,"column":9}},{"start":{},"end":{}}],"line":25},"3":{"loc":{"start":{"line":26,"column":10},"end":{"line":33,"column":11}},"type":"if","locations":[{"start":{"line":26,"column":10},"end":{"line":33,"column":11}},{"start":{},"end":{}}],"line":26},"4":{"loc":{"start":{"line":27,"column":12},"end":{"line":30,"column":51}},"type":"binary-expr","locations":[{"start":{"line":27,"column":12},"end":{"line":27,"column":40}},{"start":{"line":28,"column":12},"end":{"line":28,"column":40}},{"start":{"line":29,"column":12},"end":{"line":29,"column":50}},{"start":{"line":30,"column":12},"end":{"line":30,"column":51}}],"line":27},"5":{"loc":{"start":{"line":41,"column":10},"end":{"line":47,"column":11}},"type":"if","locations":[{"start":{"line":41,"column":10},"end":{"line":47,"column":11}},{"start":{},"end":{}}],"line":41},"6":{"loc":{"start":{"line":42,"column":12},"end":{"line":44,"column":48}},"type":"binary-expr","locations":[{"start":{"line":42,"column":12},"end":{"line":42,"column":36}},{"start":{"line":43,"column":12},"end":{"line":43,"column":45}},{"start":{"line":44,"column":12},"end":{"line":44,"column":48}}],"line":42},"7":{"loc":{"start":{"line":80,"column":6},"end":{"line":84,"column":7}},"type":"if","locations":[{"start":{"line":80,"column":6},"end":{"line":84,"column":7}},{"start":{},"end":{}}],"line":80},"8":{"loc":{"start":{"line":80,"column":10},"end":{"line":80,"column":26}},"type":"binary-expr","locations":[{"start":{"line":80,"column":10},"end":{"line":80,"column":17}},{"start":{"line":80,"column":21},"end":{"line":80,"column":26}}],"line":80},"9":{"loc":{"start":{"line":90,"column":6},"end":{"line":134,"column":7}},"type":"switch","locations":[{"start":{"line":91,"column":8},"end":{"line":91,"column":22}},{"start":{"line":92,"column":8},"end":{"line":114,"column":16}},{"start":{"line":116,"column":8},"end":{"line":128,"column":16}},{"start":{"line":130,"column":8},"end":{"line":133,"column":17}}],"line":90},"10":{"loc":{"start":{"line":94,"column":10},"end":{"line":113,"column":11}},"type":"if","locations":[{"start":{"line":94,"column":10},"end":{"line":113,"column":11}},{"start":{"line":109,"column":17},"end":{"line":113,"column":11}}],"line":94},"11":{"loc":{"start":{"line":118,"column":10},"end":{"line":127,"column":11}},"type":"if","locations":[{"start":{"line":118,"column":10},"end":{"line":127,"column":11}},{"start":{"line":125,"column":17},"end":{"line":127,"column":11}}],"line":118},"12":{"loc":{"start":{"line":157,"column":2},"end":{"line":159,"column":3}},"type":"if","locations":[{"start":{"line":157,"column":2},"end":{"line":159,"column":3}},{"start":{},"end":{}}],"line":157},"13":{"loc":{"start":{"line":170,"column":2},"end":{"line":173,"column":3}},"type":"if","locations":[{"start":{"line":170,"column":2},"end":{"line":173,"column":3}},{"start":{},"end":{}}],"line":170},"14":{"loc":{"start":{"line":177,"column":22},"end":{"line":177,"column":56}},"type":"cond-expr","locations":[{"start":{"line":177,"column":36},"end":{"line":177,"column":52}},{"start":{"line":177,"column":55},"end":{"line":177,"column":56}}],"line":177},"15":{"loc":{"start":{"line":183,"column":15},"end":{"line":183,"column":65}},"type":"binary-expr","locations":[{"start":{"line":183,"column":15},"end":{"line":183,"column":37}},{"start":{"line":183,"column":41},"end":{"line":183,"column":65}}],"line":183},"16":{"loc":{"start":{"line":192,"column":2},"end":{"line":195,"column":3}},"type":"if","locations":[{"start":{"line":192,"column":2},"end":{"line":195,"column":3}},{"start":{},"end":{}}],"line":192},"17":{"loc":{"start":{"line":199,"column":22},"end":{"line":199,"column":56}},"type":"cond-expr","locations":[{"start":{"line":199,"column":36},"end":{"line":199,"column":52}},{"start":{"line":199,"column":55},"end":{"line":199,"column":56}}],"line":199},"18":{"loc":{"start":{"line":205,"column":15},"end":{"line":205,"column":65}},"type":"binary-expr","locations":[{"start":{"line":205,"column":15},"end":{"line":205,"column":37}},{"start":{"line":205,"column":41},"end":{"line":205,"column":65}}],"line":205},"19":{"loc":{"start":{"line":214,"column":2},"end":{"line":214,"column":18}},"type":"if","locations":[{"start":{"line":214,"column":2},"end":{"line":214,"column":18}},{"start":{},"end":{}}],"line":214},"20":{"loc":{"start":{"line":236,"column":2},"end":{"line":239,"column":3}},"type":"if","locations":[{"start":{"line":236,"column":2},"end":{"line":239,"column":3}},{"start":{},"end":{}}],"line":236},"21":{"loc":{"start":{"line":251,"column":22},"end":{"line":251,"column":56}},"type":"cond-expr","locations":[{"start":{"line":251,"column":36},"end":{"line":251,"column":52}},{"start":{"line":251,"column":55},"end":{"line":251,"column":56}}],"line":251},"22":{"loc":{"start":{"line":259,"column":2},"end":{"line":262,"column":3}},"type":"if","locations":[{"start":{"line":259,"column":2},"end":{"line":262,"column":3}},{"start":{},"end":{}}],"line":259},"23":{"loc":{"start":{"line":285,"column":2},"end":{"line":288,"column":3}},"type":"if","locations":[{"start":{"line":285,"column":2},"end":{"line":288,"column":3}},{"start":{},"end":{}}],"line":285},"24":{"loc":{"start":{"line":296,"column":22},"end":{"line":296,"column":56}},"type":"cond-expr","locations":[{"start":{"line":296,"column":36},"end":{"line":296,"column":52}},{"start":{"line":296,"column":55},"end":{"line":296,"column":56}}],"line":296},"25":{"loc":{"start":{"line":317,"column":2},"end":{"line":317,"column":18}},"type":"if","locations":[{"start":{"line":317,"column":2},"end":{"line":317,"column":18}},{"start":{},"end":{}}],"line":317}},"s":{"0":11,"1":11,"2":11,"3":11,"4":0,"5":0,"6":0,"7":0,"8":0,"9":0,"10":0,"11":0,"12":0,"13":0,"14":0,"15":0,"16":0,"17":0,"18":0,"19":0,"20":0,"21":0,"22":0,"23":0,"24":0,"25":0,"26":0,"27":0,"28":0,"29":0,"30":0,"31":0,"32":0,"33":0,"34":0,"35":0,"36":0,"37":0,"38":0,"39":0,"40":0,"41":0,"42":0,"43":0,"44":0,"45":0,"46":0,"47":0,"48":0,"49":0,"50":0,"51":0,"52":0,"53":0,"54":0,"55":0,"56":0,"57":0,"58":0,"59":0,"60":0,"61":0,"62":0,"63":0,"64":0,"65":0,"66":0,"67":0,"68":0,"69":0,"70":11,"71":0,"72":0,"73":0,"74":11,"75":30,"76":30,"77":30,"78":0,"79":0,"80":0,"81":0,"82":0,"83":11,"84":18,"85":18,"86":18,"87":0,"88":0,"89":0,"90":0,"91":0,"92":11,"93":0,"94":0,"95":0,"96":0,"97":0,"98":11,"99":0,"100":0,"101":0,"102":0,"103":0,"104":0,"105":0,"106":0,"107":0,"108":0,"109":0,"110":0,"111":0,"112":0,"113":0,"114":0,"115":0,"116":0,"117":0,"118":0,"119":0,"120":0,"121":0,"122":0,"123":11,"124":0,"125":0,"126":0,"127":0,"128":0,"129":0,"130":0,"131":0,"132":0,"133":0,"134":0,"135":0,"136":0,"137":11,"138":0,"139":0,"140":0},"f":{"0":0,"1":0,"2":0,"3":0,"4":0,"5":0,"6":0,"7":30,"8":18,"9":0,"10":0,"11":0,"12":0,"13":0},"b":{"0":[11,11],"1":[0,0],"2":[0,0],"3":[0,0],"4":[0,0,0,0],"5":[0,0],"6":[0,0,0],"7":[0,0],"8":[0,0],"9":[0,0,0,0],"10":[0,0],"11":[0,0],"12":[0,0],"13":[30,0],"14":[0,0],"15":[0,0],"16":[18,0],"17":[0,0],"18":[0,0],"19":[0,0],"20":[0,0],"21":[0,0],"22":[0,0],"23":[0,0],"24":[0,0],"25":[0,0]},"_coverageSchema":"1a1c01bbd47fc00a2c39e90264f33305004495a9","hash":"a29411df874b463d5771761b78450f485e0667b8"}
,"D:\\My-Githup\\doctor-backend\\backend\\src\\utils\\tenantResolver.js": {"path":"D:\\My-Githup\\doctor-backend\\backend\\src\\utils\\tenantResolver.js","statementMap":{"0":{"start":{"line":1,"column":22},"end":{"line":5,"column":18}},"1":{"start":{"line":2,"column":2},"end":{"line":5,"column":18}},"2":{"start":{"line":7,"column":27},"end":{"line":8,"column":55}},"3":{"start":{"line":8,"column":2},"end":{"line":8,"column":55}},"4":{"start":{"line":10,"column":41},"end":{"line":33,"column":1}},"5":{"start":{"line":11,"column":15},"end":{"line":11,"column":40}},"6":{"start":{"line":12,"column":2},"end":{"line":14,"column":3}},"7":{"start":{"line":13,"column":4},"end":{"line":13,"column":16}},"8":{"start":{"line":16,"column":24},"end":{"line":16,"column":44}},"9":{"start":{"line":17,"column":2},"end":{"line":19,"column":3}},"10":{"start":{"line":18,"column":4},"end":{"line":18,"column":16}},"11":{"start":{"line":21,"column":21},"end":{"line":21,"column":65}},"12":{"start":{"line":22,"column":2},"end":{"line":25,"column":3}},"13":{"start":{"line":23,"column":23},"end":{"line":23,"column":62}},"14":{"start":{"line":24,"column":4},"end":{"line":24,"column":30}},"15":{"start":{"line":27,"column":19},"end":{"line":27,"column":34}},"16":{"start":{"line":28,"column":2},"end":{"line":30,"column":3}},"17":{"start":{"line":29,"column":4},"end":{"line":29,"column":31}},"18":{"start":{"line":32,"column":2},"end":{"line":32,"column":14}}},"fnMap":{"0":{"name":"(anonymous_0)","decl":{"start":{"line":1,"column":22},"end":{"line":1,"column":23}},"loc":{"start":{"line":2,"column":2},"end":{"line":5,"column":18}},"line":2},"1":{"name":"(anonymous_1)","decl":{"start":{"line":7,"column":27},"end":{"line":7,"column":28}},"loc":{"start":{"line":8,"column":2},"end":{"line":8,"column":55}},"line":8},"2":{"name":"(anonymous_2)","decl":{"start":{"line":10,"column":41},"end":{"line":10,"column":42}},"loc":{"start":{"line":10,"column":57},"end":{"line":33,"column":1}},"line":10}},"branchMap":{"0":{"loc":{"start":{"line":1,"column":23},"end":{"line":1,"column":35}},"type":"default-arg","locations":[{"start":{"line":1,"column":33},"end":{"line":1,"column":35}}],"line":1},"1":{"loc":{"start":{"line":2,"column":9},"end":{"line":2,"column":22}},"type":"binary-expr","locations":[{"start":{"line":2,"column":9},"end":{"line":2,"column":16}},{"start":{"line":2,"column":20},"end":{"line":2,"column":22}}],"line":2},"2":{"loc":{"start":{"line":12,"column":2},"end":{"line":14,"column":3}},"type":"if","locations":[{"start":{"line":12,"column":2},"end":{"line":14,"column":3}},{"start":{},"end":{}}],"line":12},"3":{"loc":{"start":{"line":17,"column":2},"end":{"line":19,"column":3}},"type":"if","locations":[{"start":{"line":17,"column":2},"end":{"line":19,"column":3}},{"start":{},"end":{}}],"line":17},"4":{"loc":{"start":{"line":21,"column":35},"end":{"line":21,"column":64}},"type":"binary-expr","locations":[{"start":{"line":21,"column":35},"end":{"line":21,"column":58}},{"start":{"line":21,"column":62},"end":{"line":21,"column":64}}],"line":21},"5":{"loc":{"start":{"line":22,"column":2},"end":{"line":25,"column":3}},"type":"if","locations":[{"start":{"line":22,"column":2},"end":{"line":25,"column":3}},{"start":{},"end":{}}],"line":22},"6":{"loc":{"start":{"line":22,"column":6},"end":{"line":22,"column":51}},"type":"binary-expr","locations":[{"start":{"line":22,"column":6},"end":{"line":22,"column":16}},{"start":{"line":22,"column":20},"end":{"line":22,"column":51}}],"line":22},"7":{"loc":{"start":{"line":24,"column":11},"end":{"line":24,"column":29}},"type":"binary-expr","locations":[{"start":{"line":24,"column":11},"end":{"line":24,"column":21}},{"start":{"line":24,"column":25},"end":{"line":24,"column":29}}],"line":24},"8":{"loc":{"start":{"line":28,"column":2},"end":{"line":30,"column":3}},"type":"if","locations":[{"start":{"line":28,"column":2},"end":{"line":30,"column":3}},{"start":{},"end":{}}],"line":28},"9":{"loc":{"start":{"line":29,"column":11},"end":{"line":29,"column":30}},"type":"binary-expr","locations":[{"start":{"line":29,"column":11},"end":{"line":29,"column":22}},{"start":{"line":29,"column":26},"end":{"line":29,"column":30}}],"line":29}},"s":{"0":11,"1":0,"2":11,"3":0,"4":11,"5":0,"6":0,"7":0,"8":0,"9":0,"10":0,"11":0,"12":0,"13":0,"14":0,"15":0,"16":0,"17":0,"18":0},"f":{"0":0,"1":0,"2":0},"b":{"0":[0],"1":[0,0],"2":[0,0],"3":[0,0],"4":[0,0],"5":[0,0],"6":[0,0],"7":[0,0],"8":[0,0],"9":[0,0]},"_coverageSchema":"1a1c01bbd47fc00a2c39e90264f33305004495a9","hash":"aa8aef442a66e55c4276771007756514ae4b03af"}
,"D:\\My-Githup\\doctor-backend\\backend\\tests\\testUtils.js": {"path":"D:\\My-Githup\\doctor-backend\\backend\\tests\\testUtils.js","statementMap":{"0":{"start":{"line":9,"column":23},"end":{"line":9,"column":37}},"1":{"start":{"line":10,"column":26},"end":{"line":10,"column":54}},"2":{"start":{"line":10,"column":37},"end":{"line":10,"column":54}},"3":{"start":{"line":12,"column":28},"end":{"line":14,"column":1}},"4":{"start":{"line":13,"column":2},"end":{"line":13,"column":62}},"5":{"start":{"line":16,"column":29},"end":{"line":24,"column":1}},"6":{"start":{"line":23,"column":2},"end":{"line":23,"column":73}},"7":{"start":{"line":26,"column":31},"end":{"line":28,"column":1}},"8":{"start":{"line":27,"column":2},"end":{"line":27,"column":63}},"9":{"start":{"line":30,"column":33},"end":{"line":46,"column":1}},"10":{"start":{"line":38,"column":2},"end":{"line":45,"column":5}},"11":{"start":{"line":48,"column":21},"end":{"line":56,"column":1}},"12":{"start":{"line":49,"column":16},"end":{"line":49,"column":42}},"13":{"start":{"line":50,"column":2},"end":{"line":54,"column":3}},"14":{"start":{"line":51,"column":4},"end":{"line":53,"column":6}},"15":{"start":{"line":55,"column":2},"end":{"line":55,"column":15}},"16":{"start":{"line":58,"column":27},"end":{"line":63,"column":1}},"17":{"start":{"line":59,"column":19},"end":{"line":61,"column":30}},"18":{"start":{"line":62,"column":2},"end":{"line":62,"column":42}},"19":{"start":{"line":65,"column":28},"end":{"line":70,"column":1}},"20":{"start":{"line":66,"column":19},"end":{"line":68,"column":30}},"21":{"start":{"line":69,"column":2},"end":{"line":69,"column":43}},"22":{"start":{"line":72,"column":30},"end":{"line":77,"column":1}},"23":{"start":{"line":73,"column":19},"end":{"line":75,"column":30}},"24":{"start":{"line":76,"column":2},"end":{"line":76,"column":45}},"25":{"start":{"line":79,"column":33},"end":{"line":171,"column":1}},"26":{"start":{"line":80,"column":18},"end":{"line":85,"column":4}},"27":{"start":{"line":87,"column":18},"end":{"line":92,"column":4}},"28":{"start":{"line":94,"column":20},"end":{"line":100,"column":4}},"29":{"start":{"line":102,"column":20},"end":{"line":108,"column":4}},"30":{"start":{"line":110,"column":20},"end":{"line":116,"column":4}},"31":{"start":{"line":118,"column":21},"end":{"line":123,"column":4}},"32":{"start":{"line":125,"column":23},"end":{"line":128,"column":4}},"33":{"start":{"line":129,"column":23},"end":{"line":132,"column":4}},"34":{"start":{"line":133,"column":25},"end":{"line":136,"column":4}},"35":{"start":{"line":137,"column":25},"end":{"line":140,"column":4}},"36":{"start":{"line":141,"column":26},"end":{"line":144,"column":4}},"37":{"start":{"line":146,"column":2},"end":{"line":156,"column":3}},"38":{"start":{"line":153,"column":4},"end":{"line":155,"column":6}},"39":{"start":{"line":158,"column":2},"end":{"line":170,"column":4}},"40":{"start":{"line":173,"column":27},"end":{"line":173,"column":79}},"41":{"start":{"line":173,"column":38},"end":{"line":173,"column":79}}},"fnMap":{"0":{"name":"(anonymous_0)","decl":{"start":{"line":10,"column":26},"end":{"line":10,"column":27}},"loc":{"start":{"line":10,"column":37},"end":{"line":10,"column":54}},"line":10},"1":{"name":"(anonymous_1)","decl":{"start":{"line":12,"column":28},"end":{"line":12,"column":29}},"loc":{"start":{"line":12,"column":77},"end":{"line":14,"column":1}},"line":12},"2":{"name":"(anonymous_2)","decl":{"start":{"line":16,"column":29},"end":{"line":16,"column":30}},"loc":{"start":{"line":22,"column":6},"end":{"line":24,"column":1}},"line":22},"3":{"name":"(anonymous_3)","decl":{"start":{"line":26,"column":31},"end":{"line":26,"column":32}},"loc":{"start":{"line":26,"column":78},"end":{"line":28,"column":1}},"line":26},"4":{"name":"(anonymous_4)","decl":{"start":{"line":30,"column":33},"end":{"line":30,"column":34}},"loc":{"start":{"line":37,"column":6},"end":{"line":46,"column":1}},"line":37},"5":{"name":"(anonymous_5)","decl":{"start":{"line":48,"column":21},"end":{"line":48,"column":22}},"loc":{"start":{"line":48,"column":41},"end":{"line":56,"column":1}},"line":48},"6":{"name":"(anonymous_6)","decl":{"start":{"line":58,"column":27},"end":{"line":58,"column":28}},"loc":{"start":{"line":58,"column":58},"end":{"line":63,"column":1}},"line":58},"7":{"name":"(anonymous_7)","decl":{"start":{"line":65,"column":28},"end":{"line":65,"column":29}},"loc":{"start":{"line":65,"column":59},"end":{"line":70,"column":1}},"line":65},"8":{"name":"(anonymous_8)","decl":{"start":{"line":72,"column":30},"end":{"line":72,"column":31}},"loc":{"start":{"line":72,"column":61},"end":{"line":77,"column":1}},"line":72},"9":{"name":"(anonymous_9)","decl":{"start":{"line":79,"column":33},"end":{"line":79,"column":34}},"loc":{"start":{"line":79,"column":45},"end":{"line":171,"column":1}},"line":79},"10":{"name":"(anonymous_10)","decl":{"start":{"line":173,"column":27},"end":{"line":173,"column":28}},"loc":{"start":{"line":173,"column":38},"end":{"line":173,"column":79}},"line":173}},"branchMap":{"0":{"loc":{"start":{"line":34,"column":2},"end":{"line":34,"column":20}},"type":"default-arg","locations":[{"start":{"line":34,"column":13},"end":{"line":34,"column":20}}],"line":34},"1":{"loc":{"start":{"line":35,"column":2},"end":{"line":35,"column":28}},"type":"default-arg","locations":[{"start":{"line":35,"column":10},"end":{"line":35,"column":28}}],"line":35},"2":{"loc":{"start":{"line":36,"column":2},"end":{"line":36,"column":20}},"type":"default-arg","locations":[{"start":{"line":36,"column":11},"end":{"line":36,"column":20}}],"line":36},"3":{"loc":{"start":{"line":50,"column":2},"end":{"line":54,"column":3}},"type":"if","locations":[{"start":{"line":50,"column":2},"end":{"line":54,"column":3}},{"start":{},"end":{}}],"line":50},"4":{"loc":{"start":{"line":50,"column":6},"end":{"line":50,"column":39}},"type":"binary-expr","locations":[{"start":{"line":50,"column":6},"end":{"line":50,"column":12}},{"start":{"line":50,"column":16},"end":{"line":50,"column":39}}],"line":50},"5":{"loc":{"start":{"line":146,"column":2},"end":{"line":156,"column":3}},"type":"if","locations":[{"start":{"line":146,"column":2},"end":{"line":156,"column":3}},{"start":{},"end":{}}],"line":146},"6":{"loc":{"start":{"line":147,"column":4},"end":{"line":151,"column":20}},"type":"binary-expr","locations":[{"start":{"line":147,"column":4},"end":{"line":147,"column":17}},{"start":{"line":148,"column":4},"end":{"line":148,"column":17}},{"start":{"line":149,"column":4},"end":{"line":149,"column":19}},{"start":{"line":150,"column":4},"end":{"line":150,"column":19}},{"start":{"line":151,"column":4},"end":{"line":151,"column":20}}],"line":147}},"s":{"0":10,"1":10,"2":92,"3":10,"4":198,"5":10,"6":292,"7":10,"8":98,"9":10,"10":10,"11":10,"12":481,"13":481,"14":2,"15":479,"16":10,"17":194,"18":194,"19":10,"20":192,"21":192,"22":10,"23":95,"24":95,"25":10,"26":97,"27":97,"28":97,"29":97,"30":97,"31":97,"32":97,"33":97,"34":96,"35":96,"36":95,"37":95,"38":0,"39":95,"40":10,"41":3},"f":{"0":92,"1":198,"2":292,"3":98,"4":10,"5":481,"6":194,"7":192,"8":95,"9":97,"10":3},"b":{"0":[0],"1":[0],"2":[8],"3":[2,479],"4":[481,479],"5":[0,95],"6":[95,95,95,95,95]},"_coverageSchema":"1a1c01bbd47fc00a2c39e90264f33305004495a9","hash":"235d3a20f2aad9a97d338006688c371b61a9c611"}
}
