TN:
SF:src\app.js
FN:67,isAllowedOrigin
FN:98,(anonymous_1)
FN:141,(anonymous_2)
FN:159,(anonymous_3)
FN:222,(anonymous_4)
FN:232,(anonymous_5)
FN:241,(anonymous_6)
FNF:7
FNH:3
FNDA:0,isAllowedOrigin
FNDA:594,(anonymous_1)
FNDA:594,(anonymous_2)
FNDA:594,(anonymous_3)
FNDA:0,(anonymous_4)
FNDA:0,(anonymous_5)
FNDA:0,(anonymous_6)
DA:28,11
DA:35,11
DA:36,11
DA:49,11
DA:50,11
DA:57,11
DA:68,0
DA:69,0
DA:71,0
DA:72,0
DA:75,0
DA:76,0
DA:77,0
DA:82,0
DA:88,0
DA:91,0
DA:93,0
DA:97,11
DA:99,594
DA:100,594
DA:103,0
DA:104,0
DA:107,0
DA:125,11
DA:130,11
DA:141,11
DA:143,594
DA:144,594
DA:145,594
DA:149,594
DA:150,0
DA:153,594
DA:159,11
DA:161,594
DA:162,594
DA:164,594
DA:166,0
DA:167,0
DA:175,594
DA:181,594
DA:188,11
DA:193,11
DA:194,11
DA:199,11
DA:200,11
DA:201,11
DA:202,11
DA:203,11
DA:204,11
DA:205,11
DA:206,11
DA:207,11
DA:208,11
DA:209,11
DA:210,11
DA:211,11
DA:212,11
DA:213,11
DA:214,11
DA:215,11
DA:216,11
DA:217,11
DA:222,11
DA:223,0
DA:232,11
DA:233,0
DA:241,11
DA:242,0
DA:253,11
DA:254,11
LF:70
LH:50
BRDA:57,0,0,0
BRDA:57,0,1,11
BRDA:68,1,0,0
BRDA:68,1,1,0
BRDA:69,2,0,0
BRDA:69,2,1,0
BRDA:75,3,0,0
BRDA:75,3,1,0
BRDA:76,4,0,0
BRDA:76,4,1,0
BRDA:76,5,0,0
BRDA:76,5,1,0
BRDA:82,6,0,0
BRDA:82,6,1,0
BRDA:83,7,0,0
BRDA:83,7,1,0
BRDA:83,7,2,0
BRDA:83,7,3,0
BRDA:99,8,0,594
BRDA:99,8,1,0
BRDA:103,9,0,0
BRDA:103,9,1,0
BRDA:149,10,0,0
BRDA:149,10,1,594
BRDA:164,11,0,0
BRDA:164,11,1,594
BRDA:166,12,0,0
BRDA:166,12,1,0
BRDA:166,13,0,0
BRDA:166,13,1,0
BRDA:168,14,0,0
BRDA:168,14,1,0
BRDA:176,15,0,594
BRDA:176,15,1,594
BRDA:227,16,0,0
BRDA:227,16,1,0
BRDA:245,17,0,0
BRDA:245,17,1,0
BRDA:247,18,0,0
BRDA:247,18,1,0
BRDA:248,19,0,0
BRDA:248,19,1,0
BRF:42
BRH:6
end_of_record
TN:
SF:src\constants\roles.js
FNF:0
FNH:0
DA:1,11
LF:1
LH:1
BRF:0
BRH:0
end_of_record
TN:
SF:src\controllers\adminAnalyticsController.js
FN:20,(anonymous_0)
FN:308,(anonymous_1)
FN:359,(anonymous_2)
FN:442,(anonymous_3)
FN:484,(anonymous_4)
FN:497,(anonymous_5)
FN:497,(anonymous_6)
FN:519,maskPhoneNumber
FNF:8
FNH:0
FNDA:0,(anonymous_0)
FNDA:0,(anonymous_1)
FNDA:0,(anonymous_2)
FNDA:0,(anonymous_3)
FNDA:0,(anonymous_4)
FNDA:0,(anonymous_5)
FNDA:0,(anonymous_6)
FNDA:0,maskPhoneNumber
DA:20,11
DA:21,0
DA:22,0
DA:24,0
DA:35,0
DA:36,0
DA:37,0
DA:39,0
DA:40,0
DA:41,0
DA:42,0
DA:45,0
DA:46,0
DA:47,0
DA:51,0
DA:52,0
DA:53,0
DA:106,0
DA:111,0
DA:115,0
DA:116,0
DA:117,0
DA:140,0
DA:145,0
DA:149,0
DA:150,0
DA:151,0
DA:177,0
DA:182,0
DA:186,0
DA:187,0
DA:188,0
DA:197,0
DA:202,0
DA:206,0
DA:207,0
DA:208,0
DA:236,0
DA:241,0
DA:245,0
DA:246,0
DA:247,0
DA:252,0
DA:257,0
DA:261,0
DA:262,0
DA:263,0
DA:264,0
DA:265,0
DA:266,0
DA:267,0
DA:271,0
DA:275,0
DA:280,0
DA:287,0
DA:291,0
DA:309,0
DA:310,0
DA:319,0
DA:324,0
DA:325,0
DA:359,11
DA:360,0
DA:361,0
DA:363,0
DA:368,0
DA:369,0
DA:374,0
DA:375,0
DA:376,0
DA:380,0
DA:381,0
DA:382,0
DA:387,0
DA:388,0
DA:396,0
DA:421,0
DA:430,0
DA:431,0
DA:442,11
DA:443,0
DA:444,0
DA:446,0
DA:451,0
DA:452,0
DA:453,0
DA:455,0
DA:456,0
DA:457,0
DA:458,0
DA:461,0
DA:462,0
DA:463,0
DA:467,0
DA:474,0
DA:484,0
DA:496,0
DA:497,0
DA:500,0
DA:501,0
DA:505,0
DA:507,0
DA:508,0
DA:520,0
DA:521,0
DA:522,0
DA:523,0
DA:524,0
LF:108
LH:3
BRDA:22,0,0,0
BRDA:36,1,0,0
BRDA:36,1,1,0
BRDA:39,2,0,0
BRDA:39,2,1,0
BRDA:46,3,0,0
BRDA:46,3,1,0
BRDA:287,4,0,0
BRDA:287,4,1,0
BRDA:361,5,0,0
BRDA:361,6,0,0
BRDA:374,7,0,0
BRDA:374,7,1,0
BRDA:380,8,0,0
BRDA:380,8,1,0
BRDA:452,9,0,0
BRDA:452,9,1,0
BRDA:455,10,0,0
BRDA:455,10,1,0
BRDA:462,11,0,0
BRDA:462,11,1,0
BRDA:487,12,0,0
BRDA:487,12,1,0
BRDA:488,13,0,0
BRDA:488,13,1,0
BRDA:491,14,0,0
BRDA:491,14,1,0
BRDA:520,15,0,0
BRDA:520,15,1,0
BRF:29
BRH:0
end_of_record
TN:
SF:src\controllers\adminController.js
FN:32,(anonymous_0)
FN:165,(anonymous_1)
FN:241,(anonymous_2)
FN:309,(anonymous_3)
FN:315,(anonymous_4)
FN:334,(anonymous_5)
FN:335,(anonymous_6)
FN:353,(anonymous_7)
FN:404,(anonymous_8)
FN:464,(anonymous_9)
FNF:10
FNH:0
FNDA:0,(anonymous_0)
FNDA:0,(anonymous_1)
FNDA:0,(anonymous_2)
FNDA:0,(anonymous_3)
FNDA:0,(anonymous_4)
FNDA:0,(anonymous_5)
FNDA:0,(anonymous_6)
FNDA:0,(anonymous_7)
FNDA:0,(anonymous_8)
FNDA:0,(anonymous_9)
DA:8,11
DA:32,11
DA:33,0
DA:40,0
DA:43,0
DA:44,0
DA:52,0
DA:53,0
DA:54,0
DA:63,0
DA:70,0
DA:71,0
DA:72,0
DA:74,0
DA:75,0
DA:76,0
DA:77,0
DA:79,0
DA:81,0
DA:85,0
DA:86,0
DA:95,0
DA:100,0
DA:109,0
DA:117,0
DA:135,0
DA:137,0
DA:138,0
DA:145,0
DA:165,11
DA:166,0
DA:167,0
DA:168,0
DA:170,0
DA:171,0
DA:178,0
DA:180,0
DA:181,0
DA:188,0
DA:189,0
DA:197,0
DA:198,0
DA:199,0
DA:201,0
DA:210,0
DA:223,0
DA:224,0
DA:241,11
DA:242,0
DA:243,0
DA:245,0
DA:246,0
DA:253,0
DA:255,0
DA:256,0
DA:263,0
DA:264,0
DA:272,0
DA:273,0
DA:274,0
DA:276,0
DA:283,0
DA:295,0
DA:296,0
DA:309,11
DA:310,0
DA:311,0
DA:315,0
DA:316,0
DA:318,0
DA:322,0
DA:329,0
DA:334,0
DA:335,0
DA:340,0
DA:341,0
DA:353,11
DA:354,0
DA:355,0
DA:357,0
DA:359,0
DA:360,0
DA:367,0
DA:383,0
DA:384,0
DA:404,11
DA:405,0
DA:406,0
DA:407,0
DA:409,0
DA:410,0
DA:417,0
DA:418,0
DA:426,0
DA:428,0
DA:429,0
DA:436,0
DA:443,0
DA:455,0
DA:456,0
DA:464,11
DA:465,0
DA:467,0
DA:468,0
DA:470,0
DA:471,0
DA:477,0
DA:479,0
DA:480,0
DA:486,0
DA:492,0
DA:501,0
LF:112
LH:8
BRDA:43,0,0,0
BRDA:43,0,1,0
BRDA:43,1,0,0
BRDA:43,1,1,0
BRDA:53,2,0,0
BRDA:53,2,1,0
BRDA:63,3,0,0
BRDA:63,3,1,0
BRDA:74,4,0,0
BRDA:74,4,1,0
BRDA:76,5,0,0
BRDA:76,5,1,0
BRDA:85,6,0,0
BRDA:85,6,1,0
BRDA:95,7,0,0
BRDA:95,7,1,0
BRDA:125,8,0,0
BRDA:125,8,1,0
BRDA:128,9,0,0
BRDA:128,9,1,0
BRDA:129,10,0,0
BRDA:129,10,1,0
BRDA:137,11,0,0
BRDA:137,11,1,0
BRDA:170,12,0,0
BRDA:170,12,1,0
BRDA:180,13,0,0
BRDA:180,13,1,0
BRDA:188,14,0,0
BRDA:188,14,1,0
BRDA:205,15,0,0
BRDA:205,15,1,0
BRDA:245,16,0,0
BRDA:245,16,1,0
BRDA:255,17,0,0
BRDA:255,17,1,0
BRDA:263,18,0,0
BRDA:263,18,1,0
BRDA:318,19,0,0
BRDA:318,19,1,0
BRDA:325,20,0,0
BRDA:325,20,1,0
BRDA:359,21,0,0
BRDA:359,21,1,0
BRDA:409,22,0,0
BRDA:409,22,1,0
BRDA:417,23,0,0
BRDA:417,23,1,0
BRDA:428,24,0,0
BRDA:428,24,1,0
BRDA:470,25,0,0
BRDA:470,25,1,0
BRDA:479,26,0,0
BRDA:479,26,1,0
BRF:54
BRH:0
end_of_record
TN:
SF:src\controllers\adminNotificationController.js
FN:13,(anonymous_0)
FN:122,(anonymous_1)
FN:153,(anonymous_2)
FN:242,(anonymous_3)
FN:246,(anonymous_4)
FN:250,(anonymous_5)
FN:275,(anonymous_6)
FN:299,(anonymous_7)
FN:331,(anonymous_8)
FN:374,(anonymous_9)
FN:388,(anonymous_10)
FN:388,(anonymous_11)
FN:410,getNotificationStats
FN:426,(anonymous_13)
FN:430,(anonymous_14)
FN:440,maskPhoneNumber
FNF:16
FNH:0
FNDA:0,(anonymous_0)
FNDA:0,(anonymous_1)
FNDA:0,(anonymous_2)
FNDA:0,(anonymous_3)
FNDA:0,(anonymous_4)
FNDA:0,(anonymous_5)
FNDA:0,(anonymous_6)
FNDA:0,(anonymous_7)
FNDA:0,(anonymous_8)
FNDA:0,(anonymous_9)
FNDA:0,(anonymous_10)
FNDA:0,(anonymous_11)
FNDA:0,getNotificationStats
FNDA:0,(anonymous_13)
FNDA:0,(anonymous_14)
FNDA:0,maskPhoneNumber
DA:13,11
DA:14,0
DA:28,0
DA:31,0
DA:34,0
DA:35,0
DA:39,0
DA:40,0
DA:44,0
DA:45,0
DA:49,0
DA:50,0
DA:54,0
DA:55,0
DA:59,0
DA:60,0
DA:61,0
DA:62,0
DA:64,0
DA:65,0
DA:69,0
DA:76,0
DA:79,0
DA:81,0
DA:86,0
DA:87,0
DA:90,0
DA:117,0
DA:119,0
DA:122,0
DA:137,0
DA:142,0
DA:153,11
DA:154,0
DA:155,0
DA:158,0
DA:160,0
DA:161,0
DA:163,0
DA:164,0
DA:165,0
DA:166,0
DA:169,0
DA:175,0
DA:181,0
DA:187,0
DA:193,0
DA:206,0
DA:225,0
DA:242,0
DA:243,0
DA:246,0
DA:247,0
DA:250,0
DA:251,0
DA:254,0
DA:259,0
DA:264,0
DA:275,11
DA:276,0
DA:277,0
DA:279,0
DA:283,0
DA:291,0
DA:297,0
DA:299,0
DA:307,0
DA:315,0
DA:320,0
DA:331,11
DA:332,0
DA:333,0
DA:336,0
DA:338,0
DA:339,0
DA:340,0
DA:341,0
DA:343,0
DA:344,0
DA:345,0
DA:346,0
DA:349,0
DA:353,0
DA:361,0
DA:374,0
DA:387,0
DA:388,0
DA:391,0
DA:392,0
DA:396,0
DA:398,0
DA:399,0
DA:411,0
DA:416,0
DA:421,0
DA:426,0
DA:427,0
DA:430,0
DA:431,0
DA:434,0
DA:441,0
DA:442,0
DA:443,0
DA:444,0
DA:445,0
LF:105
LH:4
BRDA:24,0,0,0
BRDA:25,1,0,0
BRDA:26,2,0,0
BRDA:27,3,0,0
BRDA:34,4,0,0
BRDA:34,4,1,0
BRDA:39,5,0,0
BRDA:39,5,1,0
BRDA:44,6,0,0
BRDA:44,6,1,0
BRDA:49,7,0,0
BRDA:49,7,1,0
BRDA:54,8,0,0
BRDA:54,8,1,0
BRDA:59,9,0,0
BRDA:59,9,1,0
BRDA:59,10,0,0
BRDA:59,10,1,0
BRDA:61,11,0,0
BRDA:61,11,1,0
BRDA:64,12,0,0
BRDA:64,12,1,0
BRDA:81,13,0,0
BRDA:81,13,1,0
BRDA:83,14,0,0
BRDA:83,14,1,0
BRDA:86,15,0,0
BRDA:86,15,1,0
BRDA:160,16,0,0
BRDA:160,16,1,0
BRDA:161,17,0,0
BRDA:161,17,1,0
BRDA:163,18,0,0
BRDA:163,18,1,0
BRDA:163,19,0,0
BRDA:163,19,1,0
BRDA:165,20,0,0
BRDA:165,20,1,0
BRDA:166,21,0,0
BRDA:166,21,1,0
BRDA:230,22,0,0
BRDA:230,22,1,0
BRDA:235,23,0,0
BRDA:235,23,1,0
BRDA:277,24,0,0
BRDA:338,25,0,0
BRDA:338,25,1,0
BRDA:339,26,0,0
BRDA:339,26,1,0
BRDA:340,27,0,0
BRDA:340,27,1,0
BRDA:341,28,0,0
BRDA:341,28,1,0
BRDA:343,29,0,0
BRDA:343,29,1,0
BRDA:343,30,0,0
BRDA:343,30,1,0
BRDA:345,31,0,0
BRDA:345,31,1,0
BRDA:346,32,0,0
BRDA:346,32,1,0
BRDA:380,33,0,0
BRDA:380,33,1,0
BRDA:382,34,0,0
BRDA:382,34,1,0
BRDA:383,35,0,0
BRDA:383,35,1,0
BRDA:441,36,0,0
BRDA:441,36,1,0
BRF:69
BRH:0
end_of_record
TN:
SF:src\controllers\appointmentController.js
FN:29,(anonymous_0)
FN:37,(anonymous_1)
FN:73,(anonymous_2)
FN:94,(anonymous_3)
FN:111,(anonymous_4)
FN:521,(anonymous_5)
FN:558,(anonymous_6)
FN:563,(anonymous_7)
FN:571,(anonymous_8)
FN:615,(anonymous_9)
FN:681,(anonymous_10)
FN:684,(anonymous_11)
FN:769,(anonymous_12)
FN:899,(anonymous_13)
FN:902,(anonymous_14)
FN:1167,(anonymous_15)
FNF:16
FNH:5
FNDA:0,(anonymous_0)
FNDA:0,(anonymous_1)
FNDA:0,(anonymous_2)
FNDA:0,(anonymous_3)
FNDA:0,(anonymous_4)
FNDA:4,(anonymous_5)
FNDA:1,(anonymous_6)
FNDA:1,(anonymous_7)
FNDA:2,(anonymous_8)
FNDA:3,(anonymous_9)
FNDA:0,(anonymous_10)
FNDA:0,(anonymous_11)
FNDA:0,(anonymous_12)
FNDA:0,(anonymous_13)
FNDA:0,(anonymous_14)
FNDA:0,(anonymous_15)
DA:29,11
DA:30,0
DA:37,11
DA:43,0
DA:59,0
DA:60,0
DA:63,0
DA:64,0
DA:73,11
DA:74,0
DA:81,0
DA:83,0
DA:84,0
DA:85,0
DA:93,0
DA:95,0
DA:96,0
DA:97,0
DA:109,0
DA:112,0
DA:113,0
DA:115,0
DA:116,0
DA:128,0
DA:129,0
DA:142,0
DA:146,0
DA:147,0
DA:159,0
DA:163,0
DA:164,0
DA:172,0
DA:173,0
DA:181,0
DA:182,0
DA:191,0
DA:192,0
DA:194,0
DA:202,0
DA:203,0
DA:213,0
DA:214,0
DA:215,0
DA:220,0
DA:222,0
DA:223,0
DA:232,0
DA:233,0
DA:234,0
DA:241,0
DA:242,0
DA:250,0
DA:256,0
DA:257,0
DA:258,0
DA:266,0
DA:277,0
DA:278,0
DA:281,0
DA:284,0
DA:285,0
DA:301,0
DA:309,0
DA:310,0
DA:311,0
DA:313,0
DA:314,0
DA:315,0
DA:316,0
DA:317,0
DA:319,0
DA:321,0
DA:323,0
DA:342,0
DA:361,0
DA:364,0
DA:367,0
DA:368,0
DA:371,0
DA:372,0
DA:373,0
DA:377,0
DA:381,0
DA:382,0
DA:383,0
DA:384,0
DA:386,0
DA:388,0
DA:391,0
DA:410,0
DA:413,0
DA:430,0
DA:432,0
DA:433,0
DA:437,0
DA:444,0
DA:447,0
DA:453,0
DA:461,0
DA:462,0
DA:465,0
DA:483,0
DA:491,0
DA:495,0
DA:502,0
DA:508,0
DA:509,0
DA:521,11
DA:522,4
DA:523,4
DA:530,4
DA:531,0
DA:532,0
DA:539,4
DA:540,4
DA:542,4
DA:548,4
DA:549,0
DA:550,0
DA:557,4
DA:559,1
DA:560,1
DA:561,1
DA:564,1
DA:565,1
DA:569,1
DA:572,2
DA:578,2
DA:579,2
DA:583,4
DA:584,4
DA:585,0
DA:586,0
DA:593,4
DA:594,4
DA:595,0
DA:598,4
DA:599,4
DA:601,4
DA:608,4
DA:615,4
DA:617,3
DA:621,3
DA:622,0
DA:627,3
DA:628,0
DA:633,3
DA:639,3
DA:645,3
DA:660,4
DA:667,0
DA:668,0
DA:680,11
DA:682,0
DA:685,0
DA:686,0
DA:689,0
DA:690,0
DA:693,0
DA:698,0
DA:699,0
DA:707,0
DA:708,0
DA:716,0
DA:717,0
DA:724,0
DA:727,0
DA:733,0
DA:745,0
DA:746,0
DA:747,0
DA:749,0
DA:755,0
DA:756,0
DA:765,0
DA:766,0
DA:769,0
DA:770,0
DA:773,0
DA:775,0
DA:778,0
DA:779,0
DA:795,0
DA:803,0
DA:804,0
DA:805,0
DA:807,0
DA:808,0
DA:809,0
DA:810,0
DA:811,0
DA:813,0
DA:815,0
DA:817,0
DA:835,0
DA:853,0
DA:855,0
DA:856,0
DA:865,0
DA:871,0
DA:878,0
DA:884,0
DA:885,0
DA:898,11
DA:900,0
DA:903,0
DA:904,0
DA:907,0
DA:908,0
DA:916,0
DA:917,0
DA:918,0
DA:926,0
DA:927,0
DA:934,0
DA:935,0
DA:936,0
DA:937,0
DA:938,0
DA:940,0
DA:941,0
DA:957,0
DA:964,0
DA:965,0
DA:966,0
DA:968,0
DA:969,0
DA:970,0
DA:971,0
DA:973,0
DA:975,0
DA:994,0
DA:995,0
DA:1001,0
DA:1010,0
DA:1017,0
DA:1024,0
DA:1032,0
DA:1034,0
DA:1035,0
DA:1044,0
DA:1048,0
DA:1049,0
DA:1058,0
DA:1059,0
DA:1060,0
DA:1061,0
DA:1063,0
DA:1066,0
DA:1067,0
DA:1083,0
DA:1091,0
DA:1092,0
DA:1093,0
DA:1095,0
DA:1113,0
DA:1114,0
DA:1123,0
DA:1129,0
DA:1136,0
DA:1144,0
DA:1150,0
DA:1151,0
DA:1167,11
DA:1168,0
DA:1169,0
DA:1170,0
DA:1173,0
DA:1174,0
DA:1182,0
DA:1183,0
DA:1191,0
DA:1192,0
DA:1193,0
DA:1201,0
DA:1202,0
DA:1210,0
DA:1211,0
DA:1219,0
DA:1220,0
DA:1222,0
DA:1230,0
DA:1231,0
LF:283
LH:40
BRDA:41,0,0,0
BRDA:59,1,0,0
BRDA:59,1,1,0
BRDA:77,2,0,0
BRDA:96,3,0,0
BRDA:96,3,1,0
BRDA:115,4,0,0
BRDA:115,4,1,0
BRDA:128,5,0,0
BRDA:128,5,1,0
BRDA:146,6,0,0
BRDA:146,6,1,0
BRDA:163,7,0,0
BRDA:163,7,1,0
BRDA:163,8,0,0
BRDA:163,8,1,0
BRDA:172,9,0,0
BRDA:172,9,1,0
BRDA:181,10,0,0
BRDA:181,10,1,0
BRDA:202,11,0,0
BRDA:202,11,1,0
BRDA:214,12,0,0
BRDA:214,12,1,0
BRDA:222,13,0,0
BRDA:222,13,1,0
BRDA:233,14,0,0
BRDA:233,14,1,0
BRDA:241,15,0,0
BRDA:241,15,1,0
BRDA:257,16,0,0
BRDA:257,16,1,0
BRDA:272,17,0,0
BRDA:272,17,1,0
BRDA:274,18,0,0
BRDA:274,18,1,0
BRDA:277,19,0,0
BRDA:277,19,1,0
BRDA:297,20,0,0
BRDA:297,20,1,0
BRDA:313,21,0,0
BRDA:313,21,1,0
BRDA:314,22,0,0
BRDA:314,22,1,0
BRDA:315,23,0,0
BRDA:315,23,1,0
BRDA:316,24,0,0
BRDA:316,24,1,0
BRDA:386,25,0,0
BRDA:386,25,1,0
BRDA:397,26,0,0
BRDA:397,26,1,0
BRDA:430,27,0,0
BRDA:430,27,1,0
BRDA:525,28,0,4
BRDA:525,28,1,0
BRDA:527,29,0,4
BRDA:527,29,1,0
BRDA:530,30,0,0
BRDA:530,30,1,4
BRDA:540,31,0,4
BRDA:540,31,1,0
BRDA:548,32,0,0
BRDA:548,32,1,4
BRDA:548,33,0,4
BRDA:548,33,1,4
BRDA:584,34,0,0
BRDA:584,34,1,4
BRDA:594,35,0,0
BRDA:594,35,1,4
BRDA:617,36,0,3
BRDA:617,36,1,0
BRDA:621,37,0,0
BRDA:621,37,1,3
BRDA:627,38,0,0
BRDA:627,38,1,3
BRDA:633,39,0,3
BRDA:633,39,1,0
BRDA:639,40,0,3
BRDA:639,40,1,0
BRDA:648,41,0,3
BRDA:648,41,1,0
BRDA:649,42,0,3
BRDA:649,42,1,0
BRDA:650,43,0,3
BRDA:650,43,1,0
BRDA:653,44,0,3
BRDA:653,44,1,0
BRDA:654,45,0,3
BRDA:654,45,1,0
BRDA:655,46,0,3
BRDA:655,46,1,0
BRDA:689,47,0,0
BRDA:689,47,1,0
BRDA:698,48,0,0
BRDA:698,48,1,0
BRDA:707,49,0,0
BRDA:707,49,1,0
BRDA:716,50,0,0
BRDA:716,50,1,0
BRDA:724,51,0,0
BRDA:724,51,1,0
BRDA:727,52,0,0
BRDA:727,52,1,0
BRDA:728,53,0,0
BRDA:728,53,1,0
BRDA:728,53,2,0
BRDA:728,53,3,0
BRDA:747,54,0,0
BRDA:747,54,1,0
BRDA:755,55,0,0
BRDA:755,55,1,0
BRDA:807,56,0,0
BRDA:807,56,1,0
BRDA:808,57,0,0
BRDA:808,57,1,0
BRDA:809,58,0,0
BRDA:809,58,1,0
BRDA:810,59,0,0
BRDA:810,59,1,0
BRDA:907,60,0,0
BRDA:907,60,1,0
BRDA:916,61,0,0
BRDA:916,61,1,0
BRDA:916,62,0,0
BRDA:916,62,1,0
BRDA:917,63,0,0
BRDA:917,63,1,0
BRDA:926,64,0,0
BRDA:926,64,1,0
BRDA:968,65,0,0
BRDA:968,65,1,0
BRDA:969,66,0,0
BRDA:969,66,1,0
BRDA:970,67,0,0
BRDA:970,67,1,0
BRDA:1005,68,0,0
BRDA:1005,68,1,0
BRDA:1006,69,0,0
BRDA:1006,69,1,0
BRDA:1007,70,0,0
BRDA:1007,70,1,0
BRDA:1032,71,0,0
BRDA:1032,71,1,0
BRDA:1034,72,0,0
BRDA:1034,72,1,0
BRDA:1048,73,0,0
BRDA:1048,73,1,0
BRDA:1093,74,0,0
BRDA:1093,74,1,0
BRDA:1173,75,0,0
BRDA:1173,75,1,0
BRDA:1173,76,0,0
BRDA:1173,76,1,0
BRDA:1182,77,0,0
BRDA:1182,77,1,0
BRDA:1192,78,0,0
BRDA:1192,78,1,0
BRDA:1201,79,0,0
BRDA:1201,79,1,0
BRDA:1210,80,0,0
BRDA:1210,80,1,0
BRDA:1224,81,0,0
BRDA:1224,81,1,0
BRF:164
BRH:20
end_of_record
TN:
SF:src\controllers\appointmentViewController.js
FN:7,(anonymous_0)
FN:31,(anonymous_1)
FN:52,(anonymous_2)
FN:70,(anonymous_3)
FNF:4
FNH:0
FNDA:0,(anonymous_0)
FNDA:0,(anonymous_1)
FNDA:0,(anonymous_2)
FNDA:0,(anonymous_3)
DA:7,11
DA:8,0
DA:10,0
DA:11,0
DA:21,0
DA:31,0
DA:36,0
DA:42,0
DA:43,0
DA:52,11
DA:53,0
DA:55,0
DA:56,0
DA:63,0
DA:70,0
DA:71,0
DA:72,0
DA:73,0
DA:75,0
DA:79,0
DA:83,0
DA:84,0
DA:85,0
DA:89,0
DA:95,0
DA:96,0
LF:26
LH:2
BRDA:10,0,0,0
BRDA:10,0,1,0
BRDA:55,1,0,0
BRDA:55,1,1,0
BRDA:55,2,0,0
BRDA:55,2,1,0
BRDA:72,3,0,0
BRDA:72,3,1,0
BRDA:84,4,0,0
BRDA:84,4,1,0
BRF:10
BRH:0
end_of_record
TN:
SF:src\controllers\communicationController.js
FN:8,(anonymous_0)
FN:68,(anonymous_1)
FNF:2
FNH:0
FNDA:0,(anonymous_0)
FNDA:0,(anonymous_1)
DA:8,11
DA:9,0
DA:10,0
DA:11,0
DA:14,0
DA:15,0
DA:16,0
DA:24,0
DA:25,0
DA:32,0
DA:33,0
DA:41,0
DA:42,0
DA:43,0
DA:45,0
DA:54,0
DA:59,0
DA:68,11
DA:69,0
DA:70,0
DA:73,0
DA:74,0
DA:75,0
DA:82,0
DA:83,0
DA:84,0
DA:91,0
DA:92,0
DA:100,0
DA:101,0
DA:102,0
DA:104,0
DA:113,0
DA:118,0
LF:34
LH:2
BRDA:15,0,0,0
BRDA:15,0,1,0
BRDA:24,1,0,0
BRDA:24,1,1,0
BRDA:32,2,0,0
BRDA:32,2,1,0
BRDA:74,3,0,0
BRDA:74,3,1,0
BRDA:83,4,0,0
BRDA:83,4,1,0
BRDA:91,5,0,0
BRDA:91,5,1,0
BRF:12
BRH:0
end_of_record
TN:
SF:src\controllers\doctorAppointmentController.js
FN:23,(anonymous_0)
FN:30,(anonymous_1)
FN:66,(anonymous_2)
FN:171,(anonymous_3)
FN:214,(anonymous_4)
FN:274,(anonymous_5)
FN:332,(anonymous_6)
FN:614,(anonymous_7)
FN:694,(anonymous_8)
FN:933,(anonymous_9)
FN:956,(anonymous_10)
FN:1006,(anonymous_11)
FN:1123,(anonymous_12)
FN:1181,(anonymous_13)
FNF:14
FNH:10
FNDA:13,(anonymous_0)
FNDA:11,(anonymous_1)
FNDA:8,(anonymous_2)
FNDA:7,(anonymous_3)
FNDA:2,(anonymous_4)
FNDA:0,(anonymous_5)
FNDA:3,(anonymous_6)
FNDA:0,(anonymous_7)
FNDA:2,(anonymous_8)
FNDA:5,(anonymous_9)
FNDA:0,(anonymous_10)
FNDA:7,(anonymous_11)
FNDA:0,(anonymous_12)
FNDA:2,(anonymous_13)
DA:18,11
DA:23,11
DA:24,13
DA:30,11
DA:36,11
DA:53,11
DA:54,2
DA:57,11
DA:58,11
DA:66,11
DA:67,8
DA:68,8
DA:69,0
DA:76,8
DA:78,8
DA:79,1
DA:86,7
DA:87,1
DA:95,6
DA:96,6
DA:98,0
DA:101,6
DA:102,1
DA:109,5
DA:110,0
DA:117,5
DA:118,5
DA:119,1
DA:126,4
DA:131,4
DA:132,0
DA:139,4
DA:140,4
DA:142,4
DA:156,4
DA:162,0
DA:163,0
DA:171,11
DA:172,7
DA:174,7
DA:175,0
DA:183,7
DA:190,7
DA:195,7
DA:201,0
DA:202,0
DA:214,11
DA:215,2
DA:216,2
DA:217,0
DA:224,2
DA:230,2
DA:231,1
DA:239,1
DA:240,0
DA:247,1
DA:248,1
DA:249,1
DA:251,1
DA:256,1
DA:262,0
DA:263,0
DA:274,11
DA:275,0
DA:276,0
DA:277,0
DA:284,0
DA:286,0
DA:302,0
DA:304,0
DA:306,0
DA:308,0
DA:313,0
DA:319,0
DA:320,0
DA:332,11
DA:333,3
DA:334,3
DA:336,3
DA:345,3
DA:346,0
DA:354,3
DA:359,0
DA:367,3
DA:368,0
DA:376,3
DA:382,3
DA:383,2
DA:391,1
DA:392,0
DA:399,1
DA:403,0
DA:404,0
DA:405,0
DA:406,0
DA:414,0
DA:415,0
DA:423,0
DA:425,0
DA:426,0
DA:432,1
DA:434,1
DA:435,1
DA:437,0
DA:445,1
DA:446,0
DA:454,1
DA:455,1
DA:461,1
DA:462,0
DA:470,1
DA:473,1
DA:474,1
DA:475,0
DA:483,1
DA:489,1
DA:490,0
DA:498,1
DA:501,1
DA:508,1
DA:509,1
DA:510,1
DA:515,0
DA:519,0
DA:523,1
DA:524,0
DA:525,0
DA:531,0
DA:533,0
DA:534,0
DA:538,0
DA:554,0
DA:562,0
DA:563,0
DA:564,0
DA:565,0
DA:566,0
DA:568,0
DA:569,0
DA:570,0
DA:571,0
DA:574,0
DA:576,0
DA:577,0
DA:578,0
DA:579,0
DA:580,0
DA:581,0
DA:582,0
DA:583,0
DA:584,0
DA:585,0
DA:586,0
DA:587,0
DA:591,0
DA:592,0
DA:593,0
DA:594,0
DA:598,0
DA:615,0
DA:621,0
DA:622,0
DA:629,0
DA:630,0
DA:631,0
DA:633,0
DA:634,0
DA:642,0
DA:643,0
DA:651,0
DA:652,0
DA:663,0
DA:667,0
DA:675,1
DA:681,0
DA:682,0
DA:694,11
DA:695,2
DA:696,2
DA:708,2
DA:711,2
DA:712,0
DA:720,2
DA:721,0
DA:731,2
DA:732,0
DA:742,2
DA:743,0
DA:754,2
DA:755,5
DA:756,0
DA:769,2
DA:770,2
DA:772,5
DA:773,0
DA:783,5
DA:784,0
DA:795,5
DA:796,5
DA:798,0
DA:809,5
DA:810,0
DA:821,5
DA:822,0
DA:833,5
DA:834,0
DA:845,5
DA:853,2
DA:859,2
DA:860,0
DA:868,2
DA:869,0
DA:878,2
DA:879,0
DA:888,2
DA:889,5
DA:894,5
DA:895,0
DA:903,2
DA:904,2
DA:905,2
DA:907,2
DA:913,2
DA:914,2
DA:915,2
DA:920,0
DA:921,0
DA:925,2
DA:926,2
DA:927,2
DA:928,2
DA:929,2
DA:931,2
DA:934,5
DA:938,2
DA:941,2
DA:957,0
DA:963,2
DA:970,2
DA:979,0
DA:983,0
DA:987,2
DA:993,0
DA:994,0
DA:1006,11
DA:1007,7
DA:1009,7
DA:1010,0
DA:1017,7
DA:1023,7
DA:1024,2
DA:1032,5
DA:1033,0
DA:1041,5
DA:1042,0
DA:1050,5
DA:1051,5
DA:1052,5
DA:1055,5
DA:1057,5
DA:1060,5
DA:1061,5
DA:1063,5
DA:1065,5
DA:1082,0
DA:1090,5
DA:1091,5
DA:1092,5
DA:1093,5
DA:1094,5
DA:1095,5
DA:1097,5
DA:1102,5
DA:1107,5
DA:1124,0
DA:1130,5
DA:1137,5
DA:1146,0
DA:1150,0
DA:1158,5
DA:1162,5
DA:1168,0
DA:1169,0
DA:1181,11
DA:1182,2
DA:1183,2
DA:1186,2
DA:1187,0
DA:1195,2
DA:1201,2
DA:1202,1
DA:1210,1
DA:1211,0
DA:1219,1
DA:1224,1
DA:1225,0
DA:1234,1
DA:1237,1
DA:1238,1
DA:1239,1
DA:1242,1
DA:1244,1
DA:1251,1
DA:1252,1
DA:1254,1
DA:1256,1
DA:1275,0
DA:1283,1
DA:1284,1
DA:1285,1
DA:1286,1
DA:1287,1
DA:1289,1
DA:1307,0
DA:1311,0
DA:1319,1
DA:1320,1
DA:1321,1
DA:1328,1
DA:1337,1
DA:1341,1
DA:1348,1
DA:1354,0
DA:1355,0
LF:324
LH:190
BRDA:34,0,0,9
BRDA:53,1,0,2
BRDA:53,1,1,9
BRDA:68,2,0,0
BRDA:68,2,1,8
BRDA:68,3,0,8
BRDA:68,3,1,8
BRDA:76,4,0,1
BRDA:78,5,0,1
BRDA:78,5,1,7
BRDA:78,6,0,8
BRDA:78,6,1,8
BRDA:86,7,0,1
BRDA:86,7,1,6
BRDA:101,8,0,1
BRDA:101,8,1,5
BRDA:109,9,0,0
BRDA:109,9,1,5
BRDA:118,10,0,1
BRDA:118,10,1,4
BRDA:118,11,0,5
BRDA:118,11,1,5
BRDA:131,12,0,0
BRDA:131,12,1,4
BRDA:139,13,0,1
BRDA:139,13,1,3
BRDA:140,14,0,1
BRDA:140,14,1,3
BRDA:150,15,0,1
BRDA:150,15,1,3
BRDA:174,16,0,0
BRDA:174,16,1,7
BRDA:174,17,0,7
BRDA:174,17,1,7
BRDA:216,18,0,0
BRDA:216,18,1,2
BRDA:216,19,0,2
BRDA:216,19,1,2
BRDA:230,20,0,1
BRDA:230,20,1,1
BRDA:239,21,0,0
BRDA:239,21,1,1
BRDA:276,22,0,0
BRDA:276,22,1,0
BRDA:276,23,0,0
BRDA:276,23,1,0
BRDA:306,24,0,0
BRDA:306,24,1,0
BRDA:306,24,2,0
BRDA:345,25,0,0
BRDA:345,25,1,3
BRDA:345,26,0,3
BRDA:345,26,1,3
BRDA:354,27,0,0
BRDA:354,27,1,3
BRDA:355,28,0,3
BRDA:355,28,1,2
BRDA:355,28,2,1
BRDA:367,29,0,0
BRDA:367,29,1,3
BRDA:382,30,0,2
BRDA:382,30,1,1
BRDA:391,31,0,0
BRDA:391,31,1,1
BRDA:399,32,0,0
BRDA:399,32,1,1
BRDA:404,33,0,0
BRDA:404,33,1,0
BRDA:414,34,0,0
BRDA:414,34,1,0
BRDA:425,35,0,0
BRDA:425,35,1,0
BRDA:432,36,0,1
BRDA:432,36,1,0
BRDA:445,37,0,0
BRDA:445,37,1,1
BRDA:454,38,0,1
BRDA:454,38,1,0
BRDA:454,38,2,0
BRDA:461,39,0,0
BRDA:461,39,1,1
BRDA:473,40,0,1
BRDA:473,40,1,0
BRDA:474,41,0,0
BRDA:474,41,1,1
BRDA:489,42,0,0
BRDA:489,42,1,1
BRDA:523,43,0,0
BRDA:523,43,1,1
BRDA:531,44,0,0
BRDA:531,44,1,0
BRDA:533,45,0,0
BRDA:533,45,1,0
BRDA:534,46,0,0
BRDA:534,46,1,0
BRDA:565,47,0,0
BRDA:565,47,1,0
BRDA:566,48,0,0
BRDA:566,48,1,0
BRDA:574,49,0,0
BRDA:574,49,1,0
BRDA:576,50,0,0
BRDA:576,50,1,0
BRDA:582,51,0,0
BRDA:582,51,1,0
BRDA:587,52,0,0
BRDA:587,52,1,0
BRDA:588,53,0,0
BRDA:588,53,1,0
BRDA:621,54,0,0
BRDA:621,54,1,0
BRDA:629,55,0,0
BRDA:629,55,1,0
BRDA:630,56,0,0
BRDA:630,56,1,0
BRDA:631,57,0,0
BRDA:631,57,1,0
BRDA:633,58,0,0
BRDA:633,58,1,0
BRDA:642,59,0,0
BRDA:642,59,1,0
BRDA:651,60,0,0
BRDA:651,60,1,0
BRDA:700,61,0,2
BRDA:700,61,1,0
BRDA:704,62,0,2
BRDA:704,62,1,2
BRDA:711,63,0,0
BRDA:711,63,1,2
BRDA:711,64,0,2
BRDA:711,64,1,2
BRDA:720,65,0,0
BRDA:720,65,1,2
BRDA:731,66,0,0
BRDA:731,66,1,2
BRDA:742,67,0,0
BRDA:742,67,1,2
BRDA:755,68,0,0
BRDA:755,68,1,5
BRDA:755,69,0,5
BRDA:755,69,1,5
BRDA:755,69,2,5
BRDA:755,69,3,5
BRDA:772,70,0,0
BRDA:772,70,1,5
BRDA:772,71,0,5
BRDA:772,71,1,5
BRDA:783,72,0,0
BRDA:783,72,1,5
BRDA:809,73,0,0
BRDA:809,73,1,5
BRDA:821,74,0,0
BRDA:821,74,1,5
BRDA:833,75,0,0
BRDA:833,75,1,5
BRDA:859,76,0,0
BRDA:859,76,1,2
BRDA:868,77,0,0
BRDA:868,77,1,2
BRDA:878,78,0,0
BRDA:878,78,1,2
BRDA:894,79,0,0
BRDA:894,79,1,5
BRDA:928,80,0,2
BRDA:928,80,1,0
BRDA:929,81,0,2
BRDA:929,81,1,0
BRDA:974,82,0,2
BRDA:974,82,1,0
BRDA:975,83,0,2
BRDA:975,83,1,0
BRDA:976,84,0,2
BRDA:976,84,1,0
BRDA:1009,85,0,0
BRDA:1009,85,1,7
BRDA:1009,86,0,7
BRDA:1009,86,1,7
BRDA:1023,87,0,2
BRDA:1023,87,1,5
BRDA:1032,88,0,0
BRDA:1032,88,1,5
BRDA:1041,89,0,0
BRDA:1041,89,1,5
BRDA:1053,90,0,2
BRDA:1053,90,1,3
BRDA:1061,91,0,5
BRDA:1061,91,1,0
BRDA:1063,92,0,2
BRDA:1063,92,1,3
BRDA:1076,93,0,5
BRDA:1076,93,1,0
BRDA:1093,94,0,5
BRDA:1093,94,1,0
BRDA:1094,95,0,5
BRDA:1094,95,1,0
BRDA:1102,96,0,0
BRDA:1102,96,1,5
BRDA:1120,97,0,5
BRDA:1120,97,1,0
BRDA:1141,98,0,5
BRDA:1141,98,1,0
BRDA:1142,99,0,5
BRDA:1142,99,1,0
BRDA:1143,100,0,5
BRDA:1143,100,1,0
BRDA:1158,101,0,2
BRDA:1158,101,1,3
BRDA:1186,102,0,0
BRDA:1186,102,1,2
BRDA:1186,103,0,2
BRDA:1186,103,1,2
BRDA:1201,104,0,1
BRDA:1201,104,1,1
BRDA:1210,105,0,0
BRDA:1210,105,1,1
BRDA:1224,106,0,0
BRDA:1224,106,1,1
BRDA:1238,107,0,1
BRDA:1238,107,1,0
BRDA:1252,108,0,1
BRDA:1252,108,1,0
BRDA:1254,109,0,0
BRDA:1254,109,1,1
BRDA:1268,110,0,1
BRDA:1268,110,1,0
BRDA:1271,111,0,1
BRDA:1271,111,1,0
BRDA:1286,112,0,1
BRDA:1286,112,1,0
BRDA:1287,113,0,1
BRDA:1287,113,1,0
BRDA:1320,114,0,1
BRDA:1320,114,1,0
BRDA:1332,115,0,0
BRDA:1332,115,1,0
BRDA:1333,116,0,0
BRDA:1333,116,1,0
BRDA:1334,117,0,0
BRDA:1334,117,1,0
BRF:239
BRH:123
end_of_record
TN:
SF:src\controllers\doctorController.js
FN:6,(anonymous_0)
FN:16,(anonymous_1)
FN:21,(anonymous_2)
FN:39,(anonymous_3)
FN:52,(anonymous_4)
FN:64,(anonymous_5)
FN:122,(anonymous_6)
FN:129,(anonymous_7)
FN:242,(anonymous_8)
FN:302,(anonymous_9)
FN:356,(anonymous_10)
FN:409,(anonymous_11)
FN:480,(anonymous_12)
FN:540,(anonymous_13)
FN:548,(anonymous_14)
FN:578,(anonymous_15)
FN:599,(anonymous_16)
FNF:17
FNH:4
FNDA:0,(anonymous_0)
FNDA:0,(anonymous_1)
FNDA:0,(anonymous_2)
FNDA:0,(anonymous_3)
FNDA:0,(anonymous_4)
FNDA:0,(anonymous_5)
FNDA:200,(anonymous_6)
FNDA:202,(anonymous_7)
FNDA:0,(anonymous_8)
FNDA:0,(anonymous_9)
FNDA:0,(anonymous_10)
FNDA:0,(anonymous_11)
FNDA:1,(anonymous_12)
FNDA:0,(anonymous_13)
FNDA:2,(anonymous_14)
FNDA:0,(anonymous_15)
FNDA:0,(anonymous_16)
DA:6,11
DA:7,0
DA:8,0
DA:9,0
DA:10,0
DA:12,0
DA:16,11
DA:17,0
DA:18,0
DA:21,11
DA:27,0
DA:28,0
DA:31,0
DA:32,0
DA:35,0
DA:36,0
DA:37,0
DA:39,0
DA:40,0
DA:41,0
DA:45,0
DA:46,0
DA:51,0
DA:52,0
DA:54,0
DA:55,0
DA:59,0
DA:64,11
DA:65,0
DA:66,0
DA:69,0
DA:70,0
DA:77,0
DA:79,0
DA:80,0
DA:81,0
DA:88,0
DA:95,0
DA:106,0
DA:107,0
DA:114,0
DA:115,0
DA:122,11
DA:123,200
DA:129,11
DA:130,202
DA:131,202
DA:132,202
DA:135,202
DA:136,0
DA:137,0
DA:145,202
DA:146,202
DA:148,202
DA:149,1
DA:150,1
DA:157,201
DA:160,201
DA:161,0
DA:169,0
DA:177,201
DA:178,201
DA:179,201
DA:181,0
DA:182,0
DA:189,201
DA:190,1
DA:193,1
DA:200,200
DA:202,200
DA:203,200
DA:209,200
DA:223,200
DA:225,0
DA:228,0
DA:229,0
DA:242,11
DA:243,0
DA:244,0
DA:248,0
DA:249,0
DA:250,0
DA:257,0
DA:258,0
DA:264,0
DA:291,0
DA:293,0
DA:294,0
DA:302,11
DA:303,0
DA:304,0
DA:305,0
DA:306,0
DA:321,0
DA:323,0
DA:329,0
DA:330,0
DA:337,0
DA:338,0
DA:339,0
DA:346,0
DA:347,0
DA:348,0
DA:349,0
DA:351,0
DA:352,0
DA:354,0
DA:355,0
DA:356,0
DA:360,0
DA:361,0
DA:368,0
DA:369,0
DA:375,0
DA:377,0
DA:400,0
DA:401,0
DA:409,11
DA:410,0
DA:414,0
DA:415,0
DA:419,0
DA:420,0
DA:427,0
DA:434,0
DA:435,0
DA:442,0
DA:470,0
DA:471,0
DA:480,11
DA:481,1
DA:483,1
DA:484,1
DA:485,1
DA:490,1
DA:491,0
DA:499,1
DA:500,1
DA:503,1
DA:507,1
DA:513,1
DA:516,1
DA:517,1
DA:522,1
DA:539,1
DA:541,0
DA:542,0
DA:548,1
DA:549,2
DA:551,2
DA:562,1
DA:568,0
DA:569,0
DA:578,11
DA:579,0
DA:581,0
DA:582,0
DA:583,0
DA:589,0
DA:590,0
DA:597,0
DA:599,0
DA:600,0
DA:601,0
DA:603,0
DA:604,0
DA:605,0
DA:606,0
DA:614,0
DA:617,0
DA:620,0
DA:625,0
DA:630,0
DA:634,0
DA:640,0
DA:641,0
DA:649,0
DA:650,0
LF:178
LH:52
BRDA:7,0,0,0
BRDA:7,0,1,0
BRDA:10,1,0,0
BRDA:10,1,1,0
BRDA:17,2,0,0
BRDA:17,2,1,0
BRDA:17,3,0,0
BRDA:17,3,1,0
BRDA:21,4,0,0
BRDA:27,5,0,0
BRDA:27,5,1,0
BRDA:27,6,0,0
BRDA:27,6,1,0
BRDA:31,7,0,0
BRDA:31,7,1,0
BRDA:31,8,0,0
BRDA:31,8,1,0
BRDA:35,9,0,0
BRDA:35,9,1,0
BRDA:36,10,0,0
BRDA:36,10,1,0
BRDA:40,11,0,0
BRDA:40,11,1,0
BRDA:45,12,0,0
BRDA:45,12,1,0
BRDA:45,13,0,0
BRDA:45,13,1,0
BRDA:54,14,0,0
BRDA:54,14,1,0
BRDA:69,15,0,0
BRDA:69,15,1,0
BRDA:69,16,0,0
BRDA:69,16,1,0
BRDA:69,16,2,0
BRDA:80,17,0,0
BRDA:80,17,1,0
BRDA:106,18,0,0
BRDA:106,18,1,0
BRDA:135,19,0,0
BRDA:135,19,1,202
BRDA:135,20,0,202
BRDA:135,20,1,202
BRDA:148,21,0,1
BRDA:148,21,1,201
BRDA:160,22,0,0
BRDA:160,22,1,201
BRDA:189,23,0,1
BRDA:189,23,1,200
BRDA:228,24,0,0
BRDA:228,24,1,0
BRDA:248,25,0,0
BRDA:248,25,1,0
BRDA:274,26,0,0
BRDA:274,26,1,0
BRDA:275,27,0,0
BRDA:275,27,1,0
BRDA:276,28,0,0
BRDA:276,28,1,0
BRDA:277,29,0,0
BRDA:277,29,1,0
BRDA:278,30,0,0
BRDA:278,30,1,0
BRDA:279,31,0,0
BRDA:279,31,1,0
BRDA:284,32,0,0
BRDA:284,32,1,0
BRDA:305,33,0,0
BRDA:305,33,1,0
BRDA:321,34,0,0
BRDA:321,34,1,0
BRDA:329,35,0,0
BRDA:329,35,1,0
BRDA:338,36,0,0
BRDA:338,36,1,0
BRDA:346,37,0,0
BRDA:346,37,1,0
BRDA:346,38,0,0
BRDA:346,38,1,0
BRDA:347,39,0,0
BRDA:347,39,1,0
BRDA:347,40,0,0
BRDA:347,40,1,0
BRDA:348,41,0,0
BRDA:348,41,1,0
BRDA:351,42,0,0
BRDA:351,42,1,0
BRDA:354,43,0,0
BRDA:354,43,1,0
BRDA:360,44,0,0
BRDA:360,44,1,0
BRDA:360,45,0,0
BRDA:360,45,1,0
BRDA:368,46,0,0
BRDA:368,46,1,0
BRDA:368,47,0,0
BRDA:368,47,1,0
BRDA:370,48,0,0
BRDA:370,48,1,0
BRDA:371,49,0,0
BRDA:371,49,1,0
BRDA:383,50,0,0
BRDA:383,50,1,0
BRDA:384,51,0,0
BRDA:384,51,1,0
BRDA:385,52,0,0
BRDA:385,52,1,0
BRDA:386,53,0,0
BRDA:386,53,1,0
BRDA:387,54,0,0
BRDA:387,54,1,0
BRDA:388,55,0,0
BRDA:388,55,1,0
BRDA:393,56,0,0
BRDA:393,56,1,0
BRDA:414,57,0,0
BRDA:414,57,1,0
BRDA:414,57,2,0
BRDA:415,58,0,0
BRDA:415,58,1,0
BRDA:419,59,0,0
BRDA:419,59,1,0
BRDA:434,60,0,0
BRDA:434,60,1,0
BRDA:448,61,0,0
BRDA:448,61,1,0
BRDA:449,62,0,0
BRDA:449,62,1,0
BRDA:450,63,0,0
BRDA:450,63,1,0
BRDA:451,64,0,0
BRDA:451,64,1,0
BRDA:452,65,0,0
BRDA:452,65,1,0
BRDA:453,66,0,0
BRDA:453,66,1,0
BRDA:462,67,0,0
BRDA:462,67,1,0
BRDA:463,68,0,0
BRDA:463,68,1,0
BRDA:464,69,0,0
BRDA:464,69,1,0
BRDA:465,70,0,0
BRDA:465,70,1,0
BRDA:484,71,0,1
BRDA:484,71,1,0
BRDA:490,72,0,0
BRDA:490,72,1,1
BRDA:555,73,0,2
BRDA:555,73,1,2
BRDA:556,74,0,2
BRDA:556,74,1,2
BRDA:557,75,0,2
BRDA:557,75,1,2
BRDA:558,76,0,2
BRDA:558,76,1,2
BRDA:582,77,0,0
BRDA:582,77,1,0
BRDA:589,78,0,0
BRDA:589,78,1,0
BRDA:605,79,0,0
BRDA:605,79,1,0
BRDA:614,80,0,0
BRDA:614,80,1,0
BRDA:615,81,0,0
BRDA:615,81,1,0
BRF:165
BRH:18
end_of_record
TN:
SF:src\controllers\doctorTimelineController.js
FN:12,(anonymous_0)
FN:118,(anonymous_1)
FN:221,(anonymous_2)
FN:267,(anonymous_3)
FNF:4
FNH:2
FNDA:1,(anonymous_0)
FNDA:0,(anonymous_1)
FNDA:13,(anonymous_2)
FNDA:0,(anonymous_3)
DA:12,11
DA:13,1
DA:15,1
DA:16,0
DA:20,0
DA:27,1
DA:28,1
DA:31,1
DA:32,0
DA:39,1
DA:45,1
DA:46,1
DA:47,0
DA:57,1
DA:64,1
DA:66,1
DA:67,1
DA:75,1
DA:83,0
DA:94,0
DA:99,0
DA:105,0
DA:106,0
DA:118,11
DA:119,0
DA:121,0
DA:122,0
DA:129,0
DA:130,0
DA:133,0
DA:134,0
DA:141,0
DA:149,0
DA:150,0
DA:151,0
DA:160,0
DA:167,0
DA:169,0
DA:170,0
DA:174,0
DA:182,0
DA:197,0
DA:202,0
DA:208,0
DA:209,0
DA:221,11
DA:232,13
DA:233,13
DA:245,13
DA:251,13
DA:253,0
DA:259,0
DA:267,11
DA:273,0
DA:274,0
DA:280,0
DA:281,0
DA:284,0
DA:289,0
DA:295,0
DA:297,0
DA:302,0
LF:62
LH:21
BRDA:15,0,0,0
BRDA:15,0,1,1
BRDA:15,1,0,1
BRDA:15,1,1,1
BRDA:31,2,0,0
BRDA:31,2,1,1
BRDA:46,3,0,0
BRDA:46,3,1,1
BRDA:64,4,0,1
BRDA:64,4,1,1
BRDA:66,5,0,1
BRDA:66,5,1,0
BRDA:66,6,0,1
BRDA:66,6,1,1
BRDA:121,7,0,0
BRDA:121,7,1,0
BRDA:121,8,0,0
BRDA:121,8,1,0
BRDA:133,9,0,0
BRDA:133,9,1,0
BRDA:133,10,0,0
BRDA:133,10,1,0
BRDA:150,11,0,0
BRDA:150,11,1,0
BRDA:167,12,0,0
BRDA:167,12,1,0
BRDA:169,13,0,0
BRDA:169,13,1,0
BRDA:169,14,0,0
BRDA:169,14,1,0
BRDA:185,15,0,0
BRDA:185,15,1,0
BRDA:224,16,0,0
BRDA:227,17,0,0
BRDA:228,18,0,0
BRDA:229,19,0,0
BRDA:230,20,0,0
BRDA:271,21,0,0
BRDA:280,22,0,0
BRDA:280,22,1,0
BRF:40
BRH:10
end_of_record
TN:
SF:src\controllers\doctorTimelineFilteredController.js
FN:21,(anonymous_0)
FN:110,(anonymous_1)
FN:167,(anonymous_2)
FN:184,(anonymous_3)
FN:198,(anonymous_4)
FN:200,(anonymous_5)
FN:203,(anonymous_6)
FN:226,(anonymous_7)
FN:298,(anonymous_8)
FN:302,(anonymous_9)
FN:306,(anonymous_10)
FN:333,(anonymous_11)
FN:401,(anonymous_12)
FN:406,(anonymous_13)
FN:431,(anonymous_14)
FNF:15
FNH:0
FNDA:0,(anonymous_0)
FNDA:0,(anonymous_1)
FNDA:0,(anonymous_2)
FNDA:0,(anonymous_3)
FNDA:0,(anonymous_4)
FNDA:0,(anonymous_5)
FNDA:0,(anonymous_6)
FNDA:0,(anonymous_7)
FNDA:0,(anonymous_8)
FNDA:0,(anonymous_9)
FNDA:0,(anonymous_10)
FNDA:0,(anonymous_11)
FNDA:0,(anonymous_12)
FNDA:0,(anonymous_13)
FNDA:0,(anonymous_14)
DA:21,11
DA:22,0
DA:23,0
DA:24,0
DA:28,0
DA:35,0
DA:48,0
DA:50,0
DA:63,0
DA:69,0
DA:70,0
DA:73,0
DA:74,0
DA:78,0
DA:79,0
DA:80,0
DA:81,0
DA:83,0
DA:84,0
DA:85,0
DA:86,0
DA:91,0
DA:94,0
DA:97,0
DA:107,0
DA:110,0
DA:111,0
DA:113,0
DA:164,0
DA:165,0
DA:166,0
DA:167,0
DA:168,0
DA:177,0
DA:181,0
DA:184,0
DA:187,0
DA:198,0
DA:200,0
DA:203,0
DA:209,0
DA:214,0
DA:226,11
DA:227,0
DA:228,0
DA:229,0
DA:236,0
DA:237,0
DA:239,0
DA:240,0
DA:247,0
DA:253,0
DA:256,0
DA:270,0
DA:284,0
DA:297,0
DA:298,0
DA:302,0
DA:306,0
DA:312,0
DA:320,0
DA:321,0
DA:333,11
DA:334,0
DA:335,0
DA:336,0
DA:343,0
DA:344,0
DA:346,0
DA:350,0
DA:351,0
DA:352,0
DA:354,0
DA:355,0
DA:356,0
DA:357,0
DA:360,0
DA:365,0
DA:366,0
DA:370,0
DA:376,0
DA:383,0
DA:398,0
DA:402,0
DA:403,0
DA:406,0
DA:414,0
DA:419,0
DA:431,11
DA:432,0
DA:433,0
DA:434,0
DA:441,0
DA:443,0
DA:448,0
DA:454,0
DA:461,0
DA:466,0
LF:98
LH:4
BRDA:23,0,0,0
BRDA:23,0,1,0
BRDA:23,1,0,0
BRDA:23,1,1,0
BRDA:44,2,0,0
BRDA:45,3,0,0
BRDA:46,4,0,0
BRDA:69,5,0,0
BRDA:69,5,1,0
BRDA:73,6,0,0
BRDA:73,6,1,0
BRDA:73,7,0,0
BRDA:73,7,1,0
BRDA:78,8,0,0
BRDA:78,8,1,0
BRDA:78,9,0,0
BRDA:78,9,1,0
BRDA:80,10,0,0
BRDA:80,10,1,0
BRDA:83,11,0,0
BRDA:83,11,1,0
BRDA:94,12,0,0
BRDA:94,12,1,0
BRDA:107,13,0,0
BRDA:107,13,1,0
BRDA:111,14,0,0
BRDA:111,14,1,0
BRDA:116,15,0,0
BRDA:116,15,1,0
BRDA:118,16,0,0
BRDA:118,16,1,0
BRDA:126,17,0,0
BRDA:126,17,1,0
BRDA:128,18,0,0
BRDA:128,18,1,0
BRDA:132,19,0,0
BRDA:132,19,1,0
BRDA:134,20,0,0
BRDA:134,20,1,0
BRDA:143,21,0,0
BRDA:143,21,1,0
BRDA:150,22,0,0
BRDA:150,22,1,0
BRDA:158,23,0,0
BRDA:158,23,1,0
BRDA:165,24,0,0
BRDA:165,24,1,0
BRDA:165,25,0,0
BRDA:165,25,1,0
BRDA:172,26,0,0
BRDA:172,26,1,0
BRDA:228,27,0,0
BRDA:228,27,1,0
BRDA:228,28,0,0
BRDA:228,28,1,0
BRDA:237,29,0,0
BRDA:239,30,0,0
BRDA:239,30,1,0
BRDA:239,31,0,0
BRDA:239,31,1,0
BRDA:335,32,0,0
BRDA:335,32,1,0
BRDA:335,33,0,0
BRDA:335,33,1,0
BRDA:351,34,0,0
BRDA:351,34,1,0
BRDA:354,35,0,0
BRDA:354,35,1,0
BRDA:365,36,0,0
BRDA:365,36,1,0
BRDA:405,37,0,0
BRDA:405,37,1,0
BRDA:408,38,0,0
BRDA:408,38,1,0
BRDA:433,39,0,0
BRDA:433,39,1,0
BRDA:433,40,0,0
BRDA:433,40,1,0
BRF:78
BRH:0
end_of_record
TN:
SF:src\controllers\financialController.js
FN:14,(anonymous_0)
FN:19,(anonymous_1)
FN:33,(anonymous_2)
FN:41,(anonymous_3)
FN:58,(anonymous_4)
FN:171,(anonymous_5)
FN:210,(anonymous_6)
FN:222,(anonymous_7)
FN:224,(anonymous_8)
FN:243,(anonymous_9)
FN:280,(anonymous_10)
FN:314,(anonymous_11)
FN:423,(anonymous_12)
FN:470,(anonymous_13)
FN:506,(anonymous_14)
FN:538,(anonymous_15)
FN:573,(anonymous_16)
FN:581,(anonymous_17)
FN:586,(anonymous_18)
FNF:19
FNH:18
FNDA:4,(anonymous_0)
FNDA:6,(anonymous_1)
FNDA:8,(anonymous_2)
FNDA:3,(anonymous_3)
FNDA:6,(anonymous_4)
FNDA:2,(anonymous_5)
FNDA:2,(anonymous_6)
FNDA:0,(anonymous_7)
FNDA:2,(anonymous_8)
FNDA:1,(anonymous_9)
FNDA:1,(anonymous_10)
FNDA:3,(anonymous_11)
FNDA:1,(anonymous_12)
FNDA:1,(anonymous_13)
FNDA:1,(anonymous_14)
FNDA:3,(anonymous_15)
FNDA:1,(anonymous_16)
FNDA:1,(anonymous_17)
FNDA:1,(anonymous_18)
DA:14,11
DA:15,4
DA:19,11
DA:20,6
DA:23,6
DA:24,1
DA:25,1
DA:26,1
DA:28,0
DA:30,5
DA:33,11
DA:34,8
DA:38,8
DA:41,11
DA:42,3
DA:43,3
DA:44,3
DA:58,11
DA:59,6
DA:60,6
DA:62,6
DA:63,1
DA:71,5
DA:72,5
DA:73,0
DA:81,5
DA:82,5
DA:84,2
DA:86,2
DA:90,1
DA:98,3
DA:99,3
DA:100,1
DA:108,3
DA:118,2
DA:121,2
DA:122,2
DA:123,2
DA:125,2
DA:126,2
DA:144,0
DA:149,0
DA:156,2
DA:162,1
DA:163,1
DA:171,11
DA:172,2
DA:173,2
DA:174,2
DA:175,2
DA:176,0
DA:183,2
DA:184,0
DA:191,2
DA:192,2
DA:193,0
DA:200,2
DA:205,2
DA:210,2
DA:221,2
DA:222,0
DA:224,2
DA:225,2
DA:228,2
DA:234,0
DA:235,0
DA:243,11
DA:244,1
DA:245,1
DA:246,1
DA:247,1
DA:249,1
DA:250,1
DA:251,0
DA:258,1
DA:259,1
DA:260,1
DA:261,1
DA:263,1
DA:265,1
DA:271,0
DA:272,0
DA:280,11
DA:281,1
DA:282,1
DA:283,1
DA:285,1
DA:289,1
DA:290,0
DA:297,1
DA:299,1
DA:305,0
DA:306,0
DA:314,11
DA:315,3
DA:316,3
DA:318,3
DA:321,3
DA:332,3
DA:340,1
DA:347,1
DA:355,2
DA:360,2
DA:361,0
DA:369,2
DA:370,2
DA:381,2
DA:382,2
DA:383,2
DA:384,2
DA:390,0
DA:400,2
DA:405,2
DA:408,2
DA:414,0
DA:415,0
DA:423,11
DA:424,1
DA:425,1
DA:426,1
DA:427,1
DA:428,0
DA:434,1
DA:435,0
DA:442,1
DA:443,1
DA:444,0
DA:451,1
DA:455,1
DA:461,0
DA:462,0
DA:470,11
DA:471,1
DA:472,1
DA:473,1
DA:474,1
DA:476,1
DA:477,1
DA:478,0
DA:485,1
DA:486,1
DA:487,1
DA:489,1
DA:491,1
DA:497,0
DA:498,0
DA:506,11
DA:507,1
DA:508,1
DA:509,1
DA:511,1
DA:515,1
DA:516,0
DA:523,1
DA:529,0
DA:530,0
DA:538,11
DA:539,3
DA:540,3
DA:541,3
DA:542,3
DA:543,1
DA:550,2
DA:551,0
DA:558,2
DA:559,2
DA:560,1
DA:567,1
DA:572,1
DA:573,1
DA:574,1
DA:575,1
DA:581,1
DA:582,1
DA:585,1
DA:587,1
DA:588,1
DA:589,1
DA:590,1
DA:595,1
DA:606,0
DA:607,0
LF:182
LH:148
BRDA:15,0,0,4
BRDA:15,0,1,0
BRDA:21,1,0,6
BRDA:21,1,1,0
BRDA:21,1,2,0
BRDA:23,2,0,1
BRDA:23,2,1,5
BRDA:24,3,0,1
BRDA:24,3,1,0
BRDA:25,4,0,1
BRDA:25,4,1,0
BRDA:25,5,0,1
BRDA:25,5,1,1
BRDA:42,6,0,3
BRDA:42,6,1,2
BRDA:43,7,0,3
BRDA:43,7,1,0
BRDA:50,8,0,3
BRDA:50,8,1,3
BRDA:60,9,0,6
BRDA:60,9,1,0
BRDA:62,10,0,1
BRDA:62,10,1,5
BRDA:62,11,0,6
BRDA:62,11,1,6
BRDA:62,11,2,5
BRDA:72,12,0,0
BRDA:72,12,1,5
BRDA:82,13,0,2
BRDA:82,13,1,3
BRDA:86,14,0,1
BRDA:86,14,1,1
BRDA:87,15,0,2
BRDA:87,15,1,2
BRDA:99,16,0,1
BRDA:99,16,1,2
BRDA:113,17,0,3
BRDA:113,17,1,1
BRDA:114,18,0,3
BRDA:114,18,1,2
BRDA:123,19,0,2
BRDA:123,19,1,0
BRDA:175,20,0,0
BRDA:175,20,1,2
BRDA:183,21,0,0
BRDA:183,21,1,2
BRDA:192,22,0,0
BRDA:192,22,1,2
BRDA:247,23,0,1
BRDA:247,23,1,0
BRDA:250,24,0,0
BRDA:250,24,1,1
BRDA:258,25,0,0
BRDA:258,25,1,1
BRDA:259,26,0,0
BRDA:259,26,1,1
BRDA:260,27,0,1
BRDA:260,27,1,0
BRDA:261,28,0,1
BRDA:261,28,1,0
BRDA:261,29,0,1
BRDA:261,29,1,0
BRDA:289,30,0,0
BRDA:289,30,1,1
BRDA:318,31,0,3
BRDA:318,31,1,0
BRDA:332,32,0,1
BRDA:332,32,1,2
BRDA:333,33,0,3
BRDA:333,33,1,3
BRDA:333,33,2,3
BRDA:333,33,3,3
BRDA:333,33,4,3
BRDA:333,33,5,2
BRDA:360,34,0,0
BRDA:360,34,1,2
BRDA:369,35,0,1
BRDA:369,35,1,1
BRDA:377,36,0,2
BRDA:377,36,1,2
BRDA:383,37,0,2
BRDA:383,37,1,0
BRDA:383,37,2,0
BRDA:391,38,0,0
BRDA:391,38,1,0
BRDA:395,39,0,0
BRDA:395,39,1,0
BRDA:427,40,0,0
BRDA:427,40,1,1
BRDA:434,41,0,0
BRDA:434,41,1,1
BRDA:443,42,0,0
BRDA:443,42,1,1
BRDA:474,43,0,1
BRDA:474,43,1,0
BRDA:477,44,0,0
BRDA:477,44,1,1
BRDA:485,45,0,1
BRDA:485,45,1,0
BRDA:486,46,0,0
BRDA:486,46,1,1
BRDA:487,47,0,1
BRDA:487,47,1,0
BRDA:515,48,0,0
BRDA:515,48,1,1
BRDA:542,49,0,1
BRDA:542,49,1,2
BRDA:550,50,0,0
BRDA:550,50,1,2
BRDA:559,51,0,1
BRDA:559,51,1,1
BRDA:577,52,0,1
BRDA:577,52,1,1
BRDA:577,53,0,1
BRDA:577,53,1,0
BRF:115
BRH:76
end_of_record
TN:
SF:src\controllers\notificationController.js
FN:19,(anonymous_0)
FN:80,(anonymous_1)
FN:129,(anonymous_2)
FN:183,(anonymous_3)
FN:216,(anonymous_4)
FN:241,(anonymous_5)
FN:291,(anonymous_6)
FN:338,(anonymous_7)
FN:421,(anonymous_8)
FN:470,(anonymous_9)
FN:527,(anonymous_10)
FN:558,(anonymous_11)
FN:612,(anonymous_12)
FN:645,(anonymous_13)
FN:705,(anonymous_14)
FN:717,(anonymous_15)
FN:751,(anonymous_16)
FN:775,(anonymous_17)
FN:789,(anonymous_18)
FN:799,(anonymous_19)
FN:827,(anonymous_20)
FN:865,(anonymous_21)
FN:903,(anonymous_22)
FN:940,(anonymous_23)
FN:977,(anonymous_24)
FN:1006,(anonymous_25)
FN:1039,(anonymous_26)
FN:1081,(anonymous_27)
FN:1102,(anonymous_28)
FN:1161,(anonymous_29)
FN:1215,(anonymous_30)
FN:1236,(anonymous_31)
FN:1267,(anonymous_32)
FNF:33
FNH:22
FNDA:0,(anonymous_0)
FNDA:0,(anonymous_1)
FNDA:0,(anonymous_2)
FNDA:2,(anonymous_3)
FNDA:4,(anonymous_4)
FNDA:0,(anonymous_5)
FNDA:0,(anonymous_6)
FNDA:38,(anonymous_7)
FNDA:34,(anonymous_8)
FNDA:10,(anonymous_9)
FNDA:1,(anonymous_10)
FNDA:1,(anonymous_11)
FNDA:1,(anonymous_12)
FNDA:2,(anonymous_13)
FNDA:13,(anonymous_14)
FNDA:16,(anonymous_15)
FNDA:16,(anonymous_16)
FNDA:16,(anonymous_17)
FNDA:9,(anonymous_18)
FNDA:0,(anonymous_19)
FNDA:0,(anonymous_20)
FNDA:5,(anonymous_21)
FNDA:2,(anonymous_22)
FNDA:0,(anonymous_23)
FNDA:7,(anonymous_24)
FNDA:2,(anonymous_25)
FNDA:0,(anonymous_26)
FNDA:2,(anonymous_27)
FNDA:8,(anonymous_28)
FNDA:0,(anonymous_29)
FNDA:7,(anonymous_30)
FNDA:2,(anonymous_31)
FNDA:0,(anonymous_32)
DA:19,11
DA:20,0
DA:21,0
DA:22,0
DA:23,0
DA:30,0
DA:31,0
DA:33,0
DA:39,0
DA:40,0
DA:43,0
DA:45,0
DA:51,0
DA:56,0
DA:64,0
DA:69,0
DA:80,11
DA:81,0
DA:82,0
DA:83,0
DA:85,0
DA:86,0
DA:93,0
DA:100,0
DA:101,0
DA:108,0
DA:113,0
DA:118,0
DA:129,11
DA:130,0
DA:131,0
DA:132,0
DA:134,0
DA:135,0
DA:142,0
DA:153,0
DA:154,0
DA:161,0
DA:167,0
DA:172,0
DA:183,11
DA:184,2
DA:185,2
DA:187,2
DA:188,0
DA:195,2
DA:201,2
DA:210,2
DA:216,2
DA:217,4
DA:220,2
DA:225,0
DA:230,0
DA:241,11
DA:242,0
DA:243,0
DA:244,0
DA:246,0
DA:247,0
DA:254,0
DA:265,0
DA:266,0
DA:273,0
DA:279,0
DA:280,0
DA:291,11
DA:292,0
DA:293,0
DA:294,0
DA:296,0
DA:297,0
DA:299,0
DA:301,0
DA:307,0
DA:315,0
DA:320,0
DA:338,11
DA:339,38
DA:357,38
DA:360,38
DA:380,34
DA:389,34
DA:390,34
DA:391,16
DA:392,16
DA:401,18
DA:402,18
DA:412,0
DA:421,34
DA:422,34
DA:423,34
DA:424,34
DA:427,34
DA:428,4
DA:429,30
DA:430,12
DA:432,18
DA:433,18
DA:437,34
DA:440,34
DA:441,3
DA:442,3
DA:444,3
DA:452,0
DA:459,34
DA:461,4
DA:462,4
DA:470,11
DA:471,10
DA:473,10
DA:474,10
DA:475,0
DA:482,10
DA:484,10
DA:490,10
DA:491,1
DA:494,10
DA:500,10
DA:505,10
DA:514,0
DA:515,0
DA:527,11
DA:528,1
DA:529,1
DA:530,1
DA:531,0
DA:538,1
DA:540,1
DA:545,0
DA:546,0
DA:558,11
DA:559,1
DA:560,1
DA:561,1
DA:563,1
DA:564,0
DA:571,1
DA:585,1
DA:586,0
DA:593,1
DA:599,0
DA:600,0
DA:612,11
DA:613,1
DA:614,1
DA:616,1
DA:617,0
DA:624,1
DA:626,1
DA:632,0
DA:633,0
DA:645,11
DA:646,2
DA:647,2
DA:648,2
DA:650,2
DA:651,0
DA:658,2
DA:672,2
DA:673,0
DA:680,2
DA:686,0
DA:687,0
DA:705,11
DA:706,13
DA:707,0
DA:710,13
DA:711,13
DA:712,0
DA:714,13
DA:717,11
DA:735,16
DA:736,16
DA:737,3
DA:740,16
DA:741,13
DA:742,13
DA:743,13
DA:747,16
DA:748,0
DA:751,16
DA:752,16
DA:773,16
DA:774,16
DA:775,16
DA:777,16
DA:778,14
DA:789,11
DA:790,9
DA:791,6
DA:793,3
DA:794,3
DA:796,0
DA:799,11
DA:804,0
DA:805,0
DA:807,0
DA:827,11
DA:835,0
DA:836,0
DA:837,0
DA:839,0
DA:845,0
DA:865,11
DA:873,5
DA:874,5
DA:875,5
DA:877,5
DA:883,5
DA:903,11
DA:911,2
DA:912,2
DA:914,2
DA:920,2
DA:940,11
DA:948,0
DA:949,0
DA:951,0
DA:957,0
DA:977,11
DA:983,7
DA:984,7
DA:985,7
DA:1006,11
DA:1015,2
DA:1016,2
DA:1017,2
DA:1018,2
DA:1020,2
DA:1039,11
DA:1048,0
DA:1051,0
DA:1052,0
DA:1055,0
DA:1057,0
DA:1058,0
DA:1059,0
DA:1060,0
DA:1062,0
DA:1081,11
DA:1087,2
DA:1102,11
DA:1108,8
DA:1136,8
DA:1138,8
DA:1161,11
DA:1162,0
DA:1163,0
DA:1167,0
DA:1168,0
DA:1172,0
DA:1175,0
DA:1177,0
DA:1195,0
DA:1201,0
DA:1215,11
DA:1220,7
DA:1236,11
DA:1242,2
DA:1267,11
DA:1273,0
DA:1274,0
DA:1278,0
DA:1279,0
DA:1280,0
DA:1283,0
DA:1286,0
DA:1304,0
DA:1311,0
DA:1320,0
DA:1322,0
LF:271
LH:146
BRDA:22,0,0,0
BRDA:22,0,1,0
BRDA:39,1,0,0
BRDA:39,1,1,0
BRDA:85,2,0,0
BRDA:85,2,1,0
BRDA:100,3,0,0
BRDA:100,3,1,0
BRDA:134,4,0,0
BRDA:134,4,1,0
BRDA:153,5,0,0
BRDA:153,5,1,0
BRDA:187,6,0,0
BRDA:187,6,1,2
BRDA:246,7,0,0
BRDA:246,7,1,0
BRDA:265,8,0,0
BRDA:265,8,1,0
BRDA:293,9,0,0
BRDA:293,10,0,0
BRDA:296,11,0,0
BRDA:296,11,1,0
BRDA:297,12,0,0
BRDA:297,12,1,0
BRDA:390,13,0,16
BRDA:390,13,1,18
BRDA:390,14,0,34
BRDA:390,14,1,30
BRDA:391,15,0,16
BRDA:391,15,1,0
BRDA:401,16,0,18
BRDA:401,16,1,0
BRDA:427,17,0,4
BRDA:427,17,1,30
BRDA:429,18,0,12
BRDA:429,18,1,18
BRDA:432,19,0,18
BRDA:432,19,1,0
BRDA:440,20,0,3
BRDA:440,20,1,31
BRDA:474,21,0,0
BRDA:474,21,1,10
BRDA:482,22,0,7
BRDA:482,23,0,8
BRDA:482,24,0,9
BRDA:490,25,0,1
BRDA:490,25,1,9
BRDA:530,26,0,0
BRDA:530,26,1,1
BRDA:563,27,0,0
BRDA:563,27,1,1
BRDA:585,28,0,0
BRDA:585,28,1,1
BRDA:616,29,0,0
BRDA:616,29,1,1
BRDA:650,30,0,0
BRDA:650,30,1,2
BRDA:672,31,0,0
BRDA:672,31,1,2
BRDA:706,32,0,0
BRDA:706,32,1,13
BRDA:711,33,0,0
BRDA:711,33,1,13
BRDA:720,34,0,0
BRDA:721,35,0,0
BRDA:736,36,0,3
BRDA:736,36,1,13
BRDA:736,37,0,16
BRDA:736,37,1,3
BRDA:740,38,0,13
BRDA:740,38,1,3
BRDA:740,39,0,16
BRDA:740,39,1,13
BRDA:747,40,0,0
BRDA:747,40,1,16
BRDA:777,41,0,14
BRDA:777,41,1,2
BRDA:777,42,0,16
BRDA:777,42,1,16
BRDA:790,43,0,6
BRDA:790,43,1,3
BRDA:793,44,0,3
BRDA:793,44,1,0
BRDA:839,45,0,0
BRDA:839,45,1,0
BRDA:841,46,0,0
BRDA:841,46,1,0
BRDA:877,47,0,2
BRDA:877,47,1,3
BRDA:879,48,0,3
BRDA:879,48,1,0
BRDA:914,49,0,0
BRDA:914,49,1,2
BRDA:916,50,0,2
BRDA:916,50,1,0
BRDA:951,51,0,0
BRDA:951,51,1,0
BRDA:953,52,0,0
BRDA:953,52,1,0
BRDA:983,53,0,7
BRDA:983,53,1,0
BRDA:1011,54,0,0
BRDA:1015,55,0,2
BRDA:1015,55,1,0
BRDA:1017,56,0,2
BRDA:1017,56,1,0
BRDA:1018,57,0,2
BRDA:1018,57,1,0
BRDA:1044,58,0,0
BRDA:1049,59,0,0
BRDA:1049,59,1,0
BRDA:1051,60,0,0
BRDA:1051,60,1,0
BRDA:1059,61,0,0
BRDA:1059,61,1,0
BRDA:1060,62,0,0
BRDA:1060,62,1,0
BRDA:1063,63,0,0
BRDA:1063,63,1,0
BRDA:1136,64,0,8
BRDA:1136,64,1,0
BRDA:1164,65,0,0
BRDA:1164,65,1,0
BRDA:1167,66,0,0
BRDA:1167,66,1,0
BRDA:1167,67,0,0
BRDA:1167,67,1,0
BRDA:1175,68,0,0
BRDA:1175,68,1,0
BRDA:1188,69,0,0
BRDA:1188,69,1,0
BRDA:1275,70,0,0
BRDA:1275,70,1,0
BRDA:1278,71,0,0
BRDA:1278,71,1,0
BRDA:1278,72,0,0
BRDA:1278,72,1,0
BRDA:1283,73,0,0
BRDA:1283,73,1,0
BRF:139
BRH:54
end_of_record
TN:
SF:src\controllers\notificationPreferencesController.js
FN:15,(anonymous_0)
FN:74,(anonymous_1)
FN:203,(anonymous_2)
FN:280,(anonymous_3)
FN:362,(anonymous_4)
FNF:5
FNH:0
FNDA:0,(anonymous_0)
FNDA:0,(anonymous_1)
FNDA:0,(anonymous_2)
FNDA:0,(anonymous_3)
FNDA:0,(anonymous_4)
DA:15,11
DA:16,0
DA:17,0
DA:18,0
DA:20,0
DA:21,0
DA:28,0
DA:34,0
DA:40,0
DA:42,0
DA:47,0
DA:52,0
DA:57,0
DA:62,0
DA:74,11
DA:75,0
DA:76,0
DA:77,0
DA:79,0
DA:80,0
DA:97,0
DA:99,0
DA:105,0
DA:111,0
DA:112,0
DA:119,0
DA:120,0
DA:123,0
DA:124,0
DA:130,0
DA:131,0
DA:132,0
DA:134,0
DA:135,0
DA:137,0
DA:138,0
DA:142,0
DA:143,0
DA:146,0
DA:147,0
DA:150,0
DA:151,0
DA:157,0
DA:158,0
DA:161,0
DA:162,0
DA:168,0
DA:169,0
DA:172,0
DA:173,0
DA:175,0
DA:177,0
DA:181,0
DA:186,0
DA:191,0
DA:203,11
DA:204,0
DA:205,0
DA:206,0
DA:208,0
DA:209,0
DA:216,0
DA:218,0
DA:219,0
DA:226,0
DA:232,0
DA:238,0
DA:239,0
DA:245,0
DA:246,0
DA:249,0
DA:251,0
DA:260,0
DA:267,0
DA:268,0
DA:280,11
DA:286,0
DA:287,0
DA:293,0
DA:295,0
DA:299,0
DA:300,0
DA:304,0
DA:305,0
DA:309,0
DA:310,0
DA:313,0
DA:314,0
DA:318,0
DA:319,0
DA:320,0
DA:322,0
DA:323,0
DA:326,0
DA:327,0
DA:328,0
DA:333,0
DA:336,0
DA:337,0
DA:338,0
DA:339,0
DA:342,0
DA:343,0
DA:344,0
DA:345,0
DA:348,0
DA:350,0
DA:355,0
DA:362,11
DA:363,0
DA:365,0
DA:367,0
DA:368,0
DA:375,0
DA:382,0
DA:388,0
DA:389,0
DA:395,0
DA:396,0
DA:399,0
DA:400,0
DA:403,0
DA:404,0
DA:406,0
DA:408,0
DA:413,0
DA:418,0
LF:127
LH:5
BRDA:17,0,0,0
BRDA:17,0,1,0
BRDA:18,1,0,0
BRDA:18,1,1,0
BRDA:18,2,0,0
BRDA:18,2,1,0
BRDA:20,3,0,0
BRDA:20,3,1,0
BRDA:20,4,0,0
BRDA:20,4,1,0
BRDA:40,5,0,0
BRDA:40,5,1,0
BRDA:76,6,0,0
BRDA:76,6,1,0
BRDA:77,7,0,0
BRDA:77,7,1,0
BRDA:77,8,0,0
BRDA:77,8,1,0
BRDA:79,9,0,0
BRDA:79,9,1,0
BRDA:79,10,0,0
BRDA:79,10,1,0
BRDA:111,11,0,0
BRDA:111,11,1,0
BRDA:119,12,0,0
BRDA:119,12,1,0
BRDA:123,13,0,0
BRDA:123,13,1,0
BRDA:130,14,0,0
BRDA:130,14,1,0
BRDA:131,15,0,0
BRDA:131,15,1,0
BRDA:134,16,0,0
BRDA:134,16,1,0
BRDA:137,17,0,0
BRDA:137,17,1,0
BRDA:142,18,0,0
BRDA:142,18,1,0
BRDA:146,19,0,0
BRDA:146,19,1,0
BRDA:150,20,0,0
BRDA:150,20,1,0
BRDA:157,21,0,0
BRDA:157,21,1,0
BRDA:161,22,0,0
BRDA:161,22,1,0
BRDA:168,23,0,0
BRDA:168,23,1,0
BRDA:173,24,0,0
BRDA:173,24,1,0
BRDA:173,24,2,0
BRDA:205,25,0,0
BRDA:205,25,1,0
BRDA:206,26,0,0
BRDA:206,26,1,0
BRDA:206,27,0,0
BRDA:206,27,1,0
BRDA:208,28,0,0
BRDA:208,28,1,0
BRDA:208,29,0,0
BRDA:208,29,1,0
BRDA:218,30,0,0
BRDA:218,30,1,0
BRDA:238,31,0,0
BRDA:238,31,1,0
BRDA:245,32,0,0
BRDA:245,32,1,0
BRDA:293,33,0,0
BRDA:293,33,1,0
BRDA:299,34,0,0
BRDA:299,34,1,0
BRDA:304,35,0,0
BRDA:304,35,1,0
BRDA:309,36,0,0
BRDA:309,36,1,0
BRDA:310,37,0,0
BRDA:310,37,1,0
BRDA:313,38,0,0
BRDA:313,38,1,0
BRDA:318,39,0,0
BRDA:318,39,1,0
BRDA:326,40,0,0
BRDA:326,40,1,0
BRDA:327,41,0,0
BRDA:327,41,1,0
BRDA:327,42,0,0
BRDA:327,42,1,0
BRDA:336,43,0,0
BRDA:336,43,1,0
BRDA:337,44,0,0
BRDA:337,44,1,0
BRDA:338,45,0,0
BRDA:338,45,1,0
BRDA:342,46,0,0
BRDA:342,46,1,0
BRDA:343,47,0,0
BRDA:343,47,1,0
BRDA:344,48,0,0
BRDA:344,48,1,0
BRDA:367,49,0,0
BRDA:367,49,1,0
BRDA:367,50,0,0
BRDA:367,50,1,0
BRDA:388,51,0,0
BRDA:388,51,1,0
BRDA:395,52,0,0
BRDA:395,52,1,0
BRDA:399,53,0,0
BRDA:399,53,1,0
BRF:109
BRH:0
end_of_record
TN:
SF:src\controllers\patientController.js
FN:12,(anonymous_0)
FN:68,(anonymous_1)
FN:78,(anonymous_2)
FN:153,(anonymous_3)
FN:224,(anonymous_4)
FN:240,(anonymous_5)
FN:267,(anonymous_6)
FN:411,(anonymous_7)
FN:449,(anonymous_8)
FN:487,(anonymous_9)
FN:492,(anonymous_10)
FN:500,(anonymous_11)
FN:530,(anonymous_12)
FNF:13
FNH:6
FNDA:193,(anonymous_0)
FNDA:0,(anonymous_1)
FNDA:0,(anonymous_2)
FNDA:0,(anonymous_3)
FNDA:0,(anonymous_4)
FNDA:0,(anonymous_5)
FNDA:0,(anonymous_6)
FNDA:0,(anonymous_7)
FNDA:7,(anonymous_8)
FNDA:4,(anonymous_9)
FNDA:1,(anonymous_10)
FNDA:2,(anonymous_11)
FNDA:7,(anonymous_12)
DA:12,11
DA:13,193
DA:14,193
DA:17,193
DA:18,193
DA:19,1
DA:26,192
DA:27,192
DA:28,0
DA:35,192
DA:41,192
DA:45,192
DA:59,0
DA:60,0
DA:68,11
DA:69,0
DA:70,0
DA:75,0
DA:78,11
DA:79,0
DA:80,0
DA:81,0
DA:84,0
DA:85,0
DA:86,0
DA:92,0
DA:93,0
DA:94,0
DA:95,0
DA:101,0
DA:102,0
DA:103,0
DA:104,0
DA:109,0
DA:116,0
DA:119,0
DA:120,0
DA:123,0
DA:124,0
DA:129,0
DA:136,0
DA:139,0
DA:144,0
DA:153,11
DA:154,0
DA:155,0
DA:160,0
DA:161,0
DA:162,0
DA:163,0
DA:168,0
DA:169,0
DA:170,0
DA:171,0
DA:177,0
DA:183,0
DA:184,0
DA:185,0
DA:191,0
DA:198,0
DA:202,0
DA:203,0
DA:209,0
DA:210,0
DA:211,0
DA:217,0
DA:224,11
DA:231,0
DA:240,11
DA:248,0
DA:249,0
DA:250,0
DA:251,0
DA:252,0
DA:254,0
DA:267,11
DA:268,0
DA:269,0
DA:270,0
DA:272,0
DA:273,0
DA:274,0
DA:281,0
DA:289,0
DA:290,0
DA:291,0
DA:298,0
DA:299,0
DA:300,0
DA:307,0
DA:308,0
DA:309,0
DA:316,0
DA:321,0
DA:322,0
DA:323,0
DA:330,0
DA:339,0
DA:342,0
DA:343,0
DA:344,0
DA:345,0
DA:346,0
DA:348,0
DA:350,0
DA:351,0
DA:354,0
DA:366,0
DA:380,0
DA:387,0
DA:389,0
DA:395,0
DA:401,0
DA:402,0
DA:411,11
DA:412,0
DA:414,0
DA:415,0
DA:422,0
DA:423,0
DA:424,0
DA:430,0
DA:436,0
DA:437,0
DA:449,11
DA:450,7
DA:451,7
DA:459,7
DA:460,0
DA:461,0
DA:468,7
DA:469,7
DA:471,7
DA:477,7
DA:478,0
DA:479,0
DA:486,7
DA:488,4
DA:489,4
DA:490,4
DA:493,1
DA:494,1
DA:498,1
DA:501,2
DA:502,2
DA:503,2
DA:507,7
DA:508,7
DA:509,0
DA:510,0
DA:517,7
DA:518,7
DA:520,7
DA:521,7
DA:523,7
DA:530,7
DA:532,7
DA:536,7
DA:537,0
DA:543,7
DA:549,7
DA:559,7
DA:565,7
DA:572,0
DA:573,0
LF:165
LH:50
BRDA:18,0,0,1
BRDA:18,0,1,192
BRDA:27,1,0,0
BRDA:27,1,1,192
BRDA:69,2,0,0
BRDA:69,2,1,0
BRDA:69,3,0,0
BRDA:69,3,1,0
BRDA:69,3,2,0
BRDA:80,4,0,0
BRDA:80,4,1,0
BRDA:80,5,0,0
BRDA:80,5,1,0
BRDA:85,6,0,0
BRDA:85,6,1,0
BRDA:94,7,0,0
BRDA:94,7,1,0
BRDA:94,8,0,0
BRDA:94,8,1,0
BRDA:101,9,0,0
BRDA:101,9,1,0
BRDA:103,10,0,0
BRDA:103,10,1,0
BRDA:119,11,0,0
BRDA:119,11,1,0
BRDA:123,12,0,0
BRDA:123,12,1,0
BRDA:123,13,0,0
BRDA:123,13,1,0
BRDA:145,14,0,0
BRDA:145,14,1,0
BRDA:154,15,0,0
BRDA:154,15,1,0
BRDA:160,16,0,0
BRDA:160,16,1,0
BRDA:162,17,0,0
BRDA:162,17,1,0
BRDA:168,18,0,0
BRDA:168,18,1,0
BRDA:169,19,0,0
BRDA:169,19,1,0
BRDA:170,20,0,0
BRDA:170,20,1,0
BRDA:184,21,0,0
BRDA:184,21,1,0
BRDA:202,22,0,0
BRDA:202,22,1,0
BRDA:210,23,0,0
BRDA:210,23,1,0
BRDA:249,24,0,0
BRDA:249,24,1,0
BRDA:269,25,0,0
BRDA:269,25,1,0
BRDA:273,26,0,0
BRDA:273,26,1,0
BRDA:274,27,0,0
BRDA:274,27,1,0
BRDA:290,28,0,0
BRDA:290,28,1,0
BRDA:299,29,0,0
BRDA:299,29,1,0
BRDA:300,30,0,0
BRDA:300,30,1,0
BRDA:308,31,0,0
BRDA:308,31,1,0
BRDA:322,32,0,0
BRDA:322,32,1,0
BRDA:344,33,0,0
BRDA:344,33,1,0
BRDA:345,34,0,0
BRDA:345,34,1,0
BRDA:346,35,0,0
BRDA:346,35,1,0
BRDA:348,36,0,0
BRDA:348,36,1,0
BRDA:380,37,0,0
BRDA:380,37,1,0
BRDA:414,38,0,0
BRDA:414,38,1,0
BRDA:414,39,0,0
BRDA:414,39,1,0
BRDA:423,40,0,0
BRDA:423,40,1,0
BRDA:453,41,0,7
BRDA:453,41,1,0
BRDA:455,42,0,7
BRDA:455,42,1,0
BRDA:459,43,0,0
BRDA:459,43,1,7
BRDA:469,44,0,7
BRDA:469,44,1,0
BRDA:477,45,0,0
BRDA:477,45,1,7
BRDA:477,46,0,7
BRDA:477,46,1,7
BRDA:508,47,0,0
BRDA:508,47,1,7
BRDA:518,48,0,0
BRDA:518,48,1,7
BRDA:532,49,0,7
BRDA:532,49,1,0
BRDA:536,50,0,0
BRDA:536,50,1,7
BRDA:543,51,0,7
BRDA:543,51,1,0
BRDA:552,52,0,7
BRDA:552,52,1,0
BRDA:553,53,0,7
BRDA:553,53,1,0
BRDA:554,54,0,7
BRDA:554,54,1,0
BRF:111
BRH:18
end_of_record
TN:
SF:src\controllers\patientTimelineController.js
FN:12,(anonymous_0)
FN:51,(anonymous_1)
FN:68,(anonymous_2)
FN:72,(anonymous_3)
FN:98,(anonymous_4)
FNF:5
FNH:0
FNDA:0,(anonymous_0)
FNDA:0,(anonymous_1)
FNDA:0,(anonymous_2)
FNDA:0,(anonymous_3)
FNDA:0,(anonymous_4)
DA:12,11
DA:13,0
DA:15,0
DA:16,0
DA:17,0
DA:24,0
DA:26,0
DA:31,0
DA:42,0
DA:51,0
DA:68,0
DA:70,0
DA:72,0
DA:76,0
DA:80,0
DA:97,0
DA:98,0
DA:101,0
DA:108,0
DA:114,0
DA:115,0
LF:21
LH:1
BRDA:15,0,0,0
BRDA:15,0,1,0
BRDA:15,1,0,0
BRDA:15,1,1,0
BRDA:59,2,0,0
BRDA:59,2,1,0
BRDA:60,3,0,0
BRDA:60,3,1,0
BRDA:61,4,0,0
BRDA:61,4,1,0
BRDA:76,5,0,0
BRDA:76,5,1,0
BRDA:88,6,0,0
BRDA:88,6,1,0
BRDA:89,7,0,0
BRDA:89,7,1,0
BRDA:91,8,0,0
BRDA:91,8,1,0
BRF:18
BRH:0
end_of_record
TN:
SF:src\controllers\patientTimelineFilteredController.js
FN:14,(anonymous_0)
FN:131,(anonymous_1)
FN:163,(anonymous_2)
FN:166,(anonymous_3)
FN:195,(anonymous_4)
FN:218,(anonymous_5)
FN:235,(anonymous_6)
FN:246,(anonymous_7)
FN:278,(anonymous_8)
FN:300,(anonymous_9)
FNF:10
FNH:0
FNDA:0,(anonymous_0)
FNDA:0,(anonymous_1)
FNDA:0,(anonymous_2)
FNDA:0,(anonymous_3)
FNDA:0,(anonymous_4)
FNDA:0,(anonymous_5)
FNDA:0,(anonymous_6)
FNDA:0,(anonymous_7)
FNDA:0,(anonymous_8)
FNDA:0,(anonymous_9)
DA:14,11
DA:15,0
DA:16,0
DA:17,0
DA:21,0
DA:28,0
DA:40,0
DA:42,0
DA:49,0
DA:50,0
DA:51,0
DA:53,0
DA:54,0
DA:55,0
DA:56,0
DA:60,0
DA:66,0
DA:67,0
DA:68,0
DA:72,0
DA:74,0
DA:75,0
DA:79,0
DA:91,0
DA:93,0
DA:96,0
DA:108,0
DA:114,0
DA:117,0
DA:128,0
DA:131,0
DA:133,0
DA:135,0
DA:163,0
DA:164,0
DA:166,0
DA:170,0
DA:172,0
DA:195,0
DA:196,0
DA:216,0
DA:217,0
DA:218,0
DA:219,0
DA:229,0
DA:234,0
DA:235,0
DA:236,0
DA:237,0
DA:238,0
DA:239,0
DA:244,0
DA:245,0
DA:246,0
DA:250,0
DA:251,0
DA:256,0
DA:264,0
DA:278,0
DA:283,0
DA:288,0
DA:300,11
DA:301,0
DA:302,0
DA:303,0
DA:310,0
DA:312,0
DA:317,0
DA:322,0
DA:326,0
DA:333,0
DA:340,0
DA:341,0
DA:343,0
DA:349,0
DA:366,0
DA:371,0
LF:77
LH:2
BRDA:16,0,0,0
BRDA:16,0,1,0
BRDA:16,1,0,0
BRDA:16,1,1,0
BRDA:37,2,0,0
BRDA:38,3,0,0
BRDA:39,4,0,0
BRDA:50,5,0,0
BRDA:50,5,1,0
BRDA:53,6,0,0
BRDA:53,6,1,0
BRDA:66,7,0,0
BRDA:66,7,1,0
BRDA:67,8,0,0
BRDA:67,8,1,0
BRDA:72,9,0,0
BRDA:72,9,1,0
BRDA:72,10,0,0
BRDA:72,10,1,0
BRDA:72,10,2,0
BRDA:74,11,0,0
BRDA:74,11,1,0
BRDA:74,12,0,0
BRDA:74,12,1,0
BRDA:79,13,0,0
BRDA:79,13,1,0
BRDA:79,14,0,0
BRDA:79,14,1,0
BRDA:79,14,2,0
BRDA:79,14,3,0
BRDA:93,15,0,0
BRDA:93,15,1,0
BRDA:96,16,0,0
BRDA:96,16,1,0
BRDA:96,17,0,0
BRDA:96,17,1,0
BRDA:96,17,2,0
BRDA:114,18,0,0
BRDA:114,18,1,0
BRDA:117,19,0,0
BRDA:117,19,1,0
BRDA:117,20,0,0
BRDA:117,20,1,0
BRDA:117,20,2,0
BRDA:133,21,0,0
BRDA:133,21,1,0
BRDA:143,22,0,0
BRDA:143,22,1,0
BRDA:144,23,0,0
BRDA:144,23,1,0
BRDA:148,24,0,0
BRDA:148,24,1,0
BRDA:152,25,0,0
BRDA:152,25,1,0
BRDA:153,26,0,0
BRDA:153,26,1,0
BRDA:154,27,0,0
BRDA:154,27,1,0
BRDA:170,28,0,0
BRDA:170,28,1,0
BRDA:184,29,0,0
BRDA:184,29,1,0
BRDA:185,30,0,0
BRDA:185,30,1,0
BRDA:186,31,0,0
BRDA:186,31,1,0
BRDA:207,32,0,0
BRDA:207,32,1,0
BRDA:208,33,0,0
BRDA:208,33,1,0
BRDA:216,34,0,0
BRDA:216,34,1,0
BRDA:216,35,0,0
BRDA:216,35,1,0
BRDA:221,36,0,0
BRDA:221,36,1,0
BRDA:222,37,0,0
BRDA:222,37,1,0
BRDA:223,38,0,0
BRDA:223,38,1,0
BRDA:224,39,0,0
BRDA:224,39,1,0
BRDA:234,40,0,0
BRDA:234,40,1,0
BRDA:237,41,0,0
BRDA:237,41,1,0
BRDA:237,42,0,0
BRDA:237,42,1,0
BRDA:238,43,0,0
BRDA:238,43,1,0
BRDA:238,44,0,0
BRDA:238,44,1,0
BRDA:244,45,0,0
BRDA:244,45,1,0
BRDA:246,46,0,0
BRDA:246,46,1,0
BRDA:302,47,0,0
BRDA:302,47,1,0
BRDA:302,48,0,0
BRDA:302,48,1,0
BRF:100
BRH:0
end_of_record
TN:
SF:src\controllers\prescriptionController.js
FN:21,(anonymous_0)
FN:125,(anonymous_1)
FN:162,(anonymous_2)
FN:186,(anonymous_3)
FN:231,(anonymous_4)
FN:326,(anonymous_5)
FN:382,(anonymous_6)
FN:385,(anonymous_7)
FNF:8
FNH:7
FNDA:9,(anonymous_0)
FNDA:7,(anonymous_1)
FNDA:7,(anonymous_2)
FNDA:0,(anonymous_3)
FNDA:2,(anonymous_4)
FNDA:1,(anonymous_5)
FNDA:2,(anonymous_6)
FNDA:1,(anonymous_7)
DA:21,11
DA:22,9
DA:23,9
DA:26,9
DA:27,0
DA:31,0
DA:39,9
DA:40,0
DA:47,9
DA:48,1
DA:55,8
DA:63,8
DA:65,8
DA:66,0
DA:69,0
DA:77,8
DA:78,1
DA:87,1
DA:95,7
DA:96,7
DA:97,0
DA:100,0
DA:108,7
DA:117,7
DA:123,7
DA:124,7
DA:125,7
DA:128,7
DA:145,0
DA:154,7
DA:155,7
DA:156,7
DA:157,7
DA:158,7
DA:159,7
DA:161,7
DA:162,7
DA:165,7
DA:168,7
DA:187,0
DA:190,7
DA:204,0
DA:212,7
DA:218,0
DA:219,0
DA:231,11
DA:232,2
DA:233,2
DA:236,2
DA:237,2
DA:240,2
DA:241,0
DA:248,2
DA:255,2
DA:257,2
DA:258,0
DA:266,2
DA:268,0
DA:269,0
DA:272,0
DA:278,2
DA:280,2
DA:281,1
DA:284,1
DA:293,1
DA:302,1
DA:307,1
DA:313,0
DA:314,0
DA:326,11
DA:327,1
DA:329,1
DA:330,0
DA:337,1
DA:341,1
DA:342,1
DA:346,1
DA:356,1
DA:361,1
DA:368,0
DA:369,0
DA:381,11
DA:383,2
DA:386,1
DA:387,1
DA:390,1
DA:391,0
DA:398,1
DA:403,1
DA:406,1
DA:407,0
DA:410,0
DA:418,1
DA:419,1
DA:421,0
DA:422,0
DA:432,0
DA:435,0
DA:443,1
DA:445,1
DA:454,1
DA:458,1
DA:464,0
DA:465,0
LF:104
LH:73
BRDA:26,0,0,0
BRDA:26,0,1,9
BRDA:26,1,0,9
BRDA:26,1,1,9
BRDA:39,2,0,0
BRDA:39,2,1,9
BRDA:47,3,0,1
BRDA:47,3,1,8
BRDA:47,4,0,9
BRDA:47,4,1,9
BRDA:65,5,0,0
BRDA:65,5,1,8
BRDA:77,6,0,1
BRDA:77,6,1,7
BRDA:96,7,0,0
BRDA:96,7,1,7
BRDA:96,8,0,7
BRDA:96,8,1,7
BRDA:113,9,0,7
BRDA:113,9,1,6
BRDA:114,10,0,7
BRDA:114,10,1,6
BRDA:125,11,0,7
BRDA:125,11,1,0
BRDA:134,12,0,1
BRDA:134,12,1,6
BRDA:157,13,0,7
BRDA:157,13,1,0
BRDA:158,14,0,7
BRDA:158,14,1,0
BRDA:162,15,0,7
BRDA:162,15,1,0
BRDA:162,15,2,0
BRDA:237,16,0,0
BRDA:237,16,1,2
BRDA:240,17,0,0
BRDA:240,17,1,2
BRDA:251,18,0,0
BRDA:251,18,1,2
BRDA:257,19,0,0
BRDA:257,19,1,2
BRDA:266,20,0,0
BRDA:266,20,1,2
BRDA:268,21,0,0
BRDA:268,21,1,0
BRDA:278,22,0,2
BRDA:278,22,1,0
BRDA:280,23,0,1
BRDA:280,23,1,1
BRDA:329,24,0,0
BRDA:329,24,1,1
BRDA:329,25,0,1
BRDA:329,25,1,1
BRDA:390,26,0,0
BRDA:390,26,1,1
BRDA:390,27,0,1
BRDA:390,27,1,1
BRDA:406,28,0,0
BRDA:406,28,1,1
BRDA:419,29,0,0
BRDA:419,29,1,1
BRDA:419,30,0,1
BRDA:419,30,1,1
BRF:63
BRH:42
end_of_record
TN:
SF:src\controllers\reportController.js
FN:6,(anonymous_0)
FN:43,(anonymous_1)
FNF:2
FNH:0
FNDA:0,(anonymous_0)
FNDA:0,(anonymous_1)
DA:6,11
DA:7,0
DA:9,0
DA:10,0
DA:17,0
DA:19,0
DA:27,0
DA:33,0
DA:34,0
DA:43,11
DA:44,0
DA:46,0
DA:47,0
DA:54,0
DA:59,0
DA:65,0
DA:66,0
LF:17
LH:2
BRDA:9,0,0,0
BRDA:9,0,1,0
BRDA:9,1,0,0
BRDA:9,1,1,0
BRDA:46,2,0,0
BRDA:46,2,1,0
BRDA:46,3,0,0
BRDA:46,3,1,0
BRF:8
BRH:0
end_of_record
TN:
SF:src\controllers\secretaryController.js
FN:9,(anonymous_0)
FN:15,(anonymous_1)
FN:82,(anonymous_2)
FN:147,(anonymous_3)
FN:187,(anonymous_4)
FN:217,(anonymous_5)
FNF:6
FNH:2
FNDA:96,(anonymous_0)
FNDA:0,(anonymous_1)
FNDA:96,(anonymous_2)
FNDA:0,(anonymous_3)
FNDA:0,(anonymous_4)
FNDA:0,(anonymous_5)
DA:9,11
DA:10,96
DA:15,11
DA:16,0
DA:17,0
DA:20,0
DA:22,0
DA:23,0
DA:30,0
DA:31,0
DA:32,0
DA:39,0
DA:40,0
DA:41,0
DA:48,0
DA:55,0
DA:66,0
DA:67,0
DA:68,0
DA:74,0
DA:82,11
DA:83,96
DA:84,96
DA:86,96
DA:87,0
DA:94,96
DA:95,96
DA:96,0
DA:103,96
DA:104,96
DA:105,0
DA:112,96
DA:119,96
DA:123,96
DA:138,0
DA:139,0
DA:147,11
DA:148,0
DA:149,0
DA:150,0
DA:157,0
DA:160,0
DA:166,0
DA:178,0
DA:179,0
DA:187,11
DA:188,0
DA:189,0
DA:190,0
DA:191,0
DA:198,0
DA:202,0
DA:208,0
DA:209,0
DA:217,11
DA:218,0
DA:219,0
DA:220,0
DA:227,0
DA:229,0
DA:230,0
DA:231,0
DA:232,0
DA:235,0
DA:237,0
DA:238,0
DA:245,0
DA:246,0
DA:254,0
DA:255,0
DA:256,0
DA:263,0
DA:272,0
DA:273,0
DA:275,0
DA:281,0
DA:294,0
DA:295,0
DA:296,0
DA:302,0
DA:303,0
DA:309,0
LF:82
LH:17
BRDA:22,0,0,0
BRDA:22,0,1,0
BRDA:22,1,0,0
BRDA:22,1,1,0
BRDA:22,1,2,0
BRDA:31,2,0,0
BRDA:31,2,1,0
BRDA:40,3,0,0
BRDA:40,3,1,0
BRDA:67,4,0,0
BRDA:67,4,1,0
BRDA:86,5,0,0
BRDA:86,5,1,96
BRDA:86,6,0,96
BRDA:86,6,1,96
BRDA:95,7,0,0
BRDA:95,7,1,96
BRDA:104,8,0,0
BRDA:104,8,1,96
BRDA:133,9,0,96
BRDA:133,9,1,0
BRDA:149,10,0,0
BRDA:149,10,1,0
BRDA:149,11,0,0
BRDA:149,11,1,0
BRDA:174,12,0,0
BRDA:174,12,1,0
BRDA:189,13,0,0
BRDA:189,13,1,0
BRDA:190,14,0,0
BRDA:190,14,1,0
BRDA:229,15,0,0
BRDA:229,15,1,0
BRDA:231,16,0,0
BRDA:231,16,1,0
BRDA:237,17,0,0
BRDA:237,17,1,0
BRDA:245,18,0,0
BRDA:245,18,1,0
BRDA:245,19,0,0
BRDA:245,19,1,0
BRDA:245,19,2,0
BRDA:245,19,3,0
BRDA:255,20,0,0
BRDA:255,20,1,0
BRDA:255,21,0,0
BRDA:255,21,1,0
BRDA:295,22,0,0
BRDA:295,22,1,0
BRDA:302,23,0,0
BRDA:302,23,1,0
BRF:51
BRH:6
end_of_record
TN:
SF:src\middleware\adminAuthMiddleware.js
FN:3,(anonymous_0)
FNF:1
FNH:0
FNDA:0,(anonymous_0)
DA:3,11
DA:6,0
DA:10,0
DA:13,0
DA:14,0
DA:20,0
DA:21,0
DA:23,0
DA:24,0
DA:26,0
DA:28,0
LF:11
LH:1
BRDA:6,0,0,0
BRDA:6,0,1,0
BRDA:7,1,0,0
BRDA:7,1,1,0
BRDA:13,2,0,0
BRDA:13,2,1,0
BRF:6
BRH:0
end_of_record
TN:
SF:src\middleware\enforceOwnership.js
FN:3,(anonymous_0)
FN:4,(anonymous_1)
FNF:2
FNH:2
FNDA:33,(anonymous_0)
FNDA:2,(anonymous_1)
DA:3,11
DA:4,33
DA:5,2
DA:6,2
DA:8,2
DA:9,0
DA:12,2
DA:13,1
DA:16,1
DA:17,1
DA:19,0
LF:11
LH:9
BRDA:8,0,0,0
BRDA:8,0,1,2
BRDA:12,1,0,1
BRDA:12,1,1,1
BRF:4
BRH:3
end_of_record
TN:
SF:src\middleware\enforceTenant.js
FN:13,(anonymous_0)
FN:39,(anonymous_1)
FNF:2
FNH:2
FNDA:30,(anonymous_0)
FNDA:30,(anonymous_1)
DA:13,11
DA:14,30
DA:15,0
DA:18,30
DA:21,30
DA:23,19
DA:26,6
DA:31,5
DA:35,0
DA:39,11
DA:40,30
DA:42,30
DA:43,0
DA:46,0
DA:53,30
DA:54,30
LF:16
LH:12
BRDA:14,0,0,0
BRDA:14,0,1,30
BRDA:14,1,0,30
BRDA:14,1,1,30
BRDA:21,2,0,19
BRDA:21,2,1,6
BRDA:21,2,2,5
BRDA:21,2,3,0
BRDA:23,3,0,19
BRDA:23,3,1,0
BRDA:23,3,2,0
BRDA:26,4,0,6
BRDA:26,4,1,0
BRDA:31,5,0,5
BRDA:31,5,1,0
BRDA:42,6,0,0
BRDA:42,6,1,30
BRDA:44,7,0,0
BRDA:44,7,1,0
BRF:19
BRH:10
end_of_record
TN:
SF:src\middleware\globalErrorHandler.js
FN:9,(anonymous_0)
FN:18,(anonymous_1)
FNF:2
FNH:0
FNDA:0,(anonymous_0)
FNDA:0,(anonymous_1)
DA:3,11
DA:9,11
DA:10,0
DA:11,0
DA:12,0
DA:13,0
DA:14,0
DA:18,11
DA:19,0
DA:20,0
DA:24,0
DA:25,0
DA:26,0
DA:33,0
DA:34,0
DA:41,0
DA:42,0
DA:47,0
DA:55,0
DA:57,0
LF:20
LH:3
BRDA:11,0,0,0
BRDA:11,0,1,0
BRDA:19,1,0,0
BRDA:19,1,1,0
BRDA:24,2,0,0
BRDA:24,2,1,0
BRDA:33,3,0,0
BRDA:33,3,1,0
BRDA:33,3,2,0
BRDA:36,4,0,0
BRDA:36,4,1,0
BRDA:38,5,0,0
BRDA:38,5,1,0
BRDA:41,6,0,0
BRDA:41,6,1,0
BRDA:44,7,0,0
BRDA:44,7,1,0
BRDA:49,8,0,0
BRDA:49,8,1,0
BRF:19
BRH:0
end_of_record
TN:
SF:src\middleware\notFoundHandler.js
FN:4,(anonymous_0)
FNF:1
FNH:0
FNDA:0,(anonymous_0)
DA:4,11
DA:6,0
DA:7,0
DA:8,0
DA:9,0
DA:10,0
DA:13,0
LF:7
LH:1
BRDA:7,0,0,0
BRDA:7,0,1,0
BRF:2
BRH:0
end_of_record
TN:
SF:src\middleware\rateLimiter.js
FN:4,(anonymous_0)
FN:12,(anonymous_1)
FN:32,(anonymous_2)
FN:33,(anonymous_3)
FN:52,(anonymous_4)
FN:53,(anonymous_5)
FN:72,(anonymous_6)
FN:73,(anonymous_7)
FNF:8
FNH:1
FNDA:1094,(anonymous_0)
FNDA:0,(anonymous_1)
FNDA:0,(anonymous_2)
FNDA:0,(anonymous_3)
FNDA:0,(anonymous_4)
FNDA:0,(anonymous_5)
FNDA:0,(anonymous_6)
FNDA:0,(anonymous_7)
DA:4,11
DA:5,1094
DA:6,0
DA:7,0
DA:8,0
DA:12,11
DA:13,0
DA:14,0
DA:15,0
DA:16,0
DA:17,0
DA:26,11
DA:32,0
DA:34,0
DA:35,0
DA:46,11
DA:52,0
DA:54,0
DA:55,0
DA:66,11
DA:72,0
DA:74,0
DA:75,0
LF:23
LH:6
BRDA:5,0,0,1094
BRDA:5,0,1,0
BRDA:6,1,0,0
BRDA:6,1,1,0
BRDA:7,2,0,0
BRDA:7,2,1,0
BRDA:14,3,0,0
BRDA:14,3,1,0
BRF:8
BRH:1
end_of_record
TN:
SF:src\middleware\rbacMiddleware.js
FN:11,(anonymous_0)
FN:13,(anonymous_1)
FN:16,(anonymous_2)
FN:18,(anonymous_3)
FN:26,(anonymous_4)
FN:31,(anonymous_5)
FN:38,(anonymous_6)
FN:41,(anonymous_7)
FN:69,(anonymous_8)
FN:75,(anonymous_9)
FNF:10
FNH:5
FNDA:671,(anonymous_0)
FNDA:1067,(anonymous_1)
FNDA:82,(anonymous_2)
FNDA:0,(anonymous_3)
FNDA:0,(anonymous_4)
FNDA:0,(anonymous_5)
FNDA:671,(anonymous_6)
FNDA:82,(anonymous_7)
FNDA:0,(anonymous_8)
FNDA:0,(anonymous_9)
DA:11,11
DA:12,671
DA:13,1067
DA:16,82
DA:18,11
DA:19,0
DA:26,0
DA:28,0
DA:31,11
DA:32,0
DA:33,0
DA:34,0
DA:35,0
DA:38,11
DA:39,671
DA:41,671
DA:42,82
DA:44,82
DA:45,0
DA:46,0
DA:53,82
DA:54,3
DA:58,3
DA:65,79
DA:69,11
DA:73,0
DA:75,0
DA:76,0
DA:77,0
DA:78,0
DA:80,0
DA:82,0
DA:83,0
DA:87,0
DA:94,0
DA:95,0
DA:98,0
DA:99,0
DA:102,0
DA:113,0
LF:40
LH:16
BRDA:12,0,0,671
BRDA:12,0,1,0
BRDA:16,1,0,82
BRDA:16,1,1,0
BRDA:26,2,0,0
BRDA:26,2,1,0
BRDA:28,3,0,0
BRDA:28,3,1,0
BRDA:32,4,0,0
BRDA:32,4,1,0
BRDA:32,4,2,0
BRDA:34,5,0,0
BRDA:34,5,1,0
BRDA:34,6,0,0
BRDA:34,6,1,0
BRDA:44,7,0,0
BRDA:44,7,1,82
BRDA:53,8,0,3
BRDA:53,8,1,79
BRDA:69,9,0,0
BRDA:70,10,0,0
BRDA:71,11,0,0
BRDA:77,12,0,0
BRDA:77,12,1,0
BRDA:77,12,2,0
BRDA:80,13,0,0
BRDA:80,13,1,0
BRDA:80,13,2,0
BRDA:82,14,0,0
BRDA:82,14,1,0
BRDA:94,15,0,0
BRDA:94,15,1,0
BRDA:98,16,0,0
BRDA:98,16,1,0
BRF:34
BRH:5
end_of_record
TN:
SF:src\middleware\tenantScope.js
FN:30,(anonymous_0)
FNF:1
FNH:0
FNDA:0,(anonymous_0)
DA:30,11
DA:32,0
DA:33,0
DA:41,0
DA:43,0
DA:45,0
DA:46,0
DA:47,0
DA:51,0
DA:52,0
DA:53,0
DA:57,0
DA:58,0
DA:59,0
DA:60,0
DA:66,0
DA:67,0
DA:68,0
DA:71,0
DA:72,0
DA:73,0
DA:74,0
DA:79,0
DA:80,0
DA:81,0
DA:85,0
DA:92,0
DA:93,0
LF:28
LH:1
BRDA:32,0,0,0
BRDA:32,0,1,0
BRDA:32,1,0,0
BRDA:32,1,1,0
BRDA:45,2,0,0
BRDA:45,2,1,0
BRDA:45,3,0,0
BRDA:45,3,1,0
BRDA:52,4,0,0
BRDA:52,4,1,0
BRDA:57,5,0,0
BRDA:57,5,1,0
BRDA:66,6,0,0
BRDA:66,6,1,0
BRDA:66,6,2,0
BRDA:67,7,0,0
BRDA:67,7,1,0
BRDA:71,8,0,0
BRDA:71,8,1,0
BRDA:79,9,0,0
BRDA:79,9,1,0
BRF:21
BRH:0
end_of_record
TN:
SF:src\middleware\universalAuth.js
FN:15,(anonymous_0)
FN:23,(anonymous_1)
FN:41,(anonymous_2)
FNF:3
FNH:3
FNDA:103,(anonymous_0)
FNDA:97,(anonymous_1)
FNDA:103,(anonymous_2)
DA:15,11
DA:16,103
DA:17,103
DA:18,3
DA:20,100
DA:23,11
DA:31,97
DA:41,11
DA:42,103
DA:44,103
DA:45,3
DA:46,3
DA:54,100
DA:55,100
DA:57,3
DA:58,3
DA:60,3
DA:66,3
DA:67,0
DA:74,3
DA:81,97
DA:82,0
DA:87,0
DA:94,97
DA:96,97
DA:97,22
DA:98,22
DA:99,0
DA:103,0
DA:109,22
DA:118,22
DA:119,75
DA:120,62
DA:121,62
DA:122,0
DA:126,0
DA:132,62
DA:141,62
DA:142,62
DA:143,13
DA:144,13
DA:145,13
DA:146,0
DA:154,0
DA:160,13
DA:163,13
DA:164,0
DA:168,0
DA:174,13
DA:183,13
DA:187,13
DA:188,13
DA:189,13
DA:191,0
DA:195,0
DA:202,97
DA:203,97
LF:57
LH:44
BRDA:17,0,0,3
BRDA:17,0,1,100
BRDA:17,1,0,103
BRDA:17,1,1,100
BRDA:27,2,0,0
BRDA:29,3,0,0
BRDA:30,4,0,0
BRDA:44,5,0,3
BRDA:44,5,1,100
BRDA:58,6,0,0
BRDA:58,6,1,3
BRDA:66,7,0,0
BRDA:66,7,1,3
BRDA:81,8,0,0
BRDA:81,8,1,97
BRDA:81,9,0,97
BRDA:81,9,1,97
BRDA:81,9,2,97
BRDA:96,10,0,22
BRDA:96,10,1,75
BRDA:98,11,0,0
BRDA:98,11,1,22
BRDA:113,12,0,22
BRDA:113,12,1,22
BRDA:115,13,0,22
BRDA:115,13,1,0
BRDA:116,14,0,22
BRDA:116,14,1,0
BRDA:119,15,0,62
BRDA:119,15,1,13
BRDA:121,16,0,0
BRDA:121,16,1,62
BRDA:136,17,0,62
BRDA:136,17,1,62
BRDA:143,18,0,13
BRDA:143,18,1,0
BRDA:145,19,0,0
BRDA:145,19,1,13
BRDA:145,20,0,13
BRDA:145,20,1,13
BRDA:163,21,0,0
BRDA:163,21,1,13
BRDA:178,22,0,13
BRDA:178,22,1,13
BRF:44
BRH:31
end_of_record
TN:
SF:src\models\Admin.js
FNF:0
FNH:0
DA:3,11
DA:20,11
LF:2
LH:2
BRF:0
BRH:0
end_of_record
TN:
SF:src\models\Appointment.js
FN:32,(anonymous_0)
FN:46,(anonymous_1)
FN:150,(anonymous_2)
FN:197,(anonymous_3)
FN:209,(anonymous_4)
FNF:5
FNH:4
FNDA:64,(anonymous_0)
FNDA:5,(anonymous_1)
FNDA:62,(anonymous_2)
FNDA:0,(anonymous_3)
FNDA:62,(anonymous_4)
DA:4,11
DA:6,11
DA:34,64
DA:47,5
DA:133,11
DA:139,11
DA:145,11
DA:150,11
DA:152,62
DA:153,60
DA:154,60
DA:161,62
DA:167,0
DA:173,62
DA:174,2
DA:177,2
DA:178,0
DA:179,0
DA:186,0
DA:193,62
DA:194,62
DA:195,41
DA:196,0
DA:197,0
DA:199,0
DA:200,0
DA:209,11
DA:211,62
DA:215,52
DA:229,52
DA:231,0
DA:236,11
LF:32
LH:23
BRDA:152,0,0,60
BRDA:152,0,1,2
BRDA:153,1,0,0
BRDA:153,1,1,60
BRDA:161,2,0,0
BRDA:161,2,1,62
BRDA:162,3,0,62
BRDA:162,3,1,10
BRDA:162,3,2,4
BRDA:173,4,0,2
BRDA:173,4,1,60
BRDA:174,5,0,2
BRDA:174,5,1,0
BRDA:177,6,0,0
BRDA:177,6,1,2
BRDA:177,7,0,2
BRDA:177,7,1,2
BRDA:193,8,0,62
BRDA:193,8,1,62
BRDA:194,9,0,41
BRDA:194,9,1,21
BRDA:195,10,0,0
BRDA:195,10,1,41
BRDA:195,11,0,41
BRDA:195,11,1,41
BRDA:199,12,0,0
BRDA:199,12,1,0
BRDA:211,13,0,52
BRDA:211,13,1,10
BRDA:212,14,0,62
BRDA:212,14,1,54
BRDA:229,15,0,0
BRDA:229,15,1,52
BRF:33
BRH:25
end_of_record
TN:
SF:src\models\AuditLog.js
FNF:0
FNH:0
DA:3,11
DA:21,11
LF:2
LH:2
BRF:0
BRH:0
end_of_record
TN:
SF:src\models\Doctor.js
FN:5,(anonymous_0)
FN:184,(anonymous_1)
FN:204,(anonymous_2)
FN:222,(anonymous_3)
FNF:4
FNH:4
FNDA:1089,(anonymous_0)
FNDA:214,(anonymous_1)
FNDA:201,(anonymous_2)
FNDA:10,(anonymous_3)
DA:5,12
DA:6,1089
DA:7,12
DA:8,12
DA:9,10
DA:11,2
DA:15,12
DA:184,12
DA:186,214
DA:187,0
DA:190,214
DA:192,214
DA:193,0
DA:196,214
DA:197,214
DA:199,0
DA:204,12
DA:206,201
DA:207,0
DA:209,201
DA:210,0
DA:213,201
DA:214,201
DA:217,0
DA:218,0
DA:222,12
DA:223,10
DA:226,12
DA:227,12
DA:229,12
LF:30
LH:23
BRDA:6,0,0,1077
BRDA:6,0,1,12
BRDA:9,1,0,10
BRDA:9,1,1,9
BRDA:186,2,0,0
BRDA:186,2,1,214
BRDA:192,3,0,0
BRDA:192,3,1,214
BRDA:192,4,0,214
BRDA:192,4,1,214
BRDA:206,5,0,0
BRDA:206,5,1,201
BRDA:206,6,0,201
BRDA:206,6,1,201
BRDA:209,7,0,0
BRDA:209,7,1,201
BRDA:209,8,0,201
BRDA:209,8,1,201
BRDA:223,9,0,0
BRDA:223,9,1,10
BRF:20
BRH:15
end_of_record
TN:
SF:src\models\InAppNotification.js
FN:185,(anonymous_0)
FN:192,(anonymous_1)
FN:205,(anonymous_2)
FN:223,(anonymous_3)
FNF:4
FNH:2
FNDA:0,(anonymous_0)
FNDA:13,(anonymous_1)
FNDA:0,(anonymous_2)
FNDA:1,(anonymous_3)
DA:8,11
DA:164,11
DA:170,11
DA:175,11
DA:180,11
DA:181,11
DA:182,11
DA:185,11
DA:186,0
DA:187,0
DA:188,0
DA:192,11
DA:196,13
DA:205,11
DA:211,0
DA:223,11
DA:227,1
LF:17
LH:13
BRDA:208,0,0,0
BRDA:209,1,0,0
BRF:2
BRH:0
end_of_record
TN:
SF:src\models\Notification.js
FNF:0
FNH:0
DA:8,11
DA:134,11
DA:135,11
DA:136,11
DA:137,11
DA:138,11
LF:6
LH:6
BRF:0
BRH:0
end_of_record
TN:
SF:src\models\NotificationPreferences.js
FNF:0
FNH:0
DA:9,11
DA:146,11
DA:151,11
LF:3
LH:3
BRF:0
BRH:0
end_of_record
TN:
SF:src\models\Patient.js
FN:66,(anonymous_0)
FNF:1
FNH:1
FNDA:301,(anonymous_0)
DA:4,11
DA:66,11
DA:68,301
DA:69,0
DA:72,301
DA:74,301
DA:75,0
DA:78,301
DA:79,301
DA:81,0
DA:85,11
LF:11
LH:8
BRDA:68,0,0,0
BRDA:68,0,1,301
BRDA:74,1,0,0
BRDA:74,1,1,301
BRDA:74,2,0,301
BRDA:74,2,1,301
BRF:6
BRH:4
end_of_record
TN:
SF:src\models\PatientTimelineEvent.js
FNF:0
FNH:0
DA:3,11
DA:92,11
DA:98,11
DA:104,11
DA:109,11
LF:5
LH:5
BRF:0
BRH:0
end_of_record
TN:
SF:src\models\Payment.js
FNF:0
FNH:0
DA:3,11
DA:55,11
DA:57,11
LF:3
LH:3
BRF:0
BRH:0
end_of_record
TN:
SF:src\models\Prescription.js
FNF:0
FNH:0
DA:3,11
DA:78,11
DA:84,11
DA:89,11
LF:4
LH:4
BRF:0
BRH:0
end_of_record
TN:
SF:src\models\Report.js
FNF:0
FNH:0
DA:3,11
DA:22,11
LF:2
LH:2
BRF:0
BRH:0
end_of_record
TN:
SF:src\models\Secretary.js
FN:49,(anonymous_0)
FN:61,(anonymous_1)
FNF:2
FNH:2
FNDA:101,(anonymous_0)
FNDA:96,(anonymous_1)
DA:5,11
DA:49,11
DA:50,101
DA:52,101
DA:53,0
DA:56,101
DA:57,101
DA:61,11
DA:62,96
DA:63,96
DA:64,96
DA:65,96
DA:67,0
DA:68,0
DA:72,11
LF:15
LH:12
BRDA:50,0,0,0
BRDA:50,0,1,101
BRDA:52,1,0,0
BRDA:52,1,1,101
BRDA:52,2,0,101
BRDA:52,2,1,101
BRDA:62,3,0,0
BRDA:62,3,1,96
BRDA:62,4,0,96
BRDA:62,4,1,96
BRDA:63,5,0,0
BRDA:63,5,1,96
BRDA:63,6,0,96
BRDA:63,6,1,96
BRF:14
BRH:10
end_of_record
TN:
SF:src\models\TreatmentPlan.js
FNF:0
FNH:0
DA:3,11
DA:46,11
DA:48,11
LF:3
LH:3
BRF:0
BRH:0
end_of_record
TN:
SF:src\routes\adminAnalyticsRoutes.js
FNF:0
FNH:0
DA:9,11
DA:18,11
DA:21,11
DA:24,11
LF:4
LH:4
BRF:0
BRH:0
end_of_record
TN:
SF:src\routes\adminNotificationRoutes.js
FNF:0
FNH:0
DA:10,11
DA:18,11
DA:21,11
DA:24,11
DA:27,11
LF:5
LH:5
BRF:0
BRH:0
end_of_record
TN:
SF:src\routes\adminRoutes.js
FNF:0
FNH:0
DA:13,11
DA:27,11
DA:35,11
DA:45,11
DA:57,11
DA:68,11
DA:75,11
DA:87,11
LF:8
LH:8
BRF:0
BRH:0
end_of_record
TN:
SF:src\routes\appointmentRoutes.js
FN:118,(anonymous_0)
FNF:1
FNH:0
FNDA:0,(anonymous_0)
DA:16,11
DA:31,11
DA:49,11
DA:64,11
DA:79,11
DA:95,11
DA:114,11
DA:119,0
LF:8
LH:7
BRF:0
BRH:0
end_of_record
TN:
SF:src\routes\appointmentViewRoutes.js
FNF:0
FNH:0
DA:11,11
DA:18,11
DA:31,11
LF:3
LH:3
BRF:0
BRH:0
end_of_record
TN:
SF:src\routes\communicationRoutes.js
FNF:0
FNH:0
DA:10,11
DA:13,11
DA:21,11
LF:3
LH:3
BRF:0
BRH:0
end_of_record
TN:
SF:src\routes\doctorAppointmentRoutes.js
FNF:0
FNH:0
DA:16,11
DA:30,11
DA:44,11
DA:59,11
DA:75,11
DA:89,11
DA:104,11
DA:116,11
DA:128,11
LF:9
LH:9
BRF:0
BRH:0
end_of_record
TN:
SF:src\routes\doctorRoutes.js
FN:25,(anonymous_0)
FNF:1
FNH:0
FNDA:0,(anonymous_0)
DA:18,11
DA:21,11
DA:25,11
DA:26,0
DA:27,0
DA:31,11
DA:32,11
DA:35,11
DA:36,11
DA:44,11
DA:52,11
LF:11
LH:9
BRF:0
BRH:0
end_of_record
TN:
SF:src\routes\doctorTimelineFilteredRoutes.js
FNF:0
FNH:0
DA:12,11
DA:20,11
DA:28,11
DA:36,11
DA:44,11
LF:5
LH:5
BRF:0
BRH:0
end_of_record
TN:
SF:src\routes\doctorTimelineRoutes.js
FNF:0
FNH:0
DA:10,11
DA:18,11
DA:31,11
LF:3
LH:3
BRF:0
BRH:0
end_of_record
TN:
SF:src\routes\financialRoutes.js
FNF:0
FNH:0
DA:18,11
DA:20,11
DA:22,11
DA:27,11
DA:32,11
DA:33,11
DA:35,11
DA:40,11
DA:45,11
DA:46,11
DA:48,11
DA:53,11
LF:12
LH:12
BRF:0
BRH:0
end_of_record
TN:
SF:src\routes\notificationPreferencesRoutes.js
FNF:0
FNH:0
DA:10,11
DA:20,11
DA:28,11
DA:36,11
LF:4
LH:4
BRF:0
BRH:0
end_of_record
TN:
SF:src\routes\notificationRoutes.js
FNF:0
FNH:0
DA:20,11
DA:39,11
DA:45,11
DA:52,11
DA:62,11
DA:68,11
DA:79,11
DA:86,11
DA:97,11
DA:108,11
DA:119,11
DA:130,11
LF:12
LH:12
BRF:0
BRH:0
end_of_record
TN:
SF:src\routes\patientRoutes.js
FNF:0
FNH:0
DA:12,11
DA:15,11
DA:18,11
DA:21,11
DA:32,11
LF:5
LH:5
BRF:0
BRH:0
end_of_record
TN:
SF:src\routes\patientTimelineFilteredRoutes.js
FNF:0
FNH:0
DA:10,11
DA:18,11
DA:26,11
LF:3
LH:3
BRF:0
BRH:0
end_of_record
TN:
SF:src\routes\patientTimelineRoutes.js
FNF:0
FNH:0
DA:7,11
DA:14,11
LF:2
LH:2
BRF:0
BRH:0
end_of_record
TN:
SF:src\routes\prescriptionRoutes.js
FNF:0
FNH:0
DA:13,11
DA:25,11
DA:32,11
DA:44,11
DA:61,11
DA:72,11
LF:6
LH:6
BRF:0
BRH:0
end_of_record
TN:
SF:src\routes\reportRoutes.js
FNF:0
FNH:0
DA:8,11
DA:11,11
DA:20,11
LF:3
LH:3
BRF:0
BRH:0
end_of_record
TN:
SF:src\routes\secretaryRoutes.js
FNF:0
FNH:0
DA:13,11
DA:16,11
DA:18,11
DA:21,11
DA:29,11
LF:5
LH:5
BRF:0
BRH:0
end_of_record
TN:
SF:src\services\auditService.js
FN:4,(anonymous_0)
FN:43,(anonymous_1)
FNF:2
FNH:1
FNDA:1,(anonymous_0)
FNDA:0,(anonymous_1)
DA:4,11
DA:12,1
DA:13,0
DA:17,0
DA:20,1
DA:21,1
DA:30,1
DA:36,1
DA:38,0
DA:39,0
DA:43,11
DA:52,0
DA:60,0
DA:61,0
DA:63,0
LF:15
LH:7
BRDA:5,0,0,0
BRDA:6,1,0,0
BRDA:8,2,0,0
BRDA:9,3,0,0
BRDA:10,4,0,0
BRDA:12,5,0,0
BRDA:12,5,1,1
BRDA:44,6,0,0
BRDA:45,7,0,0
BRDA:46,8,0,0
BRDA:47,9,0,0
BRDA:48,10,0,0
BRDA:49,11,0,0
BRDA:50,12,0,0
BRDA:60,13,0,0
BRDA:60,13,1,0
BRF:16
BRH:1
end_of_record
TN:
SF:src\services\telegramService.js
FN:16,(anonymous_0)
FN:83,(anonymous_1)
FNF:2
FNH:2
FNDA:6,(anonymous_0)
FNDA:4,(anonymous_1)
DA:16,12
DA:17,6
DA:18,6
DA:21,6
DA:22,4
DA:23,4
DA:27,2
DA:28,1
DA:31,1
DA:34,1
DA:35,1
DA:40,1
DA:52,1
DA:53,1
DA:58,0
DA:66,0
DA:83,12
DA:84,4
LF:18
LH:16
BRDA:21,0,0,4
BRDA:21,0,1,2
BRDA:27,1,0,1
BRDA:27,1,1,1
BRDA:27,2,0,2
BRDA:27,2,1,1
BRDA:52,3,0,1
BRDA:52,3,1,0
BRF:8
BRH:7
end_of_record
TN:
SF:src\services\whatsappNotificationService.js
FN:15,(anonymous_0)
FN:57,(anonymous_1)
FN:105,(anonymous_2)
FN:148,(anonymous_3)
FN:177,(anonymous_4)
FN:229,(anonymous_5)
FN:250,(anonymous_6)
FN:266,(anonymous_7)
FN:429,sendNotificationAsync
FN:464,(anonymous_9)
FN:479,(anonymous_10)
FN:508,(anonymous_11)
FNF:12
FNH:2
FNDA:11,(anonymous_0)
FNDA:0,(anonymous_1)
FNDA:0,(anonymous_2)
FNDA:0,(anonymous_3)
FNDA:0,(anonymous_4)
FNDA:0,(anonymous_5)
FNDA:0,(anonymous_6)
FNDA:15,(anonymous_7)
FNDA:0,sendNotificationAsync
FNDA:0,(anonymous_9)
FNDA:0,(anonymous_10)
FNDA:0,(anonymous_11)
DA:18,11
DA:19,11
DA:22,11
DA:23,11
DA:24,0
DA:25,0
DA:26,0
DA:27,0
DA:30,0
DA:32,11
DA:33,11
DA:34,11
DA:35,11
DA:36,11
DA:37,11
DA:38,11
DA:43,11
DA:46,11
DA:51,11
DA:52,0
DA:58,0
DA:59,0
DA:60,0
DA:61,0
DA:72,0
DA:74,0
DA:75,0
DA:76,0
DA:86,0
DA:90,0
DA:92,0
DA:97,0
DA:106,0
DA:107,0
DA:110,0
DA:112,0
DA:113,0
DA:120,0
DA:122,0
DA:123,0
DA:128,0
DA:129,0
DA:130,0
DA:131,0
DA:134,0
DA:136,0
DA:141,0
DA:149,0
DA:150,0
DA:151,0
DA:152,0
DA:155,0
DA:157,0
DA:163,0
DA:169,0
DA:170,0
DA:178,0
DA:179,0
DA:181,0
DA:182,0
DA:184,0
DA:194,0
DA:203,0
DA:204,0
DA:205,0
DA:210,0
DA:211,0
DA:217,0
DA:222,0
DA:231,0
DA:234,0
DA:235,0
DA:236,0
DA:237,0
DA:238,0
DA:239,0
DA:240,0
DA:244,0
DA:251,0
DA:252,0
DA:253,0
DA:254,0
DA:259,11
DA:266,11
DA:279,15
DA:281,15
DA:282,15
DA:292,15
DA:293,15
DA:294,15
DA:295,0
DA:296,0
DA:297,0
DA:299,0
DA:302,15
DA:303,15
DA:309,15
DA:326,0
DA:331,0
DA:335,0
DA:340,0
DA:349,0
DA:368,0
DA:369,0
DA:379,0
DA:386,0
DA:390,0
DA:407,0
DA:409,0
DA:414,0
DA:416,15
DA:421,15
DA:430,0
DA:431,0
DA:435,0
DA:440,0
DA:441,0
DA:442,0
DA:443,0
DA:444,0
DA:445,0
DA:449,0
DA:450,0
DA:451,0
DA:452,0
DA:453,0
DA:459,0
DA:460,0
DA:461,0
DA:462,0
DA:463,0
DA:464,0
DA:465,0
DA:479,11
DA:480,0
DA:481,0
DA:483,0
DA:489,0
DA:493,0
DA:494,0
DA:497,0
DA:508,11
DA:509,0
DA:510,0
DA:511,0
DA:512,0
DA:515,0
DA:523,0
DA:528,0
LF:149
LH:29
BRDA:19,0,0,0
BRDA:19,0,1,11
BRDA:22,1,0,11
BRDA:22,1,1,0
BRDA:24,2,0,0
BRDA:24,2,1,0
BRDA:26,3,0,0
BRDA:26,3,1,0
BRDA:51,4,0,0
BRDA:51,4,1,11
BRDA:59,5,0,0
BRDA:59,5,1,0
BRDA:60,6,0,0
BRDA:60,6,1,0
BRDA:60,7,0,0
BRDA:60,7,1,0
BRDA:60,7,2,0
BRDA:66,8,0,0
BRDA:66,8,1,0
BRDA:67,9,0,0
BRDA:67,9,1,0
BRDA:68,10,0,0
BRDA:68,10,1,0
BRDA:74,11,0,0
BRDA:74,11,1,0
BRDA:75,12,0,0
BRDA:75,12,1,0
BRDA:75,13,0,0
BRDA:75,13,1,0
BRDA:81,14,0,0
BRDA:81,14,1,0
BRDA:82,15,0,0
BRDA:82,15,1,0
BRDA:106,16,0,0
BRDA:106,16,1,0
BRDA:112,17,0,0
BRDA:112,17,1,0
BRDA:128,18,0,0
BRDA:128,18,1,0
BRDA:130,19,0,0
BRDA:130,19,1,0
BRDA:151,20,0,0
BRDA:151,20,1,0
BRDA:203,21,0,0
BRDA:203,21,1,0
BRDA:206,22,0,0
BRDA:206,22,1,0
BRDA:234,23,0,0
BRDA:234,23,1,0
BRDA:235,24,0,0
BRDA:235,24,1,0
BRDA:237,25,0,0
BRDA:237,25,1,0
BRDA:237,26,0,0
BRDA:237,26,1,0
BRDA:239,27,0,0
BRDA:239,27,1,0
BRDA:278,28,0,0
BRDA:292,29,0,15
BRDA:292,29,1,0
BRDA:295,30,0,0
BRDA:295,30,1,0
BRDA:302,31,0,15
BRDA:302,31,1,0
BRDA:335,32,0,0
BRDA:335,32,1,0
BRDA:336,33,0,0
BRDA:336,33,1,0
BRDA:336,33,2,0
BRDA:440,34,0,0
BRDA:440,34,1,0
BRDA:460,35,0,0
BRDA:460,35,1,0
BRDA:460,36,0,0
BRDA:460,36,1,0
BRDA:511,37,0,0
BRDA:511,37,1,0
BRF:77
BRH:5
end_of_record
TN:
SF:src\utils\appointmentConstants.js
FNF:0
FNH:0
DA:1,11
LF:1
LH:1
BRF:0
BRH:0
end_of_record
TN:
SF:src\utils\appointmentPermissions.js
FN:12,(anonymous_0)
FN:95,(anonymous_1)
FN:108,(anonymous_2)
FNF:3
FNH:2
FNDA:6,(anonymous_0)
FNDA:6,(anonymous_1)
FNDA:0,(anonymous_2)
DA:12,11
DA:13,6
DA:15,6
DA:23,3
DA:34,1
DA:45,0
DA:56,2
DA:67,0
DA:78,0
DA:95,11
DA:96,6
DA:97,6
DA:108,11
DA:109,0
DA:111,0
DA:114,0
DA:122,0
DA:130,0
DA:138,0
DA:146,0
DA:154,0
LF:21
LH:10
BRDA:13,0,0,6
BRDA:13,0,1,0
BRDA:15,1,0,0
BRDA:15,1,1,3
BRDA:15,1,2,1
BRDA:15,1,3,0
BRDA:15,1,4,2
BRDA:15,1,5,0
BRDA:15,1,6,0
BRDA:98,2,0,6
BRDA:98,2,1,0
BRDA:109,3,0,0
BRDA:109,3,1,0
BRDA:111,4,0,0
BRDA:111,4,1,0
BRDA:111,4,2,0
BRDA:111,4,3,0
BRDA:111,4,4,0
BRDA:111,4,5,0
BRDA:111,4,6,0
BRF:20
BRH:5
end_of_record
TN:
SF:src\utils\appointmentUtils.js
FN:9,(anonymous_0)
FN:37,(anonymous_1)
FN:51,(anonymous_2)
FN:88,(anonymous_3)
FNF:4
FNH:0
FNDA:0,(anonymous_0)
FNDA:0,(anonymous_1)
FNDA:0,(anonymous_2)
FNDA:0,(anonymous_3)
DA:9,11
DA:10,0
DA:12,0
DA:14,0
DA:16,0
DA:18,0
DA:20,0
DA:22,0
DA:24,0
DA:26,0
DA:28,0
DA:37,11
DA:38,0
DA:39,0
DA:51,11
DA:57,0
DA:74,0
DA:75,0
DA:78,0
DA:79,0
DA:88,11
DA:90,0
DA:91,0
DA:98,0
DA:99,0
DA:106,0
DA:124,0
DA:125,0
DA:126,0
DA:132,0
LF:30
LH:4
BRDA:10,0,0,0
BRDA:10,0,1,0
BRDA:10,0,2,0
BRDA:10,0,3,0
BRDA:10,0,4,0
BRDA:10,0,5,0
BRDA:10,0,6,0
BRDA:10,0,7,0
BRDA:10,0,8,0
BRDA:38,1,0,0
BRDA:38,1,1,0
BRDA:55,2,0,0
BRDA:74,3,0,0
BRDA:74,3,1,0
BRDA:90,4,0,0
BRDA:90,4,1,0
BRDA:98,5,0,0
BRDA:98,5,1,0
BRDA:124,6,0,0
BRDA:124,6,1,0
BRDA:125,7,0,0
BRDA:125,7,1,0
BRF:22
BRH:0
end_of_record
TN:
SF:src\utils\logger.js
FN:24,(anonymous_0)
FN:31,(anonymous_1)
FN:60,(anonymous_2)
FN:64,(anonymous_3)
FN:81,(anonymous_4)
FN:96,(anonymous_5)
FN:113,(anonymous_6)
FN:129,(anonymous_7)
FN:163,(anonymous_8)
FN:184,(anonymous_9)
FN:185,(anonymous_10)
FN:186,(anonymous_11)
FN:187,(anonymous_12)
FNF:13
FNH:13
FNDA:3656,(anonymous_0)
FNDA:17007,(anonymous_1)
FNDA:5,(anonymous_2)
FNDA:15096,(anonymous_3)
FNDA:2002,(anonymous_4)
FNDA:2002,(anonymous_5)
FNDA:2002,(anonymous_6)
FNDA:2002,(anonymous_7)
FNDA:2002,(anonymous_8)
FNDA:3,(anonymous_9)
FNDA:8,(anonymous_10)
FNDA:19,(anonymous_11)
FNDA:1972,(anonymous_12)
DA:3,13
DA:4,13
DA:5,13
DA:24,13
DA:25,3656
DA:31,13
DA:32,17007
DA:33,0
DA:36,17007
DA:37,594
DA:40,16413
DA:45,12736
DA:46,0
DA:48,12736
DA:51,3677
DA:52,18
DA:59,3659
DA:60,5
DA:63,3656
DA:64,3656
DA:65,15096
DA:66,15096
DA:68,15096
DA:69,0
DA:71,15096
DA:74,15096
DA:78,0
DA:81,13
DA:82,2002
DA:89,2002
DA:90,1906
DA:93,2002
DA:96,13
DA:97,2002
DA:98,2002
DA:100,2002
DA:101,96
DA:104,1906
DA:110,1906
DA:113,13
DA:114,2002
DA:115,0
DA:116,0
DA:117,0
DA:120,2002
DA:121,19
DA:122,1983
DA:123,8
DA:125,1975
DA:129,13
DA:130,2002
DA:131,0
DA:138,2002
DA:139,0
DA:146,2002
DA:147,16
DA:154,1986
DA:161,13
DA:163,13
DA:164,2002
DA:166,2002
DA:167,0
DA:170,2002
DA:171,0
DA:174,2002
DA:180,2002
DA:183,13
DA:184,3
DA:185,8
DA:186,19
DA:187,1972
LF:71
LH:60
BRDA:25,0,0,3656
BRDA:25,0,1,3656
BRDA:25,0,2,3656
BRDA:25,0,3,3656
BRDA:25,0,4,3656
BRDA:31,1,0,1906
BRDA:32,2,0,0
BRDA:32,2,1,17007
BRDA:36,3,0,594
BRDA:36,3,1,16413
BRDA:36,4,0,17007
BRDA:36,4,1,17007
BRDA:40,5,0,12736
BRDA:40,5,1,3677
BRDA:41,6,0,16413
BRDA:41,6,1,14506
BRDA:41,6,2,3688
BRDA:45,7,0,0
BRDA:45,7,1,12736
BRDA:45,8,0,12736
BRDA:45,8,1,12736
BRDA:51,9,0,18
BRDA:51,9,1,3659
BRDA:55,10,0,0
BRDA:55,10,1,18
BRDA:59,11,0,3
BRDA:59,11,1,3656
BRDA:63,12,0,3656
BRDA:63,12,1,0
BRDA:68,13,0,0
BRDA:68,13,1,15096
BRDA:89,14,0,1906
BRDA:89,14,1,96
BRDA:89,15,0,2002
BRDA:89,15,1,1906
BRDA:100,16,0,96
BRDA:100,16,1,1906
BRDA:114,17,0,0
BRDA:114,17,1,2002
BRDA:115,18,0,0
BRDA:115,18,1,0
BRDA:120,19,0,19
BRDA:120,19,1,1983
BRDA:122,20,0,8
BRDA:122,20,1,1975
BRDA:130,21,0,0
BRDA:130,21,1,2002
BRDA:133,22,0,0
BRDA:133,22,1,0
BRDA:138,23,0,0
BRDA:138,23,1,2002
BRDA:138,24,0,2002
BRDA:138,24,1,2002
BRDA:140,25,0,0
BRDA:140,25,1,0
BRDA:141,26,0,0
BRDA:141,26,1,0
BRDA:141,26,2,0
BRDA:146,27,0,16
BRDA:146,27,1,1986
BRDA:146,28,0,2002
BRDA:146,28,1,2002
BRDA:155,29,0,1986
BRDA:155,29,1,0
BRDA:156,30,0,1986
BRDA:156,30,1,0
BRDA:166,31,0,0
BRDA:166,31,1,2002
BRDA:166,32,0,2002
BRDA:166,32,1,2002
BRDA:170,33,0,0
BRDA:170,33,1,2002
BRDA:170,34,0,2002
BRDA:170,34,1,0
BRF:74
BRH:52
end_of_record
TN:
SF:src\utils\pagination.js
FN:1,(anonymous_0)
FN:13,(anonymous_1)
FNF:2
FNH:2
FNDA:12,(anonymous_0)
FNDA:12,(anonymous_1)
DA:1,11
DA:2,12
DA:3,12
DA:5,12
DA:7,12
DA:8,12
DA:10,12
DA:13,12
LF:8
LH:8
BRDA:5,0,0,11
BRDA:5,0,1,1
BRDA:5,1,0,12
BRDA:5,1,1,1
BRDA:7,2,0,11
BRDA:7,2,1,1
BRDA:7,3,0,12
BRDA:7,3,1,1
BRF:8
BRH:8
end_of_record
TN:
SF:src\utils\responseHelpers.js
FN:1,(anonymous_0)
FN:14,(anonymous_1)
FNF:2
FNH:0
FNDA:0,(anonymous_0)
FNDA:0,(anonymous_1)
DA:1,11
DA:7,0
DA:14,11
DA:21,0
DA:26,0
DA:27,0
DA:29,0
LF:7
LH:2
BRDA:4,0,0,0
BRDA:5,1,0,0
BRDA:18,2,0,0
BRDA:19,3,0,0
BRDA:26,4,0,0
BRDA:26,4,1,0
BRF:6
BRH:0
end_of_record
TN:
SF:src\utils\socketManager.js
FN:15,(anonymous_0)
FN:18,(anonymous_1)
FN:66,(anonymous_2)
FN:70,(anonymous_3)
FN:141,(anonymous_4)
FN:146,(anonymous_5)
FN:156,(anonymous_6)
FN:169,(anonymous_7)
FN:191,(anonymous_8)
FN:213,(anonymous_9)
FN:231,(anonymous_10)
FN:256,(anonymous_11)
FN:284,(anonymous_12)
FN:316,(anonymous_13)
FNF:14
FNH:2
FNDA:0,(anonymous_0)
FNDA:0,(anonymous_1)
FNDA:0,(anonymous_2)
FNDA:0,(anonymous_3)
FNDA:0,(anonymous_4)
FNDA:0,(anonymous_5)
FNDA:0,(anonymous_6)
FNDA:30,(anonymous_7)
FNDA:18,(anonymous_8)
FNDA:0,(anonymous_9)
FNDA:0,(anonymous_10)
FNDA:0,(anonymous_11)
FNDA:0,(anonymous_12)
FNDA:0,(anonymous_13)
DA:4,11
DA:6,11
DA:7,11
DA:15,11
DA:16,0
DA:20,0
DA:21,0
DA:25,0
DA:26,0
DA:32,0
DA:37,0
DA:38,0
DA:39,0
DA:41,0
DA:46,0
DA:49,0
DA:55,0
DA:56,0
DA:66,0
DA:67,0
DA:70,0
DA:71,0
DA:73,0
DA:74,0
DA:75,0
DA:76,0
DA:77,0
DA:78,0
DA:80,0
DA:81,0
DA:82,0
DA:83,0
DA:87,0
DA:90,0
DA:94,0
DA:95,0
DA:96,0
DA:97,0
DA:98,0
DA:99,0
DA:100,0
DA:101,0
DA:104,0
DA:105,0
DA:107,0
DA:108,0
DA:110,0
DA:111,0
DA:112,0
DA:114,0
DA:118,0
DA:119,0
DA:120,0
DA:121,0
DA:122,0
DA:123,0
DA:124,0
DA:126,0
DA:128,0
DA:131,0
DA:132,0
DA:133,0
DA:136,0
DA:137,0
DA:141,0
DA:142,0
DA:146,0
DA:147,0
DA:151,0
DA:152,0
DA:156,11
DA:157,0
DA:158,0
DA:160,0
DA:169,11
DA:170,30
DA:171,30
DA:172,30
DA:175,0
DA:176,0
DA:177,0
DA:179,0
DA:181,0
DA:191,11
DA:192,18
DA:193,18
DA:194,18
DA:197,0
DA:198,0
DA:199,0
DA:201,0
DA:203,0
DA:213,11
DA:214,0
DA:216,0
DA:217,0
DA:224,0
DA:231,11
DA:236,0
DA:237,0
DA:238,0
DA:241,0
DA:242,0
DA:243,0
DA:244,0
DA:245,0
DA:246,0
DA:247,0
DA:250,0
DA:251,0
DA:252,0
DA:255,0
DA:256,0
DA:257,0
DA:259,0
DA:260,0
DA:261,0
DA:264,0
DA:272,0
DA:273,0
DA:274,0
DA:284,11
DA:285,0
DA:286,0
DA:287,0
DA:290,0
DA:291,0
DA:292,0
DA:293,0
DA:295,0
DA:296,0
DA:297,0
DA:299,0
DA:306,0
DA:307,0
DA:316,11
DA:317,0
DA:319,0
LF:138
LH:17
BRDA:7,0,0,11
BRDA:7,0,1,11
BRDA:20,1,0,0
BRDA:20,1,1,0
BRDA:25,2,0,0
BRDA:25,2,1,0
BRDA:26,3,0,0
BRDA:26,3,1,0
BRDA:27,4,0,0
BRDA:27,4,1,0
BRDA:27,4,2,0
BRDA:27,4,3,0
BRDA:41,5,0,0
BRDA:41,5,1,0
BRDA:42,6,0,0
BRDA:42,6,1,0
BRDA:42,6,2,0
BRDA:80,7,0,0
BRDA:80,7,1,0
BRDA:80,8,0,0
BRDA:80,8,1,0
BRDA:90,9,0,0
BRDA:90,9,1,0
BRDA:90,9,2,0
BRDA:90,9,3,0
BRDA:94,10,0,0
BRDA:94,10,1,0
BRDA:118,11,0,0
BRDA:118,11,1,0
BRDA:157,12,0,0
BRDA:157,12,1,0
BRDA:170,13,0,30
BRDA:170,13,1,0
BRDA:177,14,0,0
BRDA:177,14,1,0
BRDA:183,15,0,0
BRDA:183,15,1,0
BRDA:192,16,0,18
BRDA:192,16,1,0
BRDA:199,17,0,0
BRDA:199,17,1,0
BRDA:205,18,0,0
BRDA:205,18,1,0
BRDA:214,19,0,0
BRDA:214,19,1,0
BRDA:236,20,0,0
BRDA:236,20,1,0
BRDA:251,21,0,0
BRDA:251,21,1,0
BRDA:259,22,0,0
BRDA:259,22,1,0
BRDA:285,23,0,0
BRDA:285,23,1,0
BRDA:296,24,0,0
BRDA:296,24,1,0
BRDA:317,25,0,0
BRDA:317,25,1,0
BRF:57
BRH:4
end_of_record
TN:
SF:src\utils\tenantResolver.js
FN:1,(anonymous_0)
FN:7,(anonymous_1)
FN:10,(anonymous_2)
FNF:3
FNH:0
FNDA:0,(anonymous_0)
FNDA:0,(anonymous_1)
FNDA:0,(anonymous_2)
DA:1,11
DA:2,0
DA:7,11
DA:8,0
DA:10,11
DA:11,0
DA:12,0
DA:13,0
DA:16,0
DA:17,0
DA:18,0
DA:21,0
DA:22,0
DA:23,0
DA:24,0
DA:27,0
DA:28,0
DA:29,0
DA:32,0
LF:19
LH:3
BRDA:1,0,0,0
BRDA:2,1,0,0
BRDA:2,1,1,0
BRDA:12,2,0,0
BRDA:12,2,1,0
BRDA:17,3,0,0
BRDA:17,3,1,0
BRDA:21,4,0,0
BRDA:21,4,1,0
BRDA:22,5,0,0
BRDA:22,5,1,0
BRDA:22,6,0,0
BRDA:22,6,1,0
BRDA:24,7,0,0
BRDA:24,7,1,0
BRDA:28,8,0,0
BRDA:28,8,1,0
BRDA:29,9,0,0
BRDA:29,9,1,0
BRF:19
BRH:0
end_of_record
TN:
SF:tests\testUtils.js
FN:10,(anonymous_0)
FN:12,(anonymous_1)
FN:16,(anonymous_2)
FN:26,(anonymous_3)
FN:30,(anonymous_4)
FN:48,(anonymous_5)
FN:58,(anonymous_6)
FN:65,(anonymous_7)
FN:72,(anonymous_8)
FN:79,(anonymous_9)
FN:173,(anonymous_10)
FNF:11
FNH:11
FNDA:92,(anonymous_0)
FNDA:198,(anonymous_1)
FNDA:292,(anonymous_2)
FNDA:98,(anonymous_3)
FNDA:10,(anonymous_4)
FNDA:481,(anonymous_5)
FNDA:194,(anonymous_6)
FNDA:192,(anonymous_7)
FNDA:95,(anonymous_8)
FNDA:97,(anonymous_9)
FNDA:3,(anonymous_10)
DA:9,10
DA:10,92
DA:12,10
DA:13,198
DA:16,10
DA:23,292
DA:26,10
DA:27,98
DA:30,10
DA:38,10
DA:48,10
DA:49,481
DA:50,481
DA:51,2
DA:55,479
DA:58,10
DA:59,194
DA:62,194
DA:65,10
DA:66,192
DA:69,192
DA:72,10
DA:73,95
DA:76,95
DA:79,10
DA:80,97
DA:87,97
DA:94,97
DA:102,97
DA:110,97
DA:118,97
DA:125,97
DA:129,97
DA:133,96
DA:137,96
DA:141,95
DA:146,95
DA:153,0
DA:158,95
DA:173,10
LF:40
LH:39
BRDA:34,0,0,0
BRDA:35,1,0,0
BRDA:36,2,0,8
BRDA:50,3,0,2
BRDA:50,3,1,479
BRDA:50,4,0,481
BRDA:50,4,1,479
BRDA:146,5,0,0
BRDA:146,5,1,95
BRDA:147,6,0,95
BRDA:147,6,1,95
BRDA:147,6,2,95
BRDA:147,6,3,95
BRDA:147,6,4,95
BRF:14
BRH:11
end_of_record
